number,value,params_colsample_bytree,params_input_magnitude,params_leak_rate,params_learning_rate,params_max_depth,params_min_child_weight,params_n_estimators,params_reg_alpha,params_reg_lambda,params_res_size,params_spectral_radius,params_subsample,params_washout,user_attrs_duration_seconds,user_attrs_mean_fold_nrmse_training_range,user_attrs_objective_J,user_attrs_pooled_mae,user_attrs_pooled_nrmse_range,user_attrs_pooled_r2,user_attrs_pooled_rmse,user_attrs_prediction_range_coverage,user_attrs_sd_fold_nrmse_training_range,user_attrs_worst_fold_nrmse_training_range,state
0,0.2813512397196995,0.85,1.0,0.1,0.05,3,1.0,500,0.0001,1.0,20,0.9,0.85,0,103.92871209979057,0.16123384034876093,0.2813512397196995,4403.239240798952,0.2170279730950812,0.4823137841973232,8064.348220489511,0.9064640889892732,0.25729306649847317,1.0384174802128072,COMPLETE
1,0.27941064071435323,0.9,1.0,0.3,0.03,4,0.5,800,1e-05,0.3,50,1.1,0.9,0,325.66665659984574,0.16600461546020978,0.27941064071435323,4526.913192052466,0.21713381434755646,0.48180872563332355,8068.281080866359,0.9999210969057832,0.24910730546718715,1.0076811124362806,COMPLETE
2,0.29264776978313667,0.5446620555599195,1.7541346645212776,0.5347070804948526,0.08117591758518575,6,2.805864209866754,605,2.3030553541554313,21.262586533691977,53,1.0973313300467673,0.7142563365118473,3,292.30920189991593,0.17430090027286696,0.29264776978313667,4832.488520479823,0.2284764093836713,0.4262563359324023,8489.750418623811,0.8849173928024906,0.25668544159786133,1.0265110484999458,COMPLETE
3,0.2755555774823762,0.9382009702256318,1.739072123707654,0.32770317956728734,0.1167624256877035,3,1.1057929127091248,803,2.056169417196287,0.14071550913495803,51,1.3710002457938013,0.7881822557441351,5,216.5263677998446,0.1589414825433131,0.2755555774823762,4338.239156685928,0.21318155586487078,0.5005012248681008,7921.4226450287015,0.924705552244709,0.2494960864700217,1.0029171004544597,COMPLETE
4,0.2759689762098819,0.40224569461001386,0.32813306869226033,0.8246044028081915,0.019595423841921953,2,5.067883622266692,935,0.00410384839136738,0.014145808562966301,17,0.9552296714212434,0.8691469025317455,1,101.61485880007967,0.15200129744801646,0.2759689762098819,4155.764277546458,0.2117381093804749,0.5072425099029312,7867.786908944533,0.7912958162048598,0.256923467317628,1.0290038732239755,COMPLETE
5,0.2770518094449641,0.928783815029346,1.477074045702355,0.2889892621347669,0.12175792679005591,2,0.32130899171422184,265,0.0013371236581146446,9.733425888272647,30,0.6089585950739692,0.8901208653687834,2,95.60184949985705,0.15811262950043772,0.2770518094449641,4356.152692771718,0.21444925346381827,0.49454295969749473,7968.527885567036,0.9734477818809284,0.2504102239245834,0.9987609229433172,COMPLETE
6,0.28180191189184817,0.7921040155567369,0.5153624683279975,0.24816852203876277,0.05803247884235026,2,0.37829347105592864,414,0.0004521302243829868,0.016714849815395297,31,1.0927864096432374,0.9317537621305596,2,111.74245319981128,0.16343269241897082,0.28180191189184817,4482.745724162584,0.21814808520025203,0.47695629063993206,8105.9694637479815,0.8856025358681978,0.2546153067663845,1.025157472495037,COMPLETE
7,0.27226288232604495,0.4641463678662225,0.6777145047137225,0.24493298945410658,0.03177785659658285,6,7.524137888871763,657,0.00034855010603111145,3.0256718595160716,14,0.3323945711559432,0.8551840478821253,1,140.13560610008426,0.15518413350830632,0.27226288232604495,4269.169820833951,0.2100077426915363,0.5152634290486973,7803.489761762391,0.8651961095503888,0.24902055853803454,1.0020319915168423,COMPLETE
8,0.2767186780233014,0.635874473646062,0.7222533637349401,0.7625974566689393,0.06915031237128332,5,2.5885973254985113,213,0.03441895888064191,0.12909899351589266,39,0.4685642956704348,0.7349964211378814,0,150.760436499957,0.16182661180235783,0.2767186780233014,4397.053400433956,0.21409858826987352,0.49619464439810956,7955.4978314572045,0.976635630856586,0.2504803590137116,1.0150715515343351,COMPLETE
9,0.29563813871083017,0.9550801464242866,0.28678846550340403,0.9317204590930128,0.0679217746455505,6,0.11644482980609651,1118,1.691997422579532e-05,3.116236719552828,41,1.053118693366834,0.755417751312593,3,344.0640279999934,0.17648911785892,0.29563813871083017,4930.379433971319,0.23056465420398486,0.41572052126184766,8567.34563900245,0.9598336929323373,0.26029393802738127,1.045832874808733,COMPLETE
10,0.28602624569067714,0.4019310417770573,1.529810124276432,0.811874447607354,0.024905029061433673,5,0.6520762643201525,270,6.632011490550173e-06,2.168887777543897,75,1.1464986172137022,0.7460631989399845,0,287.42327279993333,0.1694557334201041,0.28602624569067714,4683.803112664561,0.22243578928618757,0.4561933637159036,8265.292422545792,0.8684104101640531,0.2543618256179583,1.02500458854827,COMPLETE
11,0.2800058457685224,0.7117448519065102,0.5929707003854217,0.8758717168111325,0.01637748270024996,6,7.9374954476079,840,1.8478856839915143e-05,3.091563563729864,50,0.5808017759628432,0.8129628961300991,1,466.2185398999136,0.16745356133573894,0.2800058457685224,4568.904934339061,0.21781173507566387,0.4785679499092921,8093.471330488931,0.9347023094771505,0.24877644277143415,1.007960763040874,COMPLETE
12,0.2834695498764389,0.632923362431492,1.3519090505614784,0.6454032968559579,0.06624252017690593,3,0.1182607536770186,940,1.3630366052408704,6.752551117803359,69,1.1539683325247065,0.716808337172194,4,374.7099533001892,0.1638716108166139,0.2834695498764389,4507.456783521616,0.21951635752844786,0.4703744254763458,8156.811870639912,0.9371419670952292,0.2558127693919643,1.0269756419323095,COMPLETE
13,0.27707715458580406,0.43281799994386194,0.29584884943192513,0.6550729056968877,0.031926282953907044,4,0.16295424914088455,484,0.00400918552178815,0.14278802245977804,11,1.0133681109420485,0.9727008904237721,3,83.4075293999631,0.15727918061522697,0.27707715458580406,4323.5230124557165,0.2133983222896519,0.49948491169893605,7929.477274609468,0.9189530613028094,0.2547153291846086,1.0266397085942036,COMPLETE
14,0.28978132516425514,0.4660094730566765,1.4713319100709423,0.27122854906636723,0.07045330279001737,5,0.7613109343932993,376,2.51222125540423e-06,0.26892012861936,43,1.1442951391907143,0.8741043994064042,4,213.9016455002129,0.1729763260158555,0.28978132516425514,4720.108712988495,0.22545629081161164,0.4413241633047299,8377.52853549547,0.9377294223266308,0.2573001374105739,1.040702728131193,COMPLETE
15,0.2935217738322957,0.5315879490844398,0.49127768587657894,0.2694129786737311,0.1426912510047573,5,0.12114028886098743,707,1.5727604491825182e-06,0.07010211314435617,26,1.4459244808887006,0.6754447643138692,3,132.90256050019525,0.1695598053413739,0.2935217738322957,4659.630201614113,0.22711061609518232,0.43309531846173777,8439.0001281497,1.0,0.26564463094845353,1.0684197234470536,COMPLETE
16,0.2802138391054815,0.7456238989205892,0.9305048393971361,0.5763049440261531,0.023723263009667487,6,6.310347962962917,531,0.025284160305374354,0.30804884965454593,22,1.2514105491241228,0.8504712725740328,1,167.04360530013219,0.16344572127264612,0.2802138391054815,4566.926287133829,0.21704771927721472,0.4822195770663612,8065.081951199331,0.9610937939480569,0.252664479313067,1.0192334737149982,COMPLETE
17,0.28649565443270836,0.6220782138164671,0.767082194037532,0.7999878349380788,0.01528040630447445,5,2.2037371047672285,1000,0.0959047275628541,7.043523613783707,33,1.2973876997191032,0.8041491152201593,5,337.0857475998346,0.16400333065306263,0.28649565443270836,4556.624772608473,0.22123359346287735,0.4620556881129153,8220.621103866773,0.7632016334786148,0.26104824387932407,1.049914069448207,COMPLETE
18,0.2834263771249054,0.8932137311588231,0.9654080906897906,0.3521618270420718,0.01650151548185395,3,4.7448133594810304,1018,2.165496527807296,1.0456828802213047,45,0.7835883851155845,0.8577120418397559,2,295.8693366001826,0.16807328583565986,0.2834263771249054,4647.639090482944,0.22063667685645488,0.4649546574144495,8198.440813906296,0.8923876515016979,0.25115880107380223,1.0098611834607483,COMPLETE
19,0.28114136901620174,0.7802352308875271,0.7543675564291191,0.4711484598975215,0.16098801063596577,3,1.0834296512343666,682,0.0014107073049685088,0.0374802761416516,29,0.3620949386646648,0.6882270124808396,5,156.29373849998228,0.1643400354709644,0.28114136901620174,4516.790067826582,0.21805085139994576,0.47742245281902873,8102.35643998294,0.9621967573430817,0.2523620704650239,1.0157548465403503,COMPLETE
20,0.28030217374560396,0.5044448101856421,0.5303431888318924,0.27308965610802266,0.019866664051797392,5,4.932743818435116,560,0.00018880639010225624,3.504071112178612,16,0.3975985593320983,0.8730541885700848,0,126.85580760007724,0.16122755478367587,0.28030217374560396,4432.649102662211,0.21647984193098654,0.4849254439619588,8043.980705119384,0.8962498067344762,0.25528932725846953,1.0292641840036576,COMPLETE
21,0.270007688999222,0.4629701351326639,0.3596943200709774,0.8166053734680376,0.04045687849775358,2,5.732179600110452,860,0.015182122118455705,0.02105146717581522,11,0.8265276809865134,0.810476408862635,1,77.723468599841,0.1501244999901781,0.270007688999222,4079.862569439745,0.20746996908091164,0.5269079424219951,7709.190903375688,0.8385169967178752,0.2501508796732414,1.0029734254047022,COMPLETE
22,0.2764549603578512,0.9052665726586505,1.426567820640951,0.342729955267423,0.11740154659249671,3,3.3364115945085953,882,0.006128298797904739,0.1372464886432952,44,1.4946910342338182,0.7779259525001425,4,240.02677530003712,0.15832433426880885,0.2764549603578512,4300.639181937413,0.21357113351511348,0.4986739433016866,7935.898612276946,0.9187438743142077,0.25153530737095087,1.0107504771844653,COMPLETE
23,0.28107296858587855,0.8346312556561055,1.5423824021979387,0.6716521042995094,0.18881784005216193,4,0.5893736291302386,922,0.8549878911775954,0.014589110113323233,69,1.2873068527886682,0.8383907471166645,5,283.63195650000125,0.1674744068641932,0.28107296858587855,4631.636724254072,0.2189555258733135,0.4730771976629128,8135.972429089695,0.8438086446821454,0.24846977085026015,1.0002798298609064,COMPLETE
24,0.2818365997078877,0.8459251046980538,1.2845391360189222,0.30878846204419275,0.0892129709888883,3,0.6681938854308415,600,2.8534992873755693,0.2761650795322652,50,0.9660048231759627,0.8122603416269599,5,205.623801499838,0.16379007919389363,0.2818365997078877,4534.694160544149,0.21876897331143144,0.47397470342312664,8129.040489400141,0.9162581083588247,0.2522705055858251,1.0093745350951049,COMPLETE
25,0.28133742935510764,0.48121630507081503,1.1344158213718087,0.46851416343415664,0.043515335894511106,6,4.0880914668787325,752,0.0013928018821210695,7.586690516696533,11,0.3815576561800263,0.851294405114921,2,143.08738169982098,0.16064843219862926,0.28133742935510764,4413.528494666994,0.217109022614676,0.48192705014472603,8067.359867051908,0.9139315707605139,0.2569136269617266,1.0335851205863749,COMPLETE
26,0.28113011852354486,0.4346036930378395,0.46057398772310587,0.7687246559899924,0.06167704026280964,2,3.1745946968678873,836,0.4233594064480313,0.07096400744600381,12,1.1086079447606243,0.6748771214724886,0,76.87729750014842,0.15820703773224506,0.28113011852354486,4363.394359381368,0.2166947989062815,0.4839020337670179,8051.968098986083,0.9346275458597386,0.25774127846905337,1.0315842644676696,COMPLETE
27,0.2888685605103239,0.9982685569666103,1.5750665516712823,0.20688514775084293,0.0776270441706928,4,0.5593844357764958,820,0.2606025209493302,0.24467105140115977,70,1.3957706460656267,0.878627314042784,5,346.8791635998059,0.17578759268924,0.2888685605103239,4784.497526100895,0.22547184330115722,0.44124708317744743,8378.10643653561,0.9378185422045862,0.2535868688366667,1.030037325805623,COMPLETE
28,0.2798504465316485,0.47205639860492304,0.8637765826322615,0.0650136188308438,0.07394373008447926,6,8.305814556789052,822,9.004465556293814e-05,0.6616888890296959,32,0.6553807599454474,0.8388589720266497,1,279.27406150009483,0.1608019861277516,0.2798504465316485,4420.690417948399,0.21627952420492635,0.4858782423861152,8036.537278013431,0.947734985141113,0.2542836893068884,1.022705742396371,COMPLETE
29,0.28577008763151585,0.9756748088831881,1.9948083838461268,0.4467138244803122,0.12227531926803402,3,0.9990646615690195,583,0.6927597345367756,0.014847344512934084,40,1.412858102064155,0.8145014034262424,5,183.45272769988514,0.1672473232956156,0.28577008763151585,4556.417754426968,0.2213871700846938,0.46130856518232943,8226.327720111638,0.9218910973850847,0.2575316701872882,1.0405685120115198,COMPLETE
30,0.2808942919904632,0.959078680200613,1.7036944480411529,0.26318359839122896,0.12586032185623183,4,1.2618300705320058,967,1.2269075052488956,0.07080195590842589,44,1.1598586804354785,0.7813685826736673,3,220.14337269985117,0.16859244413914226,0.2808942919904632,4660.761846045005,0.21931337475416698,0.47135344285583103,8149.269415392243,0.9361860372204475,0.2463236689451847,0.9901527432436401,COMPLETE
31,0.28030051854882243,0.4309223497305028,0.47887995893174096,0.8169897557927284,0.025861430607991256,2,6.640321319818914,936,0.11624043071810801,0.01515449364244196,20,0.7250071171776696,0.8533345798018378,2,114.50409090006724,0.1577089237648833,0.28030051854882243,4328.432037656653,0.21586789226434025,0.487833374728709,8021.2418151280635,0.881419383013242,0.2577305051379288,1.0338392118583917,COMPLETE
32,0.2764057088089378,0.7594263975324402,0.5146280783344324,0.8109981681658351,0.037138680535963565,2,2.0356527281195533,584,0.2692801475527775,0.11226341376661682,16,0.3350354523953037,0.7847407661566974,1,82.07186910021119,0.15574124570410514,0.2764057088089378,4283.849648967312,0.21275134471037385,0.5025152181937766,7905.436813761309,0.9214002640967911,0.25461745639425576,1.0236593558381877,COMPLETE
33,0.28285986658871365,0.4488354906760387,0.45961478435382164,0.8488910928276864,0.029856819137969146,3,3.455435907826431,1046,6.7286296248351695e-06,0.019599803273017403,35,1.0888854154531404,0.8575579875055509,0,225.03680240013637,0.16261617569535503,0.28285986658871365,4467.805440883518,0.2187136936789486,0.47424050721406863,8126.9864030098715,0.9708422114433053,0.2565846916390601,1.0308961323952728,COMPLETE
34,0.27999689689124563,0.4908195335682593,0.37944617277254455,0.3442442114164353,0.019987611029272843,3,4.280663600475881,725,0.002001099622366615,0.0932754231232978,13,1.1802370905699504,0.8095188333860215,0,94.63936990010552,0.1572568442044897,0.27999689689124563,4275.834064080666,0.2154305700401635,0.4899064478968186,8004.991749986575,0.8831962817302367,0.2582653074043284,1.037558458387204,COMPLETE
35,0.27499825518613946,0.5810851738548017,0.41834060377270677,0.8210081432260767,0.02911519450959591,2,1.2164461709641619,1081,0.46531665711370235,0.1322249845333063,20,1.275328045303355,0.9670184785650717,0,126.94566239998676,0.15564964679127644,0.27499825518613946,4315.299512980126,0.21201916668894907,0.5059334870642235,7878.230465934564,0.8559653692648929,0.2519163539887616,1.0108990216774036,COMPLETE
36,0.2714690897631609,0.5618653677850167,0.6556517848298999,0.6692919773286211,0.023841339265583482,2,0.7382246812131964,934,0.25755487808309396,0.21696148969339,13,0.8091084698162924,0.9838501930698155,1,89.16267920006067,0.14942991265193464,0.2714690897631609,4112.232693006605,0.20830006230735398,0.523114659594917,7740.035594675312,0.9432108382884783,0.25267610982322775,1.0114791500923295,COMPLETE
37,0.2785968053148273,0.4210129481276961,0.34284268991551003,0.8677863797605516,0.025125433628807203,2,0.405626879298106,1105,1.1137633001408729,0.6905840426300547,36,1.2259347351847163,0.9264619209809535,0,181.38666710001417,0.15624974920482088,0.2785968053148273,4329.388814192246,0.21456502687940068,0.49399705633760105,7972.829806303876,0.7814782497672463,0.2561271137417063,1.025464391520325,COMPLETE
38,0.27647589419064583,0.6550149406291428,1.145729093586559,0.7885679811587155,0.04624720753956745,2,0.38134458371437585,882,0.013649686939655948,0.4183289306077856,10,0.7649446635349911,0.8926373718325356,2,74.97982989996672,0.15658636583878138,0.27647589419064583,4262.690366766085,0.21329114891293824,0.49998752504152655,7925.494915020246,0.983857984207305,0.2527389811108304,1.012867895209968,COMPLETE
39,0.2741257479140822,0.6530879164919813,0.6803310854119435,0.8102278792077754,0.047082778318079825,2,2.02266170073796,1079,0.4187344728382193,0.05090662420220738,36,1.1075639167223392,0.9267705313113286,1,189.51687989989296,0.15555243051963133,0.2741257479140822,4295.892625307239,0.21140877047586137,0.508774194525185,7855.549299333746,0.819886772736863,0.2508679097528831,1.0073572695564474,COMPLETE
40,0.2757243475292388,0.7727106483709834,0.579055204318089,0.7857568000021341,0.07685477096122222,3,2.876118476816607,1136,0.5156141504342849,0.06172857821972983,49,1.3676238547999644,0.9439684050023848,2,266.2020064999815,0.15793020238066843,0.2757243475292388,4366.6133236777005,0.21315548317886918,0.5006233975230319,7920.453833423627,0.8388072435966134,0.2502754574014786,1.0038724667102545,COMPLETE
41,0.27500367970889195,0.6642191467646943,0.5896292793830062,0.6415191882584462,0.03160271709304722,2,2.889055192989545,1102,0.3199187205810274,0.5435056274456863,16,1.0140628578482809,0.9967552187866784,0,110.49926989991218,0.15583150976535792,0.27500367970889195,4275.145598645346,0.21199074367776036,0.506065946001412,7877.1743206993115,0.8263839111710871,0.25205174412452647,1.012517222762126,COMPLETE
42,0.28108126543478223,0.5614086315763803,0.6843929150310423,0.8081887982520497,0.01516413635995176,3,0.9153623132647647,1186,0.009536594552017472,0.01804472895419635,21,1.3135221654028288,0.9062905657679661,1,160.65778949996457,0.15691050217159488,0.28108126543478223,4304.203297957032,0.21614017804618463,0.4865405132474234,8031.359438810239,0.9284854213620021,0.2597643495543904,1.0417156898896947,COMPLETE
43,0.27291001656719915,0.643067260009066,0.6833787330716689,0.7622655801920624,0.04508385490979617,2,0.8155091906474282,1002,0.5283542541904107,0.06244456261287135,24,0.5141140188679099,0.9808318601232404,1,136.25529290013947,0.15403856333027166,0.27291001656719915,4206.769539308182,0.20989797869729454,0.5157700076809291,7799.411139734946,0.9533164878138028,0.25204815147961834,1.0163537927623563,COMPLETE
44,0.29015241384267343,0.48168098451498387,0.9030926421405814,0.8162683161954907,0.019883458908790345,2,0.35490627414850934,540,0.1909750724630948,0.15119934987444203,13,0.9146467581695749,0.9961415726820583,1,70.09004859998822,0.1626254616885659,0.29015241384267343,4527.456034095209,0.22336221805517412,0.45165410089891334,8299.716760054182,0.721257008827754,0.26716078314999714,1.0705759368275634,COMPLETE
45,0.27859439185549156,0.6373925438024035,0.8807575425313854,0.9042571433522062,0.01983113632630369,2,1.6764774688864437,928,0.2967399802600013,0.030601113077904075,39,0.3414337265007771,0.9795110990527253,1,191.2955607001204,0.15805239561859508,0.27859439185549156,4364.458342021275,0.21473865637200523,0.49317779344737234,7979.2815492278005,0.8744670959564016,0.2554229419339454,1.0270001112527523,COMPLETE
46,0.28158557391828715,0.6193227526814361,0.677086591614671,0.5410863889819428,0.042430960356251365,3,0.6527795281268616,963,0.042339069205165385,0.01800252955961844,27,0.562609351748456,0.9975142709687032,2,188.26072609983385,0.16353019324580684,0.28158557391828715,4459.8999409437,0.21804608013835952,0.4774453220431717,8102.179148943754,0.9751595682280753,0.25415797511971056,1.0233329396992565,COMPLETE
47,0.27393412874295797,0.42818948672219825,0.3536506076916319,0.6056431194660148,0.034300008736614866,3,0.6016991176115183,797,0.13471767148924102,1.3427211430399126,27,0.5544485772835389,0.9862935950225329,1,165.1025904000271,0.15632507025649564,0.27393412874295797,4257.759951625898,0.21108819020615438,0.5102628546366685,7843.637143998806,0.8782146083810459,0.2513837541472145,1.0148717439002455,COMPLETE
48,0.28170548698469033,0.5093929836416604,0.4332501447268347,0.34973841512089626,0.028607926371046463,2,1.7332577253117405,665,2.0183767262218013,3.4710025379156653,42,0.45800943778468406,0.930264173949969,1,169.56940629985183,0.15836440757442166,0.28170548698469033,4401.166136135963,0.2170456597328142,0.4822294033544684,8065.005422432166,0.7318383344282804,0.25863930900750454,1.0357639535086147,COMPLETE
49,0.27667787540021205,0.40484947979358993,0.7545957673433177,0.5673319335908886,0.04302503521709161,3,0.5225812946667937,918,0.006324014735941989,5.385660651290909,40,0.4377031674146197,0.9941576194029208,0,237.123104600003,0.1579261495093152,0.27667787540021205,4278.540875019815,0.21315398205814381,0.5006304310923024,7920.398054622038,0.8029412195257462,0.25409557336827304,1.026556000697197,COMPLETE
50,0.281344488935816,0.49741000552551656,1.416627183724117,0.06070888017195264,0.02331220058736137,6,5.272386965398161,622,0.09610851491527547,0.12132042305858433,17,0.3388421816248875,0.844729097048737,2,157.23233070014976,0.16217764079850655,0.281344488935816,4471.248103323204,0.21764125082220867,0.4793838945939163,8087.136458691688,0.9996175561630161,0.2548129524544293,1.0241411914712566,COMPLETE
