number,value,params_colsample_bytree,params_input_magnitude,params_leak_rate,params_learning_rate,params_max_depth,params_min_child_weight,params_n_estimators,params_reg_alpha,params_reg_lambda,params_res_size,params_spectral_radius,params_subsample,params_washout,user_attrs_duration_seconds,user_attrs_mean_fold_nrmse_training_range,user_attrs_objective_J,user_attrs_pooled_mae,user_attrs_pooled_nrmse_range,user_attrs_pooled_r2,user_attrs_pooled_rmse,user_attrs_prediction_range_coverage,user_attrs_sd_fold_nrmse_training_range,user_attrs_worst_fold_nrmse_training_range,state
52,0.27693596532007025,0.8812055784111132,1.1457579646021419,0.8238304535890958,0.14550818479016886,6,3.777867179043981,922,0.08402633393176123,0.06004768995370039,78,1.3574904181700482,0.7602247627668489,5,467.29948099999456,0.16753218436532588,0.27693596532007025,4446.19371116248,0.21486478663825306,0.49258223794923384,7983.968310909531,0.785697820940213,0.24828471472726885,1.020421362316767,COMPLETE
53,0.27726404099987556,0.7043195914029483,1.330235254242838,0.6699345488185634,0.039539787008835973,3,0.2713274617789302,1079,0.16493268014782556,0.54520695861488,44,0.7983909023940259,0.65208091741245,2,288.0760282500123,0.16447429194152183,0.27726404099987556,4387.381947762728,0.21427604992642413,0.4953591116923117,7962.09197033156,0.7010827286475093,0.2519519642938056,1.0329042225933196,COMPLETE
54,0.27417669239198816,0.8917221030761728,1.5693675117787906,0.5428630297454421,0.19056529403676783,3,1.053432762330316,745,2.025624542064816,0.019658929142398914,72,1.2648373550596728,0.8981158041733532,5,384.6346236249956,0.16552354271940814,0.27417669239198816,4366.809164493525,0.2127509124680716,0.5025172396498504,7905.42075245644,0.805488793234192,0.24570311969566638,1.0081582764440804,COMPLETE
55,0.27479926709181657,0.5680960105105987,0.9015959585170679,0.8540124444414916,0.038453529738527586,2,0.13772912601039017,1175,0.3834100784235905,5.675836784077985,53,0.9312436550769437,0.696355658147761,2,309.3720050830161,0.15657191430683198,0.27479926709181657,4214.940896276028,0.21113479648563727,0.5100465720866998,7845.3689450272705,0.6695284343384801,0.25465788242471715,1.0348717391589297,COMPLETE
56,0.28337067520072795,0.5578876847188343,1.0897473301573912,0.8509925686588035,0.04599110429810961,3,0.36602139971444386,1063,1.16434222306671,25.509477736926684,34,1.0411504014196078,0.7571089252966605,4,224.04362133299583,0.16165165223650727,0.28337067520072795,4325.419780777005,0.2177603660822822,0.4788138712868978,8091.562556037149,0.7060073910573306,0.26244123647378303,1.0667254593874278,COMPLETE
57,0.285297742114699,0.4806372798965287,0.4755220699278825,0.8900871196353581,0.06651377720519919,3,0.19145086541580997,1092,0.07217539126485072,2.6100351979986347,46,0.7457646009004997,0.7274807190513151,2,290.14257679198636,0.1664912356494101,0.285297742114699,4532.595193021893,0.220181446882428,0.467160250868746,8181.525330714879,0.6687166406931724,0.26046518092908405,1.0610445032500995,COMPLETE
58,0.28301134402078876,0.666935002765339,0.5079641716309029,0.8862271787654521,0.03122626496730536,2,0.11512841131519698,1003,0.004480426630303479,6.479562394964669,43,1.338586644179956,0.656997274657589,1,251.22997074999148,0.16313812378485998,0.28301134402078876,4462.862266233622,0.21826444027792935,0.4763981833184574,8110.2929979460405,0.7234043093477894,0.25898761497143774,1.049347849539036,COMPLETE
59,0.27936780732843924,0.8233943378232887,1.1071609574987944,0.5479330580926581,0.1966335489837597,2,1.9820408161186933,929,1.4032049046595634,0.01599625018704571,62,0.8100237856589896,0.8144431732526376,5,341.1860905000067,0.16103250394413676,0.27936780732843924,4290.738757079816,0.2148463085013712,0.4926695089426941,7983.281698358365,0.7061356619389136,0.25808599530827203,1.053119767237594,COMPLETE
60,0.2850915363870754,0.9700082319684552,1.8517477534615692,0.7081694327607965,0.07294559162978999,5,5.90851621792307,661,0.3280833891981235,0.010335925137586731,70,1.1020618270664269,0.9717720642678404,5,418.7108961670019,0.1688345865678246,0.2850915363870754,4522.903807392208,0.22088128637737256,0.46376764050068153,8207.530040177893,0.7738513549915123,0.25684100003881144,1.0451763747290113,COMPLETE
61,0.2790395635334145,0.8908960078846621,1.6756182993081175,0.5600038688725949,0.19804895513492185,2,0.9748665981760879,818,2.532997811879151,0.06405776537754303,69,0.9053808789076003,0.985708524566015,5,364.96981083299033,0.16352638347419787,0.2790395635334145,4396.605600065508,0.215749877198643,0.4883932250620372,8016.856598920798,0.6950164035027749,0.253158745339086,1.0290176142253709,COMPLETE
62,0.278347935852185,0.4601826526778941,1.3119962533598961,0.9311911946203324,0.048840719221777365,2,0.22187062850341055,968,0.4743939828959926,5.1760820898132,39,1.1746668255004813,0.7336174850990319,1,225.562408333004,0.16098520840786534,0.278347935852185,4340.189032033247,0.214637807495665,0.493653724970744,7975.534196087769,0.7311306293638075,0.25484051342608005,1.0349068228512328,COMPLETE
63,0.27438526071277014,0.6691109277286867,1.3152386112532362,0.4503167352231414,0.0325445863576898,2,0.1318728538116607,1181,0.15925578037443802,0.22919728451733518,72,0.7511803241545263,0.8371721256541826,2,412.9897451249999,0.16097063241715967,0.27438526071277014,4292.145698419492,0.21161648645582126,0.5078084297094038,7863.267631535203,0.8180572013563728,0.2510750970277956,1.0276979431103315,COMPLETE
64,0.27817624254564477,0.640942664829248,1.4390415358181758,0.4936791424683541,0.027368821538441925,2,0.12028457152791625,1119,1.6682883052342916,0.8993528272286219,70,0.9383952019636377,0.8620612657214725,2,399.2535862500081,0.1615859501922245,0.27817624254564477,4338.44175855025,0.21457199408566102,0.49396419465305064,7973.08869448592,0.737613899528888,0.25441699383993505,1.0349801759418413,COMPLETE
65,0.27197633952449457,0.48160148263967706,1.5836662406175932,0.3697849716172095,0.05622791607735306,2,0.11478907829488623,1144,2.4033516734076446,0.014074533543589575,80,0.5747147288341922,0.8334448562079637,2,444.35174037501565,0.15975013865914842,0.27197633952449457,4388.232854833999,0.2103240822205783,0.5138019893188746,7815.244339210261,0.7558525518279072,0.24660902921566516,1.003341223900749,COMPLETE
66,0.27914376662997,0.7023962535870468,1.0006803185074171,0.6763719926922143,0.05322373863799603,2,0.15895923549749552,1023,0.007879658202949788,0.15778844609661813,70,0.8364269217700634,0.8111448643892559,0,394.50498687502113,0.16072468611357685,0.27914376662997,4316.8515509975705,0.21473701071354118,0.49318556152296866,7979.220399677736,0.8288978054296676,0.25762702366571527,1.0498360465739334,COMPLETE
67,0.2736807017317639,0.45552318041089856,1.1162340312501178,0.3636697214443235,0.028200275996401795,2,0.2514948935286618,1091,0.03062774952915754,0.10442684901804711,53,0.37468712137754684,0.8917155897268838,2,301.46682579201297,0.15670631371870655,0.2736807017317639,4232.094791896965,0.21051531307385604,0.5129174655182015,7822.350115342896,0.6811470020208142,0.25266155463163137,1.0266424655083566,COMPLETE
68,0.28344819112660746,0.48713825894606444,0.2965630387157061,0.3242071583270409,0.02673991429355866,3,0.8923957531594676,1091,0.002872561017776051,0.2639477655056657,57,0.33856324906420376,0.914806167144347,2,349.3047418750066,0.1648809266230337,0.28344819112660746,4495.729716699541,0.21863436522294077,0.47462182878848036,8124.038707909016,0.7062706178758617,0.2592553036146668,1.0555820065348127,COMPLETE
69,0.2792800154539884,0.42643683688445666,1.464122995878289,0.4543954863936645,0.02214049019203201,2,0.24123345787865702,806,0.011348468836906635,0.2543996981959196,43,0.359381320715655,0.8478409947233029,3,240.8987499169889,0.15909492095859656,0.2792800154539884,4327.2442175519345,0.21484254458384816,0.4926872847510081,7983.141838315689,0.7240664670458694,0.2577498834805608,1.0440891221262893,COMPLETE
70,0.2858605576838847,0.4168995224861545,1.1884384023339591,0.545113232519089,0.08988471985150284,2,0.31461226562025324,1097,0.19970239231277,0.015798872939915366,73,0.7009804981058616,0.7347082455388376,3,404.9642048329988,0.1654184066050437,0.2858605576838847,4492.1703612738365,0.22025260188142967,0.46681580460742067,8184.169315641774,0.7349290625180276,0.2624318232098201,1.0682421891143252,COMPLETE
71,0.2703147549490344,0.516558602319433,1.9026224301638401,0.11951848844495927,0.03216996518085813,3,0.19775134158906923,1072,0.07973228392668091,0.011777388990024082,57,0.7494468489332476,0.7935391381209307,3,350.6863010410161,0.1567164739811355,0.2703147549490344,4133.224074683791,0.2081621178934029,0.5237460745433506,7734.9098416522875,0.72748421868852,0.24861054822252596,1.0144321782180332,COMPLETE
72,0.2801901197459046,0.5643893690005238,1.9546367244643925,0.057147658126539595,0.026482782745087346,3,0.6224070949637683,1197,0.05057286712526624,0.01972194985335926,58,0.6446417542713271,0.7564021931570653,2,365.38434845901793,0.16791583290751014,0.2801901197459046,4433.519442156988,0.21676543662444045,0.4835655058504481,8054.5928627370895,0.7809497709462813,0.2536987324858565,1.0438903385096854,COMPLETE
73,0.27216376983241636,0.4296504396049496,1.4356520377325759,0.3255010171361876,0.027787893825730072,2,0.15783049340735547,1051,1.537270460599898,0.018135005693096288,80,0.42192042344438413,0.8410723437413509,2,438.6472360420157,0.1588916753585614,0.27216376983241636,4353.422981794434,0.21026198037083765,0.514089063798056,7812.936752154533,0.7164666572342585,0.2476071578463149,1.006266774819169,COMPLETE
74,0.2761858109907445,0.4690782341219427,1.6009980375921646,0.3611647207948602,0.026710314424281158,3,0.29059017236156837,847,0.26606484239519396,0.03852609430680575,80,0.5119893742036602,0.8005101423152607,3,462.23180770801264,0.15813088877171397,0.2761858109907445,4228.5101507149075,0.21230814914960444,0.5045857423182796,7888.968506561786,0.6960771859787965,0.2555106473645603,1.03981415122718,COMPLETE
75,0.27948698116270543,0.4457651845807118,1.874654454544528,0.10783508863655913,0.04510254893981475,2,0.16851825778588295,1035,0.032822195554662474,0.033146138059121096,57,1.3717012211856938,0.7889320867395393,3,319.86989133397583,0.16213574578625314,0.27948698116270543,4232.10794603882,0.21505350530445277,0.491690502657799,7990.980738930844,0.699472942380292,0.25773390343301067,1.0540938816608125,COMPLETE
76,0.27221788857157175,0.5162773316750376,1.4094298140548738,0.45669758349692646,0.06533901153988468,2,0.1701662565653473,895,0.4750014012918796,0.010845584988251566,76,0.6431649549817717,0.9340200859314143,3,413.57312599997385,0.15776175099615047,0.27221788857157175,4203.561319120871,0.20955797371235135,0.5173375050435752,7786.777198790924,0.6999305164787601,0.25063965943688166,1.0233347746264636,COMPLETE
77,0.2767016150004762,0.4992879519051005,1.4855735938043217,0.5564540916180674,0.04585200614075107,3,0.10928474358650236,968,0.11975253000663827,0.04854393155985042,74,0.35673213740857457,0.8657605755224316,0,440.2094412500155,0.1623105893411328,0.2767016150004762,4315.494550094499,0.21377104595707308,0.4977349753760878,7943.326979793718,0.7781999607966511,0.2517222761736124,1.025858859812659,COMPLETE
78,0.2744766397119551,0.48085318435392455,1.4692303816068981,0.552591973769436,0.16563156452696526,3,0.12057913620630417,918,0.45389638829013473,0.09513179496906998,68,0.5697218823102947,0.9490745087753637,3,368.37086024999735,0.16168112308710542,0.2744766397119551,4378.391477236185,0.21199113016028476,0.5060641450071725,7877.188681657549,0.7843920665652406,0.24994203820668126,1.021897925443861,COMPLETE
79,0.2777096407351534,0.6416584558922223,1.9005297721921273,0.3900467681420393,0.05637492034646616,2,0.27590686242383644,711,1.3924381155285552,0.013653863080978962,67,0.49693555664631567,0.9879340554677111,3,363.0994298339938,0.1611629007984932,0.2777096407351534,4348.16001138648,0.21412326047871227,0.4960785230612138,7956.414603984759,0.755925491135645,0.2543455210257645,1.0352050530284707,COMPLETE
80,0.2777662111443065,0.5220663739469336,1.8015931760577235,0.5211256476694104,0.0528789852335347,2,0.1364411760201605,1061,1.831736504949678,0.025028558266092363,71,0.863140530329143,0.8326471602007224,1,398.86649516699254,0.1584665688588194,0.2777662111443065,4315.650102576448,0.2136960379743085,0.4980873830338709,7940.539825291451,0.6858431686004174,0.25628069267999193,1.0387687970691553,COMPLETE
81,0.27760710226788166,0.8242374341738357,1.8528904144378784,0.8056040001236697,0.1656713220740697,6,0.9393390230886287,982,0.07524697674680662,0.038781539175221785,78,1.34394774128388,0.7586380553870128,3,465.2521269170102,0.16755330934754606,0.27760710226788166,4378.245179177069,0.215225237431301,0.49087835197812046,7997.361979338701,0.7251969974653649,0.24952745934632267,1.0259216703045764,COMPLETE
82,0.28078892684640533,0.4350264698469863,0.7461168095024844,0.1143806502477201,0.04788065714488743,2,0.2557803984911175,940,0.6429761330087023,0.02101769063377885,65,0.6257196470097696,0.8843973306889666,3,358.70395100000314,0.16061705728626843,0.28078892684640533,4253.888311894436,0.21577681628277853,0.4882654560122939,8017.8576042387385,0.6685443406325686,0.2600484422545071,1.0585832215202549,COMPLETE
83,0.2798648309812498,0.6751965754846926,1.7909898128975081,0.1947995023225853,0.03732086587133281,5,0.11297318573002717,1091,0.7199741080469321,0.034963887671698696,58,0.6093164687441637,0.8701414575270604,5,388.2955131669878,0.167584012524636,0.2798648309812498,4439.5615616725245,0.21700205241461806,0.48243743625428537,8063.385057122201,0.8256535521303222,0.2514511142665271,1.0283197186247939,COMPLETE
84,0.2764830056588026,0.5426211973118449,1.3427804661316591,0.5092483776875835,0.03220581174408545,2,0.11221412428003726,1142,0.7450576103109954,0.03576436228268478,78,0.33504676905009856,0.7926593358005662,3,439.4370738339785,0.16061189381107674,0.2764830056588026,4382.838664159649,0.21328461386511388,0.5000181644318156,7925.252085026759,0.7066546828269347,0.252793567174755,1.0281833061142671,COMPLETE
85,0.2828066405586986,0.5879967676449195,1.4209819883664925,0.13799616963674768,0.02194073670601803,2,0.10102222720709632,1187,0.10231532683906613,0.014119365111293225,57,0.7412930114890348,0.7849631487008547,5,330.2876320829964,0.15964534564652916,0.2828066405586986,4254.570646859619,0.21700350238904406,0.48243051968386463,8063.438935424225,0.7061166693351212,0.2632125526786181,1.0677323921171338,COMPLETE
86,0.28588529865496226,0.6864631981752604,1.599913276744057,0.37157142692664075,0.11329758564001143,3,0.13434251187179394,646,2.6670114169153654,0.20681128252668057,71,1.1175812247672667,0.8234528807467368,5,381.0827331250184,0.16302361853736683,0.28588529865496226,4370.925440121943,0.2197996764602907,0.4690064200419254,8167.339465268632,0.7172704613709598,0.2643424887786864,1.0729242839729054,COMPLETE
87,0.28223278835278026,0.40407668255522794,1.5605376274405007,0.20811376308641524,0.030900594860224985,2,0.13826623886159398,1062,0.024578897266252286,0.011308159260789869,63,0.33551368927315484,0.9042744463167842,2,349.5723272910109,0.16475154517179438,0.28223278835278026,4422.869294101245,0.21794454493056697,0.47793187373323376,8098.406293027525,0.7868956473512542,0.2571529736888531,1.0461714008217173,COMPLETE
88,0.27221262282311176,0.49735772690222185,1.5434685593762207,0.6320325536227307,0.07859576530129399,2,0.5847994020814489,990,1.5938218598523584,0.0358794105778709,78,0.8736402056892535,0.936195800789371,4,423.3735723750142,0.15972559301979983,0.27221262282311176,4269.464558496124,0.21010773220744317,0.5148017307041309,7807.205182697175,0.8781376402841121,0.2484195624626743,1.0149446627623409,COMPLETE
89,0.2756705085556559,0.4244336597173296,1.5639216610308535,0.6408077610225598,0.0544333760135543,2,0.7396798600387354,1017,1.0542653577159062,0.22999840852966671,80,0.9817730174494332,0.9495067469671092,5,437.8659037920006,0.15989445925653287,0.2756705085556559,4274.513934811812,0.21237947654333675,0.504252806028908,7891.61889735019,0.6848740727439951,0.25316412804927646,1.0321621327492356,COMPLETE
90,0.289119712384934,0.7310961440409499,1.1007226860659245,0.7593075710072674,0.06571937503119521,4,0.27073585796723526,835,0.8249915061090458,10.648568966845524,62,1.161274066177252,0.7054445997529774,5,392.9297949169995,0.16978788591586838,0.289119712384934,4564.500633606063,0.22328924684234117,0.4520123255760119,8297.005288062972,0.699373234323124,0.26332186217037135,1.0747779139261922,COMPLETE
91,0.28268984031120126,0.5700357504820996,1.4110250332539271,0.4376660951734182,0.08390437776416669,2,0.10598089448231582,1129,1.7800970337376802,0.013835810526178749,72,0.5580168312859607,0.9038298533356949,3,400.9243623749935,0.16447111897787475,0.28268984031120126,4410.70859196876,0.2180366640426694,0.47749045304122595,8101.829264671051,0.6963271734980863,0.2586127050741275,1.0532376190971635,COMPLETE
92,0.2807853264681648,0.5929815380045128,1.129896282160718,0.7729386848263905,0.03782849543732594,2,0.3100501963951928,1024,0.06383380759531856,0.014793636997541429,74,0.8715696224221892,0.9234312659672846,4,412.00180604099296,0.15967047830473619,0.2807853264681648,4328.074707744063,0.21567828192233077,0.48873271587795153,8014.1962541233515,0.7836809149605313,0.26042817818333613,1.057871198530796,COMPLETE
93,0.2751228460547626,0.6439801283118511,1.9621927981228815,0.11445486221422539,0.059595771413849224,3,0.10205712957935413,835,0.43702607932599147,0.13698691093554027,59,0.770183038471344,0.8055202717592568,3,351.2730936250009,0.1608353332686134,0.2751228460547626,4241.536198302383,0.21184209557851447,0.5067583971442748,7871.650839013808,0.8861208413837168,0.25312300190499254,1.0380403761564931,COMPLETE
94,0.2791939392457884,0.6603508327823505,1.3393722412368798,0.49949940385408054,0.0788494292943254,3,0.20623389076850682,963,1.343472246568361,11.07271124502534,63,1.2959102043285449,0.6668067150804919,2,374.54131445797975,0.16783973465388277,0.2791939392457884,4540.139008981184,0.2167472823764913,0.48365200568548605,8053.918285284906,0.7262252128178037,0.24978662747718847,1.0208746499591301,COMPLETE
95,0.27564673427009057,0.5146906752948716,1.6079519129920414,0.1227559256490712,0.10987664407389575,3,0.209601058237746,1019,1.2827365419206875,0.029321484088574146,71,0.7395677751773398,0.8541794279834207,1,393.58987433300354,0.15878192905726954,0.27564673427009057,4254.387253573685,0.2124695554168837,0.503832183284928,7894.966057595168,0.7763006303340018,0.2527087154128275,1.024918046541103,COMPLETE
96,0.279732414031098,0.4085791830790342,1.5121720421388822,0.3702923625652086,0.05522368561937034,2,0.45968636909635213,749,0.3206515988609594,0.028854109493048168,63,0.7813917801184909,0.9016884073713499,4,338.09798333398066,0.15984108834510732,0.279732414031098,4243.040267025716,0.2150632318244097,0.49164452159583416,7991.342157981059,0.7386168535766899,0.2586767288267532,1.0511847827705885,COMPLETE
97,0.27648020306267923,0.7996295973665787,1.847650757782015,0.2643188718839231,0.19134351993334833,2,0.7757487539386273,1022,2.9316248433737893,0.030272049934757024,41,1.2500714767905619,0.8574370506831159,5,234.16907254199032,0.16194415963569606,0.27648020306267923,4305.333941209489,0.21345154005868708,0.4992352413417118,7931.454746061175,0.7224617146713768,0.25211465201596867,1.028365936467104,COMPLETE
98,0.2851210015207858,0.44339835072444805,1.3770067043307048,0.6835887848550156,0.08841513843428035,4,0.7822266814123744,880,0.22868156919385624,0.01077878950069176,75,0.6772467792929633,0.9239231166679499,2,425.560675500019,0.16845835188542962,0.2851210015207858,4566.588359174115,0.220290144711703,0.46663402287512035,8185.564336072501,0.7592473295939898,0.25932342723633117,1.0612420845358246,COMPLETE
99,0.2753385900473482,0.46781754056114283,1.626810526574497,0.24195233869353755,0.054900485796399584,2,0.3517208727902536,1134,1.0108033295770438,0.030169280210973697,80,0.4690517041413412,0.7585268335102725,2,445.36661420800374,0.15966573829184907,0.2753385900473482,4317.275152918091,0.21259884469076365,0.5032281560939197,7899.77020201431,0.746871468111704,0.2509589814263382,1.017250975790323,COMPLETE
