number,value,datetime_start,datetime_complete,duration,params_colsample_bytree,params_input_magnitude,params_leak_rate,params_learning_rate,params_max_depth,params_min_child_weight,params_n_estimators,params_reg_alpha,params_reg_lambda,params_res_size,params_spectral_radius,params_subsample,user_attrs_elapsed_minutes,user_attrs_pooled_nrmse,user_attrs_pooled_r2,system_attrs_fixed_params,state
0,0.38428897747991053,2026-08-25 21:48:59.439294,2026-08-25 21:49:16.318858,0 days 00:00:16.879564,0.85,1.0,0.1,0.05,3,2.0,300,0.0001,1.0,20,0.9,0.85,0.28127455000018625,0.2355631310156817,0.3901123924496237,"{'res_size': 20, 'leak_rate': 0.1, 'input_magnitude': 1.0, 'spectral_radius': 0.9, 'n_estimators': 300, 'max_depth': 3, 'learning_rate': 0.05, 'min_child_weight': 2.0, 'subsample': 0.85, 'colsample_bytree': 0.85, 'reg_alpha': 0.0001, 'reg_lambda': 1.0}",COMPLETE
1,0.37242242202804354,2026-08-25 21:49:16.422854,2026-08-25 21:49:32.479214,0 days 00:00:16.056360,0.6734358131563968,1.7541346645212776,0.5347070804948526,0.17924944259092293,3,2.215115432148942,399,3.305216551198884e-05,17.822634269863748,22,1.0973313300467673,0.9172099974201442,0.26754753054992764,0.23227277515906303,0.40703127179327003,,COMPLETE
2,0.4085700421869204,2026-08-25 21:49:32.549839,2026-08-25 21:49:58.190925,0 days 00:00:25.641086,0.8087347604229159,0.7899784047141699,0.5713766333805708,0.08008614295276188,5,0.8175651463102587,552,0.00030738824282680144,10.236982520309983,30,1.3210780276852485,0.9376694358441136,0.42732344651643267,0.24614081216102016,0.33411009480477205,,COMPLETE
3,0.3754156940119335,2026-08-25 21:49:58.264322,2026-08-25 21:50:19.350559,0 days 00:00:21.086237,0.6412692349246837,0.42547866177727733,0.34723086830485805,0.03864746526304777,4,3.002983475550778,170,0.23500758352647227,1.7590028809089175,30,1.3328058704109218,0.745789933792089,0.35139821041666436,0.23980362828128432,0.36795693252968753,,COMPLETE
4,0.3825936697505953,2026-08-25 21:50:19.413305,2026-08-25 21:50:26.885193,0 days 00:00:07.471888,0.6456936946283204,0.325809438161915,0.5520551645606833,0.0361822434609223,4,0.9007738586953865,269,0.12410335325186045,0.15590973365661903,8,0.6535919192705707,0.7197622639705152,0.12451391945020683,0.2418094745841634,0.3573392161856247,,COMPLETE
5,0.3846221471518344,2026-08-25 21:50:26.929959,2026-08-25 21:50:43.785252,0 days 00:00:16.855293,0.6856562103815015,1.0946345278334146,0.8431757225440191,0.028357353157017963,2,2.287912895384949,289,5.927005073211698e-06,0.8955914562811619,23,1.3312895665824411,0.8342446269177228,0.28089891179988624,0.23565975349813,0.38961196659757935,,COMPLETE
6,0.4349618849014839,2026-08-25 21:50:43.868107,2026-08-25 21:50:54.607253,0 days 00:00:10.739146,0.6946339434034473,1.3936367120404827,0.7745096740500103,0.03293231085597593,2,0.4927047351264299,178,0.0007632889559403314,14.351195886395448,14,0.7919340124727411,0.7080986427889857,0.1789568395834067,0.25171770974640983,0.30359366049564096,,COMPLETE
7,0.3576917982817684,2026-08-25 21:50:54.684162,2026-08-25 21:51:06.859038,0 days 00:00:12.174876,0.6561880985568116,1.2759202394106268,0.8944055356638774,0.05245117943697049,4,3.7110855679816863,327,1.1870267158325816e-06,0.03274611290331154,14,0.4282927357324449,0.7809577194974183,0.20289262083291154,0.2258592375296301,0.43932539215649835,,COMPLETE
8,0.3841595223606889,2026-08-25 21:51:06.940098,2026-08-25 21:51:16.598050,0 days 00:00:09.657952,0.6917988568054793,0.8786032214915395,0.6968826023725594,0.028468835069739077,3,3.0998607336862705,289,1.3504647398101565e-05,0.19518480424095344,12,0.4504064529676988,0.8278494987049071,0.16089415903309903,0.2379546017622975,0.37766620054649014,,COMPLETE
9,0.3620504461299253,2026-08-25 21:51:16.648618,2026-08-25 21:51:27.703417,0 days 00:00:11.054799,0.6177719649769347,1.701349041495005,0.7833313152060782,0.13875316713019603,3,1.4450739456028665,345,1.3005235524114979e-06,0.15357618576470367,14,0.624420364976676,0.7880258649226379,0.18419922291698942,0.23825705928862742,0.3760831324584877,,COMPLETE
10,0.3719788759736847,2026-08-25 21:51:27.784760,2026-08-25 21:51:40.309829,0 days 00:00:12.525069,0.7511698120140171,1.8737720873614876,0.7977255715682555,0.021238734970735577,5,4.1704186993085335,372,0.0007395073601974957,0.08756072808668174,15,0.5458697391018837,0.7418802350978952,0.20870629374985583,0.22963686743770778,0.42041331424715067,,COMPLETE
11,0.343685954748048,2026-08-25 21:51:40.352912,2026-08-25 21:51:51.835758,0 days 00:00:11.482846,0.6024006876101033,1.9208750937137258,0.8523324488862807,0.07667062838400276,2,1.3842723196885907,381,5.774480580658402e-06,0.18457668851984177,16,0.5754419872808973,0.7492493959045063,0.19133688333337584,0.23589545957522157,0.3883903399350278,,COMPLETE
12,0.3453964163611206,2026-08-25 21:51:51.880472,2026-08-25 21:52:04.337907,0 days 00:00:12.457435,0.7482097368849718,1.9151207895453684,0.6800836633086443,0.04847814400231732,2,1.6520707651702853,306,0.0009280586247710999,0.03010393263839273,18,0.5469853450129386,0.7513293827191606,0.2075789736166674,0.22596666005124205,0.43879193243328063,,COMPLETE
13,0.3759488729006697,2026-08-25 21:52:04.381440,2026-08-25 21:52:16.502008,0 days 00:00:12.120568,0.6233079339533193,1.9605545171069811,0.5550696432510589,0.05663338950864253,2,2.8079473027967223,191,0.0009085359635004706,0.0366825002635283,18,0.34060303041542717,0.7759860242016414,0.20196486250012338,0.23310960746036027,0.40275087976350454,,COMPLETE
14,0.39367131599855415,2026-08-25 21:52:16.545403,2026-08-25 21:52:23.872026,0 days 00:00:07.326623,0.9434972199543381,1.9523256060577792,0.42748638707314685,0.05180211625134621,2,1.1219511759265892,311,0.0003736657318192897,0.047502581982417025,9,0.8782141588013295,0.7204740429859964,0.12206851804997616,0.2363186589264546,0.3861939010002995,,COMPLETE
15,0.3716296879856956,2026-08-25 21:52:23.914844,2026-08-25 21:52:41.669850,0 days 00:00:17.755006,0.6847684788524869,1.782183323668962,0.620887865917048,0.03659941897666373,2,0.4434179012482147,517,0.0003049664331327767,0.09101750328816406,26,0.48348004992238025,0.7638577063312362,0.29586793473329936,0.2319473316296733,0.40869175604432484,,COMPLETE
16,0.36956803915842507,2026-08-25 21:52:41.716713,2026-08-25 21:52:54.147393,0 days 00:00:12.430680,0.6467874244396425,1.8254073991555495,0.5508858235084177,0.0801698462428646,2,3.3251495415169607,460,0.017388216934268213,0.6737910478300962,17,0.7506043557504942,0.7680129302571872,0.2071338083333103,0.23876997682379608,0.3733939162937583,,COMPLETE
17,0.35868261591129813,2026-08-25 21:52:54.191926,2026-08-25 21:53:03.482918,0 days 00:00:09.290992,0.8738424138476154,1.397785185213323,0.8297450443196194,0.08666645199674511,2,2.053005503960287,319,2.4494056660282725e-06,3.0061115087178387,12,0.4380426621448741,0.8127517644870772,0.15480163471656852,0.2328255617911606,0.4042054973612561,,COMPLETE
18,0.3504128567267683,2026-08-25 21:53:03.579911,2026-08-25 21:53:15.490552,0 days 00:00:11.910641,0.6082992548220417,1.066665538229154,0.6170536399357861,0.0435420720563491,2,1.9925792615816769,570,1.5924272329023443e-05,0.8167272267613543,16,0.6675561288549803,0.7686453319597328,0.19845883125041533,0.2304393867259474,0.4163552354972895,,COMPLETE
19,0.37903678548253006,2026-08-25 21:53:15.532390,2026-08-25 21:53:31.288797,0 days 00:00:15.756407,0.7920082313380955,1.9609652826588515,0.7298826727515006,0.07290513525203907,3,2.6875596039943686,435,0.009961732496686396,0.03692843765401411,20,0.7395403807265438,0.7582340207612557,0.2625463138829218,0.22630609546819155,0.43710463069240213,,COMPLETE
20,0.40761671718471715,2026-08-25 21:53:31.398454,2026-08-25 21:53:45.919378,0 days 00:00:14.520924,0.8434936117767511,1.8129853281811457,0.816021387674465,0.022932721878807343,3,1.2827528642288817,165,3.91398337747516e-06,0.045430939062771146,20,0.5872400369217503,0.7802879788180335,0.2419147319335025,0.2458768762157439,0.3355373920559044,,COMPLETE
21,0.36035007903909916,2026-08-25 21:53:46.004112,2026-08-25 21:53:56.721817,0 days 00:00:10.717705,0.6043561277980972,0.8868520565691546,0.5829759830113654,0.05530788444057645,2,0.827579689747038,567,3.423655847591124e-05,0.20527555732200883,13,0.6511927970537835,0.8506220116209722,0.17857571943362321,0.23394943497787402,0.3984396908112606,,COMPLETE
22,0.36062995141727183,2026-08-25 21:53:56.772039,2026-08-25 21:54:08.282148,0 days 00:00:11.510109,0.657053436808537,0.9090435569022175,0.7506162124804504,0.03570701829468623,3,7.992611487091008,554,0.00022766435324025362,3.8280558645655915,13,0.40687450225237737,0.7769197915381112,0.19177941388334147,0.22820762196451824,0.4276054849951345,,COMPLETE
23,0.37909663268349414,2026-08-25 21:54:08.378952,2026-08-25 21:54:18.990863,0 days 00:00:10.611911,0.6205196835162954,1.306417576984283,0.3360132565511647,0.027967009938013657,3,6.82321136851468,494,3.069425052411333e-06,0.17256779888797494,12,0.7739104786652345,0.72575046715303,0.1768144472167478,0.22824067906900913,0.4274396441210644,,COMPLETE
24,0.37552432248411516,2026-08-25 21:54:19.044832,2026-08-25 21:54:34.514334,0 days 00:00:15.469502,0.690963265238985,1.0320427917314785,0.6393536382509872,0.07799806041158534,3,1.4820607469345357,540,1.622724177789737e-06,5.432918359485116,17,1.138623602102156,0.7245647068462805,0.2576247756999995,0.23839423490826017,0.37536448998783967,,COMPLETE
25,0.3496090394275543,2026-08-25 21:54:34.736901,2026-08-25 21:54:49.027960,0 days 00:00:14.291059,0.6028394152889012,1.993097557595366,0.8158225613012781,0.0612830793512583,2,1.4653213605880475,323,3.000130743834134e-05,1.5415015418018811,18,0.6261958829777632,0.7467390745017682,0.2379590618002112,0.22818623049512599,0.42771278891223097,,COMPLETE
26,0.36125709710337056,2026-08-25 21:54:49.107668,2026-08-25 21:55:00.585509,0 days 00:00:11.477841,0.674246810602714,1.8826804687362615,0.943990573628215,0.09835420197450483,2,0.3589543426966512,193,0.00021413039260021607,0.7894045366666966,16,0.8878764173921625,0.792750455024994,0.19120748471662713,0.2372505074345502,0.38134365345035703,,COMPLETE
27,0.35234227860934464,2026-08-25 21:55:00.666110,2026-08-25 21:55:16.516234,0 days 00:00:15.850124,0.6185302867534623,1.805145021690851,0.6818518566185559,0.050354622299995065,2,1.0098686767988954,327,6.337465406061832e-05,2.9515404990859304,24,0.5682549162788554,0.7832239007579396,0.26411751874984474,0.22683047525562192,0.43449300922749945,,COMPLETE
28,0.35366188032925766,2026-08-25 21:55:16.556268,2026-08-25 21:55:26.712221,0 days 00:00:10.155953,0.6140215345435186,1.7320141960865922,0.5844361620869696,0.06998573210774874,2,0.585412132942598,359,1.2721957441008483e-05,1.5457532061960733,14,0.3522747710178493,0.7104764899364308,0.16921580278334053,0.23009621652367032,0.4180922680353276,,COMPLETE
29,0.37228699802975096,2026-08-25 21:55:26.790418,2026-08-25 21:55:38.046607,0 days 00:00:11.256189,0.6029690786373387,1.9871524517338537,0.9135254565114901,0.047426204668122335,3,0.4431178914025746,378,5.5866234659011254e-05,0.06847556052099023,15,0.5386306543077285,0.9051095230754429,0.18755306526679003,0.23509570339029306,0.3925303894821026,,COMPLETE
