number,value,params_colsample_bytree,params_input_magnitude,params_leak_rate,params_learning_rate,params_max_depth,params_min_child_weight,params_n_estimators,params_reg_alpha,params_reg_lambda,params_res_size,params_spectral_radius,params_subsample,params_washout,user_attrs_duration_seconds,user_attrs_mean_fold_nrmse_training_range,user_attrs_objective_J,user_attrs_pooled_mae,user_attrs_pooled_nrmse_range,user_attrs_pooled_r2,user_attrs_pooled_rmse,user_attrs_prediction_range_coverage,user_attrs_sd_fold_nrmse_training_range,user_attrs_worst_fold_nrmse_training_range,state
0,0.2824487832447605,0.85,1.0,0.1,0.05,3,1.0,500,0.0001,1.0,20,0.9,0.85,0,68.98601409979165,0.16222625924423653,0.2824487832447605,4439.690677974563,0.21808299375617143,0.4772683776428692,8103.550789031748,0.9081137539519695,0.2574631579543563,1.0378360215199096,COMPLETE
1,0.2788096281618174,0.9,1.0,0.3,0.03,4,0.5,800,1e-05,0.3,50,1.1,0.9,0,194.75504110008478,0.16544970570006742,0.2788096281618174,4512.495706809308,0.21658424937141532,0.48442848698046426,8047.860287757603,0.9833191240036975,0.24890151516160847,1.0071107661877488,COMPLETE
2,0.2926887797051204,0.5446620555599195,1.7541346645212776,0.5347070804948526,0.08117591758518575,6,2.805864209866754,605,2.3030553541554313,21.262586533691977,53,1.0973313300467673,0.7142563365118473,3,164.13307340000756,0.17456676024319448,0.2926887797051204,4840.719831916724,0.22853502415623497,0.4259619145671779,8491.92843249952,0.907497678115514,0.2566150221955419,1.0268582601906007,COMPLETE
3,0.27612215630773884,0.9382009702256318,1.739072123707654,0.32770317956728734,0.1167624256877035,3,1.1057929127091248,803,2.056169417196287,0.14071550913495803,51,1.3710002457938013,0.7881822557441351,5,127.42021650006063,0.15872099950857846,0.27612215630773884,4328.716307804214,0.21329240076629488,0.4999816556546791,7925.5414315187645,0.9628983677565526,0.25131902216577573,1.0123577064513563,COMPLETE
4,0.27757345348017654,0.40224569461001386,0.32813306869226033,0.8246044028081915,0.019595423841921953,2,5.067883622266692,935,0.00410384839136738,0.014145808562966301,17,0.9552296714212434,0.8691469025317455,1,57.55675689992495,0.15294909158384482,0.27757345348017654,4184.844995428567,0.2129267412987526,0.5016946066774868,7911.954218615625,0.8200858264990717,0.25858684872569576,1.036433556224446,COMPLETE
5,0.2794748309005808,0.928783815029346,1.477074045702355,0.2889892621347669,0.12175792679005591,2,0.32130899171422184,265,0.0013371236581146446,9.733425888272647,30,0.6089585950739692,0.8901208653687834,2,65.35876589990221,0.1602874961535569,0.2794748309005808,4409.033018288362,0.21634179923151511,0.4855821296987425,8038.851299992671,0.9496796932859874,0.25253212667626274,1.0100026856652646,COMPLETE
6,0.27880322466620916,0.7921040155567369,0.5153624683279975,0.24816852203876277,0.05803247884235026,2,0.37829347105592864,414,0.0004521302243829868,0.016714849815395297,31,1.0927864096432374,0.9317537621305596,2,72.5176246999763,0.161603791126018,0.27880322466620916,4396.151997126665,0.21570182663417192,0.4886210838877385,8015.071130999038,0.8537664383848094,0.2524055921281489,1.0175071491359318,COMPLETE
7,0.27150163353293927,0.4641463678662225,0.6777145047137225,0.24493298945410658,0.03177785659658285,6,7.524137888871763,657,0.00034855010603111145,3.0256718595160716,14,0.3323945711559432,0.8551840478821253,1,73.99272700003348,0.15581151753993788,0.27150163353293927,4275.698759785794,0.20962870314770937,0.5170116362036604,7789.405370579248,0.8335658639251019,0.24749172154091967,0.9971889517787539,COMPLETE
8,0.2847504014263255,0.635874473646062,0.7222533637349401,0.7625974566689393,0.06915031237128332,5,2.5885973254985113,213,0.03441895888064191,0.12909899351589266,39,0.4685642956704348,0.7349964211378814,0,95.19984079990536,0.16730065286361628,0.2847504014263255,4531.605085845079,0.22071316981635375,0.4645836012774246,8201.283147344899,0.9999896457343451,0.256148926439887,1.0360261650238605,COMPLETE
9,0.2976364379064299,0.9550801464242866,0.28678846550340403,0.9317204590930128,0.0679217746455505,6,0.11644482980609651,1118,1.691997422579532e-05,3.116236719552828,41,1.053118693366834,0.755417751312593,3,206.47556449985132,0.17804026685599586,0.2976364379064299,4931.230491289702,0.23201405265122504,0.40835152048988854,8621.20253874717,0.9455736990921255,0.26248954102081945,1.057511714723263,COMPLETE
10,0.28707634120242853,0.4019310417770573,1.529810124276432,0.811874447607354,0.024905029061433673,5,0.6520762643201525,270,6.632011490550173e-06,2.168887777543897,75,1.1464986172137022,0.7460631989399845,0,174.82210629992187,0.1704980980543873,0.28707634120242853,4718.419141744046,0.22333889037081994,0.451768632104689,8298.849947508652,0.8856939760613562,0.2549498033264344,1.027930962355652,COMPLETE
11,0.2813242038700534,0.7117448519065102,0.5929707003854217,0.8758717168111325,0.01637748270024996,6,7.9374954476079,840,1.8478856839915143e-05,3.091563563729864,50,0.5808017759628432,0.8129628961300991,1,243.78910479997285,0.16804342146474024,0.2813242038700534,4595.984080891307,0.21885185870328536,0.4735760356272207,8132.120353496779,0.9010467145570539,0.24988938066707225,1.0114975692464794,COMPLETE
12,0.2877704984529652,0.632923362431492,1.3519090505614784,0.6454032968559579,0.06624252017690593,3,0.1182607536770186,940,1.3630366052408704,6.752551117803359,69,1.1539683325247065,0.716808337172194,4,201.17165359994397,0.16754043727142612,0.2877704984529652,4589.263860495857,0.2229642951155004,0.45360613245879344,8284.930697664686,0.999833817504379,0.25922481334985925,1.04369223872253,COMPLETE
13,0.27871060161217603,0.43281799994386194,0.29584884943192513,0.6550729056968877,0.031926282953907044,4,0.16295424914088455,484,0.00400918552178815,0.14278802245977804,11,1.0133681109420485,0.9727008904237721,3,48.91543439985253,0.15720548589498737,0.27871060161217603,4300.338163842248,0.2143546902149324,0.494988632701584,7965.014094432183,0.9263743548760718,0.2574236455889745,1.0376991617073228,COMPLETE
14,0.294858970681307,0.4660094730566765,1.4713319100709423,0.27122854906636723,0.07045330279001737,5,0.7613109343932993,376,2.51222125540423e-06,0.26892012861936,43,1.1442951391907143,0.8741043994064042,4,124.88011349993758,0.173841856997371,0.294858970681307,4760.831622156171,0.22911590826654335,0.42304005713776294,8513.512985285366,0.9644866982868278,0.26297224965905464,1.058785361421338,COMPLETE
15,0.2870101798727699,0.5315879490844398,0.49127768587657894,0.2694129786737311,0.1426912510047573,5,0.12114028886098743,707,1.5727604491825182e-06,0.07010211314435617,26,1.4459244808887006,0.6754447643138692,3,81.30883269989863,0.16687567028616776,0.2870101798727699,4616.964704230559,0.22250212411185089,0.45586896720199066,8267.757298965478,0.9975062534446584,0.2580322230436759,1.0364120560853207,COMPLETE
16,0.27938658677118805,0.7456238989205892,0.9305048393971361,0.5763049440261531,0.023723263009667487,6,6.310347962962917,531,0.025284160305374354,0.30804884965454593,22,1.2514105491241228,0.8504712725740328,1,95.35709719988517,0.16416649172940204,0.27938658677118805,4562.568909578327,0.21681558061171144,0.48332654635253813,8056.4561182831385,0.9554942158619645,0.2502840246379064,1.0090902119139828,COMPLETE
17,0.28705786880500533,0.6220782138164671,0.767082194037532,0.7999878349380788,0.01528040630447445,5,2.2037371047672285,1000,0.0959047275628541,7.043523613783707,33,1.2973876997191032,0.8041491152201593,5,181.14951259992085,0.1641813056625854,0.28705786880500533,4552.168226798708,0.22159164753733823,0.46031301407828296,8233.925714774938,0.787810955008744,0.26186488507066846,1.053629938790146,COMPLETE
18,0.2840072289747101,0.8932137311588231,0.9654080906897906,0.3521618270420718,0.01650151548185395,3,4.7448133594810304,1018,2.165496527807296,1.0456828802213047,45,0.7835883851155845,0.8577120418397559,2,163.82686459994875,0.16781829493342548,0.2840072289747101,4655.009316659581,0.22094498372824964,0.46345832044625956,8209.896913032437,0.8838282059988033,0.25224898098584186,1.0137253835321527,COMPLETE
19,0.284762614770158,0.7802352308875271,0.7543675564291191,0.4711484598975215,0.16098801063596577,3,1.0834296512343666,682,0.0014107073049685088,0.0374802761416516,29,0.3620949386646648,0.6882270124808396,5,91.36825790000148,0.1661665961300569,0.284762614770158,4598.209899040259,0.2207759346931162,0.46427904199319625,8203.615371228347,0.9381692161263678,0.2559467203081673,1.0301304444998698,COMPLETE
20,0.2814867948699561,0.5044448101856421,0.5303431888318924,0.27308965610802266,0.019866664051797392,5,4.932743818435116,560,0.00018880639010225624,3.504071112178612,16,0.3975985593320983,0.8730541885700848,0,71.66656320006587,0.16209177070986486,0.2814867948699561,4459.653729287574,0.21746192549835283,0.48024146354788155,8080.473069471847,0.8924212570437576,0.2560994774864131,1.032367415410565,COMPLETE
21,0.2707335488873013,0.4629701351326639,0.3596943200709774,0.8166053734680376,0.04045687849775358,2,5.732179600110452,860,0.015182122118455705,0.02105146717581522,11,0.8265276809865134,0.810476408862635,1,45.63434029999189,0.14964384611804646,0.2707335488873013,4070.9573235012317,0.2077044075684305,0.5258381620490018,7717.902193319906,0.8769033153757615,0.25211656527548304,1.0118256969187622,COMPLETE
22,0.2750871494776425,0.9052665726586505,1.426567820640951,0.342729955267423,0.11740154659249671,3,3.3364115945085953,882,0.006128298797904739,0.1372464886432952,44,1.4946910342338182,0.7779259525001425,4,136.897288300097,0.15857646905882186,0.2750871494776425,4353.5846824259725,0.2127561624221539,0.502492687051294,7905.615830801676,0.9541260795219264,0.24932394822195453,1.0026718162739827,COMPLETE
23,0.2783469268698808,0.7303311076032449,1.548103886779021,0.5170812388055057,0.10743988970726415,3,4.032722009329015,1008,0.00010143617984250991,0.36474851868793023,30,1.4788094728382442,0.6956287811775717,4,109.99450800009072,0.16090728017147088,0.2783469268698808,4344.697925937517,0.2151142698321732,0.49140321089597794,7993.238633634474,0.8519015299290885,0.2529306281508303,1.0209537620411122,COMPLETE
24,0.2733038742351095,0.40968084721284453,0.6564268010562564,0.6018362589473936,0.13480717243933799,3,1.3293720715687802,895,0.0001468812235489724,0.012575500126990801,20,0.7171379702994292,0.787646485945674,1,70.16172690014355,0.15663158238360642,0.2733038742351095,4272.419971275644,0.2110155000510986,0.5106000875208507,7840.9361155820025,0.8398529729913968,0.24915349673604362,1.0031443008015344,COMPLETE
25,0.27596491779949195,0.4601046030412446,0.6888180809759908,0.5645527154671341,0.12417511848774924,2,1.045050960045025,949,0.00020247095471049204,0.02905304429288347,24,0.6659272644087862,0.8179750525959197,2,73.2622696000617,0.15871803660844944,0.27596491779949195,4356.082061212105,0.21344232885494707,0.49927846001973486,7931.112475185076,0.9524033349530296,0.2500903557781796,1.0042830389003465,COMPLETE
26,0.27606297341415714,0.5128591949193839,0.43632850606085205,0.6782139101985973,0.04814984580933058,2,9.01730068528933,518,0.1134544845937577,0.106576641522939,29,0.5415537802049397,0.868681261144186,0,71.09929249994457,0.155644168871886,0.27606297341415714,4327.241133224849,0.2128697533512311,0.5019613049914253,7909.836654475711,0.9342464744034928,0.2527728802517042,1.0117167693086766,COMPLETE
27,0.2884875887742614,0.5733330923363861,0.8116329610524831,0.3682307870835722,0.08819436894511205,6,1.4805285037049072,860,0.0004147312415006884,13.383588005476847,22,0.3511406293694733,0.8232779128895588,3,132.73726440011524,0.1707699883347921,0.2884875887742614,4761.518471999348,0.2246747825484477,0.44519057184148314,8348.489169364622,0.9854100627360203,0.2552512249032548,1.0238294760034068,COMPLETE
28,0.28898786487431505,0.4271186445554491,1.0660347450089707,0.7840355036624244,0.18189895201262288,4,0.7300197947159329,938,9.791099506239537e-06,0.04060952690383125,33,1.2372191255883978,0.7866073303963251,0,92.39222269994207,0.16853936455015855,0.28898786487431505,4608.142926566244,0.22380074967915164,0.4494988297286684,8316.0117642005,0.8894310055893089,0.2607484607806535,1.052297377298271,COMPLETE
29,0.2775669909765241,0.5481692122187257,0.5198897834742201,0.8807291455435612,0.06221968581437041,2,6.331608679498513,706,0.002816617195880637,0.06824908838088287,21,1.0368962133919502,0.6903608907183584,3,60.64130089990795,0.15634663794343964,0.2775669909765241,4298.808127691956,0.21350979728884426,0.49896185705128837,7933.619474338589,0.999974673271167,0.25622877475071937,1.0316726356178896,COMPLETE
30,0.2811191565463781,0.4554125317250515,0.7043581918304186,0.05713602400283635,0.02882448448030388,6,7.051569392735109,863,0.0002738101668150984,0.7155405255093934,27,0.47223994501926997,0.8332879441707435,2,133.50118279992603,0.16430344282364348,0.2811191565463781,4530.3041280373445,0.21812965203785148,0.4770446796101043,8105.284522363316,0.9778726432462301,0.25195801803410645,1.0128059303922954,COMPLETE
31,0.29094192001177677,0.8890144399177579,1.0279560355339568,0.3990209468886964,0.0654731008756682,3,1.7161970261167232,856,0.000765358867162478,0.1369823996243467,56,1.3695583197123158,0.737321521396793,5,166.9725224999711,0.17076237275975,0.29094192001177677,4698.870676920475,0.2258969960617554,0.4391379123791286,8393.904307471188,0.9999528499204694,0.26017969580008543,1.0467759044796545,COMPLETE
32,0.2806159995247135,0.8430827575656922,1.2356557379042705,0.23791576852299515,0.10836750787703577,2,3.5325709540431323,887,0.0014380934809257416,0.014569110835908904,39,1.2914932676446822,0.8501393035715753,2,106.82567779999226,0.1630017910144428,0.2806159995247135,4467.463326458479,0.21754795586114667,0.47983013765501037,8083.669794729013,0.959205238032918,0.25227217465426727,1.0126383109182395,COMPLETE
33,0.28479361470384223,0.8776417394613384,1.2654907021405448,0.48487904478138266,0.08657082554964828,4,9.99612818585081,953,0.04854721924184772,0.8539216030910767,34,1.1106434618911627,0.7783236930178388,3,138.7466245999094,0.16638182333193616,0.28479361470384223,4572.420198000547,0.22097614361634801,0.4633069727458129,8211.054755427374,0.9142615196455741,0.2552698843499769,1.0259101120674372,COMPLETE
34,0.2809067668653626,0.4334250693074922,0.9495537626661126,0.28238748617920273,0.07575656873364549,4,0.8867655327693699,901,4.5264829339022904e-05,0.02319975848694518,11,1.0923726846368595,0.7055367937393605,0,60.61917020007968,0.15955150704991775,0.2809067668653626,4385.884100795207,0.2162775741073359,0.48588751356501636,8036.46481608233,0.9684240388737744,0.25851677103210685,1.0432040107716158,COMPLETE
35,0.2747437851876634,0.507236449502118,0.431841097149533,0.8664907633554938,0.07956362896018657,3,8.969231092998816,962,0.006265194318570227,0.03636271206434419,11,0.9454677174070981,0.8931443323923843,3,55.23123120004311,0.15580232253589715,0.2747437851876634,4239.672786114684,0.21160791218113031,0.5078483141276569,7862.949027735611,0.9456746341946158,0.25254349202613235,1.0172436989354252,COMPLETE
36,0.27492617653702667,0.5072881176557388,0.6641354712449014,0.7013181731551019,0.059467409603509776,2,3.769835884128464,842,0.0085959973690877,0.07538532260016192,11,0.5013530074342567,0.9533599325299283,4,47.26999259996228,0.1567854891423159,0.27492617653702667,4278.961955150377,0.21199976473756776,0.5060239073409399,7877.509526187191,0.8937699732301451,0.2517056471978357,1.0139338713822321,COMPLETE
37,0.2830308503463186,0.5320307628022053,0.3623987341021923,0.6000420587451903,0.07075862331960306,4,9.056530115278738,856,0.04861707756564744,0.0986482560713756,13,1.2502446321174947,0.8561808315506355,2,67.97598810005002,0.16167880428508632,0.2830308503463186,4465.268978794058,0.21862125153289225,0.4746848512677505,8123.551428036755,0.9385706311601747,0.2576383952537054,1.0341185292750075,COMPLETE
38,0.27827011159728565,0.4032817436151826,0.7648975285626425,0.627942448735439,0.04445085737395689,6,9.306407049853027,577,9.224523292876249e-06,0.808456648516391,13,0.40778215447028476,0.865559882071827,3,64.50965659995563,0.1600664924415486,0.27827011159728565,4386.7761220208895,0.21490102079899392,0.49241108466433503,7985.3147036603095,0.9418244671408846,0.2534763631931669,1.0221030220998413,COMPLETE
39,0.2813075031065666,0.41162168252082065,0.4047119405651904,0.31520508834116956,0.18807040157849791,5,0.9426532931867817,789,2.7005640071336434e-05,0.02276146182685369,44,0.5712340273417417,0.8080135269841587,2,112.58170099998824,0.16813023400038957,0.2813075031065666,4599.950910716479,0.21920093794660422,0.47189535321316867,8145.091476686668,0.958390414795482,0.2484262606398494,1.0013663178475252,COMPLETE
40,0.2823689225627697,0.48083941469999153,0.7769243994668238,0.8661511826043308,0.1871964172099257,2,5.4929928353499475,852,0.0004896101548602534,0.017609021333914364,18,1.2838355402475687,0.9461945946787547,2,57.91874170000665,0.1600843356473108,0.2823689225627697,4349.468845490766,0.21776274793168243,0.478802469821337,8091.651061047348,1.0,0.25842469852434896,1.037205227885001,COMPLETE
41,0.2753344747630262,0.5112324170908424,0.3943128232491675,0.8114278981575763,0.09289694277229493,2,5.981503725278027,892,0.0029001684215653844,0.13188934128466923,17,0.37024556481309895,0.9603942003114222,3,58.723459900124,0.15604620526586518,0.2753344747630262,4210.164223220131,0.21201769813853383,0.505940331342326,7878.17589738398,0.9665108196250223,0.25326710649796935,1.0203942454960895,COMPLETE
42,0.28032697302869375,0.510500028258266,0.5841741602756577,0.4366736128092532,0.05190592008942479,2,4.285877041284604,799,0.14311695050396422,0.0668853149345079,29,0.7028565187596771,0.8575420970580826,5,80.98798909992911,0.16217477449312243,0.28032697302869375,4452.524730256589,0.21682734975379248,0.4832704528900035,8056.893437300795,0.9289742185901018,0.2539984930996051,1.0234203918240148,COMPLETE
43,0.2822484830382467,0.7362791302003273,0.2732649567873477,0.8932068031671918,0.047391243784279447,2,8.457058349292172,1132,0.0015850584135094015,0.043316042910997915,28,0.9040864042485888,0.8179423207756956,2,92.3675003000535,0.1611065375192263,0.2822484830382467,4382.2776214596815,0.21775618042562614,0.47883390693674666,8091.40702496747,0.99113515226732,0.25796921045048204,1.0383109082791713,COMPLETE
44,0.2795813316029655,0.5909273102353196,0.6779268739137929,0.9402679995198158,0.07073609422765212,4,1.2819147014002719,977,0.0008712940645077044,0.015063437368785968,23,0.9471312326508364,0.8971015853947637,5,91.46115970006213,0.16138820365215498,0.2795813316029655,4419.698477399084,0.2158329776252789,0.4879990377788245,8019.9444533024525,0.993404136344842,0.2549934159107465,1.0313584955458226,COMPLETE
45,0.28524894121944366,0.40632163927323306,0.836063484429737,0.7390846695336112,0.14210649890314855,4,1.5561375333827783,1023,0.00030277173013832146,0.046108807858936236,27,0.5460653669338256,0.6886917703444316,0,87.25618589995429,0.16608801886551147,0.28524894121944366,4537.2665418621555,0.22103853857367275,0.46300384802221173,8213.3732338055,0.9485531618772047,0.25684161058308363,1.0338003131791298,COMPLETE
46,0.27499667192031024,0.5420359021310404,0.5951425384632285,0.8803139423250541,0.045846914202257685,4,8.815079502974543,794,2.946243072454273,0.02615220983810839,13,0.8410783670773609,0.7488901000268227,0,58.51424490008503,0.15503504939392268,0.27499667192031024,4321.624047513373,0.21203320119692884,0.5058680759033138,7878.751961656235,0.8146066703156463,0.25185388289352556,1.0081944634793376,COMPLETE
47,0.27706303730055115,0.42991316496994764,0.702790090773045,0.7851089113308483,0.020627996857388538,2,2.8727518963364047,1124,0.020128965444419413,0.5228396362117166,25,0.39898063152260754,0.9545659321775402,4,80.3625713000074,0.15706763027065893,0.27706303730055115,4348.64708154236,0.21334940715166903,0.49971434141868176,7927.6596807743435,0.7907224538790968,0.2548545205955286,1.0269343294021451,COMPLETE
48,0.27258734104966553,0.5528944647121147,0.9053130547525755,0.8786339735225045,0.040882953823851265,3,2.143700273452837,494,0.9220235577155484,0.022823699255266033,11,0.42133457494597704,0.9649325473303997,4,44.623243999900296,0.1579306164336419,0.27258734104966553,4331.824716679327,0.21075228415613717,0.5118202584914102,7831.1555117093085,0.992764730364399,0.24734022757411356,0.998597394476166,COMPLETE
49,0.27954910342214057,0.7300369269057149,0.29407878710207425,0.8127963032979376,0.02598869963123247,3,0.9417682885541346,662,2.804324750837995,0.04636742853784529,41,0.5492049151287139,0.965243341861914,4,118.29752140003256,0.16008087352009145,0.27954910342214057,4443.46617637393,0.21601886565489264,0.48711672742793155,8026.85170023218,0.8536232473432612,0.25412095106899174,1.0203479880069002,COMPLETE
50,0.2796322972927512,0.4315776039275773,0.647358475212748,0.8395902159926905,0.06108251681135481,2,1.5414278631371048,263,0.03207477996206526,0.012608027628606494,31,0.3115997834444785,0.9144165381509027,3,65.15302169998176,0.15920024413283,0.2796322972927512,4390.481916399596,0.21568433277094776,0.4887040282946965,8014.421092191831,0.8388917550113527,0.25579185808721383,1.0286950543283244,COMPLETE
