number,value,params_colsample_bytree,params_input_magnitude,params_leak_rate,params_learning_rate,params_max_depth,params_min_child_weight,params_n_estimators,params_reg_alpha,params_reg_lambda,params_res_size,params_spectral_radius,params_subsample,params_washout,user_attrs_duration_seconds,user_attrs_mean_fold_nrmse_training_range,user_attrs_objective_J,user_attrs_pooled_mae,user_attrs_pooled_nrmse_range,user_attrs_pooled_r2,user_attrs_pooled_rmse,user_attrs_prediction_range_coverage,user_attrs_sd_fold_nrmse_training_range,user_attrs_worst_fold_nrmse_training_range,state
51,0.26429981859579355,0.4237867605975594,1.9863164299896527,0.24124762828237836,0.16308445478469225,6,0.12366072426098426,375,6.025216129116354e-06,0.1186350610519878,21,1.2159091078815911,0.709845090300442,2,132.56384479200642,0.15334194766049838,0.26429981859579355,4109.1739998825915,0.20381562403213058,0.5434271123702308,7573.402366207342,0.8942883724958793,0.2419367782546518,0.984168977038355,COMPLETE
52,0.27194493766382555,0.48837974875605233,1.9692181402749473,0.34656551264473745,0.12417998222024101,6,0.12622480951163767,341,1.0389174521821367e-05,0.18812246492874465,23,1.1089639335266874,0.6960503722900326,3,146.79147887499857,0.16010488662310668,0.27194493766382555,4272.941290883733,0.20966421216248252,0.5168479955070888,7790.72481827999,0.7657731639687257,0.24912290200537218,1.0226598198352705,COMPLETE
53,0.27606941844552285,0.4288769325506648,1.0210534511940714,0.4031072813065869,0.05758514116828505,6,0.17835775922524177,370,5.3603114517426746e-06,0.5767565934257656,39,1.075229461013359,0.6714085657512254,3,258.8628457500017,0.1582484497432745,0.27606941844552285,4263.859668255226,0.2122056544143942,0.5050639632120536,7885.1599964249845,0.7987678032331779,0.25545505612451463,1.0404153107845147,COMPLETE
54,0.2712687248328698,0.5702095196083283,0.7646887479389517,0.47647900320892816,0.15261401604532707,4,0.10381807178226779,264,2.533552887495475e-06,0.15410265499731288,60,1.076333175313187,0.7348612687750984,4,332.5563890409976,0.15883718106871877,0.2712687248328698,4269.606252050028,0.20896250194765856,0.5200766376409511,7764.650596411201,0.870101665992052,0.24922489154084485,1.021961111152205,COMPLETE
55,0.2687036701266048,0.44959461615911395,1.1845146876430566,0.6894962842536365,0.05279622016013461,5,1.122671911068914,383,2.930922498636696e-06,0.08343059921464331,62,1.1969769852277925,0.7254823467866927,5,379.7881997089935,0.15387032616363508,0.2687036701266048,4141.763804947375,0.20645936946650228,0.5315056411530329,7671.638936751925,0.7703457860916775,0.2489772026404101,1.0144847701996393,COMPLETE
56,0.2663146835362543,0.5355664128867539,1.8978693653634444,0.2817837384284201,0.13359362152962248,4,0.31396168034415267,500,1.1090770522722852e-06,0.019628912434810825,52,1.4802940086124683,0.7552937156054268,2,298.2177026249992,0.15078357387999233,0.2663146835362543,4068.4724735261807,0.20417896746440092,0.5417977904778579,7586.903519628576,0.8136936733087828,0.24854286428741346,1.0118879395510028,COMPLETE
57,0.26154992178768566,0.6291354686803197,1.9348881269861682,0.13236959541925075,0.14960468107196143,6,0.5260231558352269,239,6.196143374386523e-06,0.5482956479964464,31,1.3631202965931462,0.6981300043614291,1,187.67881900000066,0.15083957985348045,0.26154992178768566,4136.456486385389,0.20194041391071718,0.5517898813993152,7503.723111547212,0.8169646894528587,0.23843803150787396,0.96353117095954,COMPLETE
58,0.26900526970854605,0.7733676010154715,1.8381311080381226,0.10336237914344457,0.1318331566815948,6,1.9582249031826984,432,0.00046591531516798634,1.3433925674699998,44,1.117203824598529,0.7412111624679226,2,269.0665262090042,0.15898540182058674,0.26900526970854605,4219.471726089801,0.2075881404389196,0.526368858595192,7713.581927109052,0.7815977813380112,0.24566851707850582,1.0085309080734088,COMPLETE
59,0.2788404598032816,0.8227123553703343,1.8917987150389073,0.1126359849967991,0.13020788869914413,6,0.4206653844270381,282,1.2622771059733768e-06,0.7301463754131511,50,1.3519258294365926,0.654915242492151,1,306.81291795799916,0.1623332104392192,0.2788404598032816,4380.523537625456,0.21479960606618898,0.49289004793480373,7981.546324366325,0.9036938338327737,0.2561634149483705,1.0468796799981355,COMPLETE
60,0.27643040212239406,0.6535492947843684,1.9293579610292326,0.13583714233060765,0.12045346631619594,6,0.3061472823223951,296,0.0010188951614517505,0.23397564472183185,29,1.3569710659088372,0.743309422521012,0,181.77267620900238,0.16371289321799873,0.27643040212239406,4369.8194961148,0.2137267668696871,0.497943025381289,7941.681652813636,0.7138612641422554,0.2508145410108278,1.0260912302274694,COMPLETE
61,0.27976571336858497,0.9312635399670608,1.526153488711071,0.5408012478578417,0.020628759617845254,5,6.161261822785106,533,0.2406314175127526,0.3326339097092117,23,1.173164089520146,0.8945699596017299,1,164.72803212500003,0.167472653320867,0.27976571336858497,4405.143942109128,0.2163263357838442,0.48565566509096725,8038.276707579863,0.82413718636398,0.25375751033896304,1.044707330785614,COMPLETE
62,0.27131881948376424,0.4112745616444102,1.3975136900426433,0.5338753313057784,0.19463724140600155,4,0.621094352521851,298,0.0001330572375229882,0.22501027402666313,62,1.426799365876571,0.768302406025572,3,331.23186062499735,0.1547734598918129,0.27131881948376424,4140.07840404799,0.20825710690491428,0.5233113248221044,7738.4394533195,0.7772844201578183,0.2522468503153999,1.0282046189277263,COMPLETE
63,0.27374818932799494,0.6349959435182656,1.9459039800771682,0.38706995264785676,0.18666981252773762,5,0.4108418231501477,328,3.0934319852302134e-05,13.449323414338961,30,1.4046542806215094,0.7403510659277089,1,186.2769704579987,0.15740814093255354,0.27374818932799494,4210.616369019871,0.21067653136601372,0.5121711380221232,7828.340681576966,0.7835064466506414,0.252286631847925,1.0262141935713187,COMPLETE
64,0.2718262537813093,0.6682985050905639,1.648140484356166,0.1864339391624902,0.16595488589125315,5,1.481573118145683,231,1.2232895156460987e-06,0.21272289692977567,18,1.2470147392457556,0.6517449239892132,0,112.64783916699525,0.16620098114216825,0.2718262537813093,4427.617093272478,0.2113662669079013,0.5089716957974508,7853.969947290988,0.8081174654054305,0.24183994749363194,0.9953701254475781,COMPLETE
65,0.27712110939536055,0.8309428075489111,0.8383267476437022,0.504985634599272,0.01922167164259991,6,3.505527335559063,503,0.006391069379448185,0.20022723020456545,23,1.3750959076220257,0.8389727077434211,0,173.29892391699832,0.16647618626450017,0.27712110939536055,4450.210373546193,0.21422753600339137,0.49558759581588874,7960.2892848836955,0.744549332134005,0.2515742935678768,1.038596810680822,COMPLETE
66,0.27071206240444046,0.5334374522611357,1.2198734820054933,0.620695683893285,0.07456830461375662,5,0.15432733136748358,310,6.029959101944246e-06,0.2651523287914458,61,0.6860194260007589,0.6547374265874437,2,356.38121062499704,0.1508431681010571,0.27071206240444046,4064.912826765568,0.20720091852635023,0.5281341743234604,7699.193494608716,0.8379783531242544,0.2540445755123608,1.0299219584863966,COMPLETE
67,0.26778799985607127,0.4301372570202238,1.3494102083012185,0.33930976555114534,0.08747708101196668,4,0.7799760482020827,695,4.350707027894993e-06,1.0868383729279045,30,1.3103762739148277,0.7452887549328444,4,207.87682887499977,0.15308989773803217,0.26778799985607127,4093.593893955122,0.20558502431997983,0.5354653393495634,7639.149927957824,0.8445149965973312,0.2488119021443658,1.0149375009182628,COMPLETE
68,0.2720418798504574,0.4195412177685124,1.4475388521253936,0.05900910115536606,0.15942286713371442,5,0.11858858148376215,230,2.369164430830382e-06,0.10010017714440461,15,1.3536100724806346,0.7018116370854771,2,100.74284404200444,0.15494559685301806,0.2720418798504574,4138.167737747398,0.2086803450913749,0.5213718197245287,7754.16618230817,0.8305370576792793,0.25344613903633,1.0338094413253403,COMPLETE
69,0.2770657638278918,0.4044580197053975,1.3584829984993105,0.6878537615653147,0.09236959193546776,4,0.709478457671007,370,4.626151153414127e-06,0.0936385219029953,37,1.4962210216790646,0.6743357920851399,5,217.94964808299846,0.15860258112972114,0.2770657638278918,4299.647263207001,0.2129150966034492,0.5017491085758303,7911.521523804404,0.8372115641876383,0.2566026688977702,1.0449818407763494,COMPLETE
70,0.2752478253749519,0.47895425995006824,1.9709351376206934,0.14031542545715409,0.10276680435270767,6,3.3096547219378105,515,4.797194187392035e-06,1.4681201891270605,43,1.3286406124553727,0.7025761550576677,1,282.4244840829997,0.15814647446718008,0.2752478253749519,4230.100355286584,0.2114443532477466,0.5086088215681004,7856.871487709007,0.8140445987998414,0.25521388850882115,1.042333839699725,COMPLETE
71,0.27257087505574307,0.48076214835384756,0.9659076274214103,0.8311974674523949,0.01700116063334825,6,1.3409903636977976,1161,0.00844426296079908,3.349667187401633,23,1.3935609772586681,0.731256585967111,4,246.842091874998,0.15374652885358261,0.27257087505574307,4206.712461171552,0.20873939556403895,0.5211009056708051,7756.360385973976,0.7997495292111396,0.25532591796681653,1.0402839191876185,COMPLETE
72,0.27491197887102936,0.8729038375466481,1.0538719172793303,0.8040501518261639,0.021976071492661675,4,0.8647362232632855,1082,0.11083514625137433,12.212963832192433,35,1.2760154630913785,0.8753984235753935,5,337.89081137500034,0.15603974721713737,0.27491197887102936,4180.495048055084,0.210672072026402,0.512191789316606,7828.174980967273,0.846655279475083,0.2569596273785095,1.0487171737436345,COMPLETE
73,0.26024998637494806,0.4319946884503916,1.0679400796494396,0.6364338647749387,0.05309477429625373,3,0.3472445479840057,398,0.0006589853686943314,1.0183942780347925,72,1.2018180731950912,0.6849421260485997,4,450.1496243750007,0.1455609580377459,0.26024998637494806,3921.917292052192,0.19894113061098195,0.5650049287904839,7392.275427656403,0.7964929672910488,0.24523542305586435,0.9991729958075422,COMPLETE
74,0.2734185061093467,0.5036346282602916,1.2055568539204777,0.5221859752260476,0.05316137387118847,3,0.11297540118638442,532,0.00015621737873326114,3.6465642148186297,69,1.38483856120157,0.7026995087362596,3,396.2263894580028,0.15642909931080357,0.2734185061093467,4138.182193761789,0.21001507839808636,0.5152295641321213,7803.762342716907,0.8193908395494821,0.2536137108450413,1.033671193204693,COMPLETE
75,0.28360772930568906,0.4329431229931888,1.0506688796797368,0.4865379878253852,0.03975102693278619,4,0.5894651513296071,333,0.0012090547666275585,0.21922592372522764,76,0.868416842397193,0.6530050899097779,4,437.6222254170061,0.15576628697713849,0.28360772930568906,4197.3884057897185,0.2163785790718493,0.4854072045063349,8040.217969163096,0.7847592555794065,0.268916600935359,1.0908034342871382,COMPLETE
76,0.26686312627932524,0.6676889162795862,1.1381901340257234,0.8651529030415887,0.021535295825818028,5,5.243413450483233,390,0.00045536214274973717,1.440494517251043,27,1.3289474013386577,0.8740811999888349,1,181.49475808300485,0.1584836825887817,0.26686312627932524,4305.876875063118,0.20648711651037546,0.531379706378713,7672.669964322664,0.797862425981579,0.24150403907579918,0.9877825471787569,COMPLETE
77,0.2709348379016962,0.4253035869328755,1.6307945204706278,0.40101814223217525,0.18479551854481133,6,0.377318721948725,303,6.518290569694431e-06,0.24893554219152583,34,1.1361983473463348,0.7659324560544408,1,202.70092266600113,0.15424604434892994,0.2709348379016962,4151.825416583145,0.2079632338238621,0.5246556931714479,7727.51968650587,0.9094225244238484,0.2518864163113365,1.0256156047616458,COMPLETE
78,0.2654919739634516,0.6695451068260483,1.221519584253731,0.3913349306977736,0.1889843569588122,4,0.13923066216803626,397,1.3586555364039223e-06,0.6859936473182531,25,1.367848124288911,0.8216446133700225,4,160.1775280840011,0.1516857699817074,0.2654919739634516,4097.692841393281,0.20387634776431376,0.5431550140954036,7575.658745026116,0.8226145868990409,0.24646250479655132,1.0043758916253718,COMPLETE
79,0.27914961962087476,0.5776091239592117,1.6499417751515946,0.5648080176626988,0.04600159539324798,2,0.4766626071539441,288,0.01275102975934068,0.25788440926487516,65,1.0130199952751267,0.7930019588720071,4,343.99311016700085,0.15643596920950123,0.27914961962087476,4248.47897124541,0.2138290779406549,0.49746224066751954,7945.483338335225,0.6833034117638234,0.2612821667208795,1.060324636710515,COMPLETE
80,0.2710301222327745,0.4000163674849117,1.5253578563916472,0.787284447448485,0.10263197390370768,4,0.4423854905085013,305,4.216451999350567e-06,0.08352041416252896,80,1.2447943259229164,0.7143768741564415,5,441.8030383330042,0.15206194811588114,0.2710301222327745,4056.229617190809,0.2075845925626241,0.5263850480589656,7713.450094749001,0.7886892497373804,0.25378211868060163,1.0308125351292114,COMPLETE
81,0.26694837167267443,0.45551871035358776,1.0659677194125396,0.5954808906175532,0.11683818470005472,2,0.34053903594216484,425,2.9695783268560576e-05,0.29032765517332265,78,0.9937032982041272,0.6989120350429668,2,410.33295729199745,0.15071131548454303,0.26694837167267443,4057.869321878337,0.20437271551024822,0.5409277899676067,7594.102829867111,0.796696739177193,0.25030262464970493,1.0210262553875546,COMPLETE
82,0.27855066469377554,0.6139086024917884,1.2370141421350203,0.5215312706736809,0.02236408597811443,6,3.6097213495499405,412,2.139004996752275,1.275334859266522,13,1.169059949414285,0.7657461467660042,1,140.78713624999364,0.15630379972931654,0.27855066469377554,4212.2729318043375,0.21398217916115553,0.496742350845382,7951.1722895680605,0.7230750651558567,0.25827394213047994,1.0413263883687227,COMPLETE
83,0.27493738800168727,0.49240574151630767,1.9192428206437218,0.2805043655895023,0.19189903756229815,6,0.13441572593229964,549,1.133576703268799e-05,0.13769112755033203,13,1.4841624512906946,0.7559569677423708,0,90.20186462499987,0.1595222208162511,0.27493738800168727,4289.662371771792,0.21170730627225998,0.50738586962475,7866.6423238139805,0.8348270432646705,0.2529203269177091,1.0326575032885956,COMPLETE
84,0.2731501829556897,0.4967229880802075,0.5357769396785403,0.7326883010545807,0.06039229052724942,3,0.6154039399854149,472,0.0031852729128838872,3.9669903491480456,78,1.126533429234066,0.6571164357246055,3,423.9901140000002,0.15810613715326927,0.2731501829556897,4241.863008845796,0.2099413555166764,0.5155698482759477,7801.022940145759,0.7943029710917879,0.25283530975605334,1.0355689955218663,COMPLETE
85,0.2756336388253655,0.47075944108396867,1.1575303708840186,0.8186112878891135,0.09780979014562445,4,0.17902553273252836,452,0.0008599279156437005,0.24190433764891492,54,0.7936865398820931,0.6645077622753796,5,317.368261333002,0.15421069130929535,0.2756336388253655,4164.443193423537,0.21074782787337754,0.5118409030502548,7830.989924686446,0.7574044890214962,0.259543243807952,1.0570640451067492,COMPLETE
86,0.2824512718137615,0.7530608167564689,0.26794532274021393,0.5842209004657927,0.016120711407911312,4,1.2602622127919771,1070,0.5990456177306297,5.7116665097098105,46,1.3961707018268459,0.798776670375033,5,352.29745104200265,0.16873371468945145,0.2824512718137615,4539.898635313049,0.21898413173540027,0.47293950700103415,8137.035368717823,0.7396312882629306,0.25386856031344507,1.0369349514707087,COMPLETE
87,0.27028971384829203,0.5103911562251796,1.7793479795060807,0.48227426046147653,0.06521561730988959,4,0.30775897093109,318,1.394715226057027e-06,0.3620539874730812,20,1.3947351782970332,0.7655736843368609,3,122.60725620800076,0.15334934858393637,0.27028971384829203,4103.566028339324,0.2072248189408376,0.5280253095622709,7700.081588720694,0.7955870396531711,0.2522595796298176,1.0281641316086143,COMPLETE
88,0.26755745763267685,0.4562798189010197,1.2184587735119528,0.7975159476831449,0.06419878458919306,2,1.0818180187446627,528,0.01718111692439398,1.550012117365166,77,1.3704089715922008,0.7195741151417552,5,399.98787316600647,0.15103293372342663,0.26755745763267685,4064.693849605906,0.2049299374019084,0.5384210579830817,7614.808139446991,0.7947920809329789,0.2505100809230738,1.0207085296558813,COMPLETE
89,0.27815831190807433,0.46384599754814143,1.5201098401286293,0.7175397606594673,0.08216262903988195,3,0.30521280210474677,280,1.6458676521237464e-06,0.7369636414034094,68,1.4974886768797457,0.6822993434768263,3,352.3173278339964,0.15915882620605543,0.27815831190807433,4264.159443628057,0.21383056084619634,0.4974552704404642,7945.538440295096,0.8082836142438725,0.257311004247512,1.0466978494108985,COMPLETE
90,0.27677287293169595,0.6754997519306529,1.1747152734032973,0.9485593670400264,0.024845501315771956,4,8.57896625957991,883,0.20998425791399997,20.14405540111271,29,1.426803330887904,0.8076136631439494,5,203.58580883299874,0.15572030423561892,0.27677287293169595,4232.45990600782,0.21178885920657567,0.5070062713352698,7869.672676313455,0.7194721449697191,0.25993605490048105,1.0596855128642673,COMPLETE
91,0.26597204617711384,0.5202429013029286,1.576252556662203,0.7463719983997998,0.19032995779392867,2,0.10555143965453918,340,1.537624554873832e-06,1.0688769171575863,15,1.1290256745730614,0.688890876255285,3,89.95071850000386,0.1493168516452019,0.26597204617711384,4091.26693186254,0.2039143449608857,0.5429847104134162,7577.070648847492,0.8681987778570214,0.24823080486491253,1.0061149859131018,COMPLETE
92,0.2731210926895201,0.5470790181731232,0.672112234369707,0.776611762907248,0.025902327262717004,2,0.20306422630935006,487,6.500861651757289e-05,0.1704433054600822,72,1.179105484099993,0.7059948966727907,4,378.37468712499685,0.15266950060466922,0.2731210926895201,4149.64540584645,0.20914932976583328,0.5192180805648017,7771.59276410299,0.699556531514089,0.2558870516947474,1.0378161274676185,COMPLETE
93,0.27055569657454176,0.627135877019974,1.9416881991509887,0.14370742099164938,0.11722076874932377,5,0.588881302164168,284,2.9363751466636574e-05,0.7595421439660223,23,1.4442984815372841,0.7779226439305738,3,142.99162420799985,0.15873102296910477,0.27055569657454176,4310.527009890885,0.20899581064118478,0.5199236255540887,7765.888284343932,0.7782036782195322,0.2462395437334279,1.003940445278183,COMPLETE
94,0.2665835506023762,0.4763900088663212,1.4109261241639666,0.42582825685335945,0.1197419350664307,4,0.11529522466853946,388,0.00016852640302677973,0.09457088552191376,48,1.3450314009739823,0.7399136424912642,5,271.54058874999464,0.15180054751137065,0.2665835506023762,4131.670261719698,0.20465671143494393,0.5396510518214765,7604.655580267368,0.8579139389089069,0.24770735666972904,1.0083107291058313,COMPLETE
95,0.26185931548337243,0.599139071796028,1.8101856585584246,0.338527300554265,0.17058249409171275,3,0.1216570288722187,642,2.8403969581477472e-05,2.193455311188257,17,1.3518054324097584,0.7170530119259709,4,114.63931216699712,0.14956890098749875,0.26185931548337243,4039.0330926839893,0.20127480743122458,0.5547396614349636,7478.990436068136,0.7825085678710981,0.24233803220859135,0.9851486266528497,COMPLETE
96,0.265439234822438,0.4036154826759966,1.1852727916329517,0.5455158978915761,0.04504401755446962,3,0.8387785795838341,312,0.0011228351925937799,1.14482596104332,60,1.2968985589181279,0.6899141917934286,4,318.4538182079996,0.15136796806349442,0.265439234822438,4128.628752004782,0.20403336473317135,0.5424510576202898,7581.493198047702,0.7782570262122894,0.24562348035706655,0.9975288423605868,COMPLETE
97,0.2643321349310029,0.43518731530789256,1.737714111861963,0.27734363927718664,0.19897596376583038,2,0.10128408912476304,616,2.884283893840586e-05,1.5750979101251918,35,1.3699527474817914,0.7691821822498127,3,210.74858287500683,0.15162098437234944,0.2643321349310029,4135.493189148485,0.20365240860109268,0.5441580661754295,7567.337590076985,0.9997846854113734,0.24271890531964072,0.9832055988690998,COMPLETE
98,0.26702896245196267,0.5822408962381505,1.7325969598054887,0.2823892280534596,0.13990887660969564,2,0.18606551755439713,594,0.0009091043023015595,1.0780714636943203,18,1.1324062355830649,0.7140149860943686,2,119.43703475000075,0.1527214115073275,0.26702896245196267,4174.979013903092,0.205267527170614,0.5368990482829752,7627.352335532368,0.8417295994752029,0.24704574112539468,1.0047793068872268,COMPLETE
99,0.27115210987641963,0.44360416455636414,1.7577157266007322,0.2351120990925475,0.13084396660059436,2,0.31831356201865,618,3.71052835072109e-05,2.751170975845229,35,1.4435853279749595,0.721420698763033,3,195.23442008399434,0.1531049544342655,0.27115210987641963,4110.76103509159,0.2081840521164635,0.5236457026764045,7735.724875816705,0.8038676272682598,0.2518722310398245,1.0203591693412706,COMPLETE
