number,value,params_colsample_bytree,params_input_magnitude,params_leak_rate,params_learning_rate,params_max_depth,params_min_child_weight,params_n_estimators,params_reg_alpha,params_reg_lambda,params_res_size,params_spectral_radius,params_subsample,params_washout,user_attrs_duration_seconds,user_attrs_mean_fold_nrmse_training_range,user_attrs_objective_J,user_attrs_pooled_mae,user_attrs_pooled_nrmse_range,user_attrs_pooled_r2,user_attrs_pooled_rmse,user_attrs_prediction_range_coverage,user_attrs_sd_fold_nrmse_training_range,user_attrs_worst_fold_nrmse_training_range,state
0,0.28427699835424003,0.85,1.0,0.1,0.05,3,1.0,500,0.0001,1.0,20,0.9,0.85,0,143.99764666700503,0.16964762204876266,0.28427699835424003,4572.6340507867035,0.22031599833598292,0.46650882206079836,8186.525007759112,0.8425819508652256,0.2558440000730285,1.0453302644742242,COMPLETE
1,0.2812475433355382,0.9,1.0,0.3,0.03,4,0.5,800,1e-05,0.3,50,1.1,0.9,0,353.7529177079996,0.16554776413625927,0.2812475433355382,4427.174561751964,0.2172614800315126,0.48119919651017284,8073.024895760572,0.8701478513440775,0.25594425321610237,1.0454863114476625,COMPLETE
2,0.29049351261431827,0.5446620555599195,1.7541346645212776,0.5347070804948526,0.08117591758518575,6,2.805864209866754,605,2.303055354155433,21.262586533691977,53,1.0973313300467673,0.7142563365118473,3,338.22916854100185,0.1758689473385817,0.29049351261431827,4713.992358399134,0.22569061845337604,0.4401622420909821,8386.2357066215,0.7991288262665783,0.259211576643769,1.062201119609899,COMPLETE
3,0.2773047478237145,0.9382009702256318,1.739072123707654,0.32770317956728734,0.1167624256877035,3,1.1057929127091248,803,2.0561694171962883,0.140715509134958,51,1.3710002457938013,0.7881822557441351,5,305.0977833329962,0.1631067600149065,0.2773047478237145,4357.634288087622,0.21452639910414315,0.49417922962908367,7971.394471373465,0.726047479721508,0.25111339487828555,1.02153056779032,COMPLETE
4,0.29115341983702747,0.40224569461001386,0.32813306869226033,0.8246044028081914,0.019595423841921946,2,5.067883622266691,935,0.004103848391367383,0.014145808562966301,17,0.9552296714212435,0.8691469025317456,1,118.37965750000149,0.17044035852164321,0.29115341983702747,4617.400370525641,0.224916785526511,0.4439947291859302,8357.48154144305,0.7788521418027098,0.26494653724206585,1.0786730203827728,COMPLETE
5,0.2779474077215087,0.928783815029346,1.477074045702355,0.2889892621347669,0.12175792679005591,2,0.32130899171422184,265,0.0013371236581146446,9.733425888272643,30,0.6089585950739692,0.8901208653687834,2,167.66953533400374,0.16184831817851583,0.2779474077215087,4418.470180359242,0.2146149534601319,0.49376154791038784,7974.684983434883,0.7182713400532856,0.25332981704550733,1.0293553964501034,COMPLETE
6,0.28978771334663456,0.7921040155567369,0.5153624683279975,0.24816852203876277,0.05803247884235023,2,0.3782934710559287,414,0.0004521302243829868,0.016714849815395297,31,1.0927864096432374,0.9317537621305596,2,174.05291408298945,0.16830340786671222,0.28978771334663456,4602.008103684396,0.22371767733943293,0.4499074336569536,8312.924953475465,0.6993143911951214,0.2642801440288066,1.0726866718570458,COMPLETE
7,0.2838426590444927,0.4641463678662225,0.6777145047137225,0.2449329894541066,0.03177785659658285,6,7.524137888871763,657,0.00034855010603111145,3.025671859516072,14,0.3323945711559432,0.8551840478821253,1,114.0589372079994,0.16407617359252819,0.2838426590444927,4435.930193672999,0.2190912906508626,0.47242355135350933,8141.01719095435,0.6707683979476357,0.2590054735745203,1.0488300667165773,COMPLETE
8,0.283507825868238,0.635874473646062,0.7222533637349401,0.7625974566689393,0.06915031237128332,5,2.5885973254985113,213,0.03441895888064188,0.12909899351589266,39,0.4685642956704348,0.7349964211378814,0,235.7395062919968,0.16905446332246754,0.283507825868238,4577.668734635946,0.220201037161777,0.4670654295833494,8182.253268372656,0.6915217239195908,0.25322715482584385,1.0282352259371674,COMPLETE
9,0.28910628208910477,0.9550801464242866,0.28678846550340403,0.9317204590930128,0.0679217746455505,6,0.11644482980609651,1118,1.691997422579532e-05,3.116236719552828,41,1.053118693366834,0.755417751312593,3,373.45097325000097,0.16986998420003707,0.28910628208910477,4605.096641914713,0.22358237841425632,0.45057259725129606,8307.897501802201,0.6937409301157982,0.2620956146993938,1.0664313204193234,COMPLETE
10,0.2995066065496832,0.4019310417770573,1.529810124276432,0.8118744476073539,0.024905029061433673,5,0.6520762643201525,270,6.632011490550172e-06,2.168887777543897,75,1.1464986172137022,0.7460631989399845,0,1660.1227387079998,0.18036733706994232,0.2995066065496832,4742.3745316502755,0.23240029277547591,0.40638001410897284,8635.554489854041,0.7896617341975358,0.26842525509682913,1.09970029166464,COMPLETE
11,0.29013909658691994,0.7117448519065102,0.5929707003854217,0.8758717168111324,0.01637748270024996,6,7.937495447607897,840,1.8478856839915143e-05,3.0915635637298653,50,0.5808017759628431,0.8129628961300991,1,2684.272750749995,0.17233717266537307,0.29013909658691994,4630.5492717023135,0.2246393187391749,0.4453657058967345,8347.17140141461,0.7430020342322788,0.2619991113909801,1.0700125593566001,COMPLETE
12,0.27370680521819873,0.632923362431492,1.3519090505614784,0.6454032968559579,0.06624252017690593,3,0.1182607536770186,940,1.3630366052408711,6.752551117803361,69,1.1539683325247065,0.716808337172194,4,930.7476847920043,0.16089701938620957,0.27370680521819873,4278.181786528953,0.21166177251625726,0.5075977485611982,7864.950375725649,0.7349244208570624,0.24818013080776596,1.010236327623783,COMPLETE
13,0.2890723948223105,0.43281799994386194,0.29584884943192513,0.6550729056968877,0.031926282953907044,4,0.16295424914088455,484,0.004009185521788147,0.14278802245977804,11,1.0133681109420485,0.9727008904237721,3,83.15586224998697,0.16725643943865584,0.2890723948223105,4488.112238420082,0.22274957290107786,0.454658017543341,8276.952027067144,0.708639919634999,0.2652912876849306,1.0795348810220684,COMPLETE
14,0.28553434132821043,0.4660094730566765,1.4713319100709423,0.27122854906636723,0.07045330279001737,5,0.7613109343932994,376,2.51222125540423e-06,0.26892012861935993,43,1.1442951391907143,0.8741043994064042,4,265.2176207089942,0.16833627707557317,0.28553434132821043,4450.480526630966,0.22050149850059916,0.46561007331765103,8193.41784236052,0.7365346128415137,0.2601313713104451,1.0644527146464744,COMPLETE
15,0.2928960149101303,0.5315879490844398,0.49127768587657894,0.2694129786737311,0.14269125100475727,5,0.12114028886098743,707,1.5727604491825182e-06,0.07010211314435617,26,1.4459244808887006,0.6754447643138692,3,167.7569747499947,0.17599912325970188,0.2928960149101303,4692.315139916167,0.227689174987131,0.43020328707609823,8460.4982802275,0.750582644613228,0.26082735969199716,1.0619756431888983,COMPLETE
16,0.2784334469326131,0.7456238989205893,0.9305048393971361,0.576304944026153,0.023723263009667487,6,6.3103479629629184,531,0.025284160305374333,0.30804884965454593,22,1.2514105491241228,0.8504712725740328,1,163.7012833339977,0.17110165945902897,0.2784334469326131,4554.0087523126695,0.21686261072128868,0.48310237570503356,8058.203668034766,0.7260333302961234,0.2462833448452977,1.0128525916494016,COMPLETE
17,0.2828378065166975,0.6220782138164671,0.767082194037532,0.7999878349380788,0.01528040630447445,5,2.203737104767229,1000,0.09590472756285415,7.043523613783705,33,1.2973876997191032,0.8041491152201593,5,283.5026289590023,0.16315804924876223,0.2828378065166975,4381.2085039636,0.21761989128244727,0.4794860771966327,8086.342778669667,0.7288973183998564,0.26087166093700087,1.0636845390329424,COMPLETE
18,0.28145024621036163,0.8932137311588231,0.9654080906897906,0.35216182704207183,0.01650151548185395,3,4.7448133594810304,1018,2.165496527807297,1.0456828802213047,45,0.7835883851155846,0.8577120418397559,2,301.8055319589912,0.16648479765001858,0.28145024621036163,4512.428139746638,0.21773873022083773,0.4789174323791596,8090.758608425004,0.646094354088022,0.2548460639580955,1.0402421493562668,COMPLETE
19,0.2868149600871468,0.780235230887527,0.7543675564291191,0.4711484598975216,0.16098801063596574,3,1.0834296512343664,682,0.0014107073049685088,0.0374802761416516,29,0.36209493866466486,0.6882270124808396,5,180.7048174169904,0.16707728894516757,0.2868149600871468,4536.445801043324,0.22142234564734178,0.46113736935680905,8227.634777363288,0.7840858677982104,0.26157045775922005,1.0635711705676392,COMPLETE
20,0.2787044356545379,0.4422778050135049,1.1124786952735233,0.5650317835798623,0.046780332963311154,2,0.15850893995934567,1162,1.2013434926889721,5.211715827279297,71,1.4584811167575171,0.7322005987685606,4,405.74323199999344,0.16219054492078924,0.2787044356545379,4352.699009875539,0.2150845108239668,0.4915439201954379,7992.132845281709,0.785704227209755,0.2544796993222845,1.0350663163970124,COMPLETE
21,0.28618128458632835,0.898505674703306,1.5002283407427177,0.24334931633771717,0.10460178294035449,2,0.23699878250961268,379,0.003714132945364779,18.756316149295813,37,0.7873488732441221,0.9129594378686868,3,200.96708316600416,0.16830926673369714,0.28618128458632835,4522.043959683659,0.22134141468405372,0.4615312112853843,8224.62753612859,0.8544569820666753,0.25935947960909855,1.0556418107689602,COMPLETE
22,0.28239972519574563,0.7183916235664924,1.422501585647311,0.7710325017131366,0.0855554533519486,3,0.137163417924422,702,0.4757383405273842,5.67878851099022,74,0.9080461057871707,0.7683430325529015,3,425.95619645800616,0.16283254895770474,0.28239972519574563,4390.347522572802,0.2176022683027434,0.47957037679650416,8085.687942138744,0.7705632412184741,0.2591898275720089,1.0526899258072586,COMPLETE
23,0.2756771656704978,0.8346312556561054,1.5423824021979387,0.6716521042995095,0.18881784005216193,4,0.5893736291302386,922,0.8549878911775952,0.014589110113323233,69,1.2873068527886682,0.8383907471166645,5,390.30013745800534,0.16526301661672724,0.2756771656704978,4372.068219958059,0.2135355871071082,0.49884080908798034,7934.577775114556,0.8166253698064606,0.2485663142535585,1.0198842925258296,COMPLETE
24,0.26898876446528275,0.7056131240618855,1.7202196777937342,0.41135576780749866,0.18936663456392583,3,0.5020673114846874,860,0.4086246866375391,0.020349317427243586,62,1.3239105118932988,0.8259529977163316,5,352.8089372079994,0.1646441392746354,0.26898876446528275,4300.382656128357,0.20932258045015256,0.5184212308111247,7778.030431228862,0.7163201957042962,0.23866473606052083,0.981081577189564,COMPLETE
25,0.2780028100385302,0.6448238380369361,1.7735906841897835,0.24873801333578516,0.11885933953724072,2,0.3200957221580896,1005,0.04374745884584465,0.013326372365184417,77,1.1809421166628216,0.7719683133085811,5,436.6247409579955,0.1598459887445372,0.2780028100385302,4255.2651914390635,0.21388616232690236,0.49719388718611923,7947.604485955449,0.7427312381726295,0.25646659084651147,1.0439709905617156,COMPLETE
26,0.2820435348673619,0.9161452339166919,1.4411775193273075,0.7234096822678591,0.10770058537574588,4,0.32345277009424284,1004,2.1202324392055507,0.022206175370722052,60,1.2877218046663454,0.8828077595768059,5,346.6979322919942,0.1670445414276774,0.2820435348673619,4332.986881263318,0.21794564941408587,0.4779265823220403,8098.4473335421335,0.7274859139652214,0.256391541813104,1.0503833604440374,COMPLETE
27,0.2801283037252598,0.4692078461296368,1.1893082619754507,0.4553718731101379,0.1621986688544837,3,0.563667861921665,884,0.059099929034906795,0.017180766524219973,42,1.0970413024973633,0.8739102519633647,4,245.16843383300875,0.1643046288202296,0.2801283037252598,4384.677161473727,0.21622756109298194,0.4861252575137649,8034.60642724169,0.7417117934755668,0.2556029705291115,1.0439248267242842,COMPLETE
28,0.28577599051395164,0.7714523666908225,1.6328124643811015,0.3069821611847319,0.1922950083607959,5,1.7084104556545512,1045,0.07272166658123105,0.015595003192239646,75,1.4005068477408933,0.8229201677027006,4,438.56308599999466,0.17953391487021467,0.28577599051395164,4713.238007697147,0.22339139659871676,0.4515108270731536,8300.80097944,0.7091092738360685,0.24953837566093953,1.032681402357674,COMPLETE
29,0.2796048061166506,0.5707105209121859,1.6217656633824011,0.5536134025479451,0.19235144020216932,4,0.29980317555424724,670,1.9075600817563958,0.08421963511521467,59,1.3973144741581565,0.7970501064557055,3,324.2047403750039,0.17281006415986738,0.2796048061166506,4640.536244395529,0.2179978172178986,0.47767662382772025,8100.385790275818,0.7911440665297558,0.24642795559500805,1.0148000121319976,COMPLETE
30,0.26751419376871305,0.7855075731192769,1.7341935739217356,0.9107553727282751,0.13546881345335032,6,1.159865127209094,931,0.10038551035447883,0.06671486314073463,69,1.299133973125021,0.7094667248290754,5,426.38579462499183,0.15821972637440074,0.26751419376871305,4148.174384142954,0.20694034991453766,0.5293202319246988,7689.511258761333,0.7275579798600844,0.2422953754167015,0.9891357214791735,COMPLETE
31,0.2816843955320617,0.77766492576532,1.5833433999975728,0.9237969013256007,0.10922475129562094,6,0.5613625298276742,769,1.305289302798618,0.4458890821196765,74,1.1807458973194116,0.7057936022834603,5,438.5440434170014,0.16456270010507157,0.2816843955320617,4325.090786034657,0.21714294852885918,0.48176512714894393,8068.620489734643,0.6587432458163236,0.25816578801281015,1.055370738792049,COMPLETE
32,0.27601968572522595,0.5641693033345545,1.4045312647328765,0.8261759712641498,0.1348703015191182,3,0.13364673455271345,1117,0.43367626390877817,12.145584945551372,75,0.9334334934423749,0.669540101850195,5,444.398817416004,0.1605906548189108,0.27601968572522595,4306.049951662415,0.21250818653240397,0.503651740880163,7896.401516643413,0.7019771351957872,0.2540459967712878,1.0392698934416045,COMPLETE
33,0.2793163120263663,0.9364591013394333,1.4121303147593531,0.8581621841926189,0.14440896685884766,4,2.7715684739695017,1029,0.10399780893043477,0.019941344479712755,61,1.1818799320944011,0.690107174444645,2,376.45208266699046,0.16775461686766463,0.2793163120263663,4434.318282435318,0.2164823825858879,0.48491335383511047,8044.075111041074,0.8000154540671773,0.2513357177619137,1.0309261412143076,COMPLETE
34,0.2831236849257819,0.7761060014004154,1.9214352175878142,0.9215826920153707,0.1450914310525488,5,3.5416894818341227,1121,0.00041687646446696115,0.036433685723583194,79,1.1771767929756793,0.6731002881780387,5,483.5506446250074,0.17125194580584271,0.2831236849257819,4503.0815303406835,0.21960282909780532,0.4699570845968757,8160.024990296913,0.8679805005698997,0.2540834233119063,1.0449056663380243,COMPLETE
35,0.28366604510733784,0.7884436217004916,1.5261360713586187,0.466499110129557,0.06136310888730767,3,0.1774134507690351,1174,1.0842064869302734,1.875372010634873,67,1.1518666323459472,0.7801356093490227,4,431.54073670800426,0.1683752324962195,0.28366604510733784,4474.848898462588,0.21966940316633676,0.4696356637638016,8162.498756528223,0.7503795647626046,0.25598656776400436,1.0444991917801918,COMPLETE
36,0.28408877080630474,0.6208409592690936,1.7289839125777537,0.6376154697047819,0.14288917143363605,5,0.705397055717101,803,0.02465887293760541,0.0134547565925052,79,1.1524810648212427,0.8419347669075548,5,467.0614368329989,0.17400503004545156,0.28408877080630474,4591.6798332196995,0.22065950197475745,0.46484394957463815,8199.288952049692,0.6811475086171989,0.25371707532618915,1.0483244498271125,COMPLETE
37,0.2738904363863611,0.7711415337495673,1.7518287384188118,0.36043409602954685,0.18394003655529234,3,0.24204330720897732,780,0.14434065878958835,0.021173606272559712,69,1.315176839250028,0.9087617582576601,5,395.532680416989,0.16218673610056392,0.2738904363863611,4268.059143944803,0.21153939543356007,0.5081669711500731,7860.403075232521,0.730573606430442,0.24940416381120434,1.0229093413085186,COMPLETE
38,0.2813941580482206,0.852762907749519,1.9428989112909045,0.5037326884234293,0.18686145042001173,2,0.16606804886129856,741,0.008512862713227825,0.06239325796452368,42,1.2186535911298495,0.8333196702921237,5,246.9095878329972,0.16352552437312093,0.2813941580482206,4305.2227776421905,0.2168459118530469,0.48318197700622767,8057.58316973462,0.7171513174108829,0.2581929847806947,1.0531328533255406,COMPLETE
39,0.2823065311030304,0.6972811896159128,1.9121661873349731,0.880416961429109,0.17320399916554127,6,0.5090963947923027,743,0.013504276506228081,0.025928861811270926,55,1.328870159769118,0.7065216588547337,5,338.15777937498933,0.17016129705937158,0.2823065311030304,4543.48651839026,0.21926357388526624,0.4715935018015409,8147.418909474636,0.8182745935058183,0.25217182887105666,1.031185320132877,COMPLETE
40,0.28202845259058884,0.7073421520263492,1.8534948305400423,0.46166091127528397,0.19861211017804628,2,0.2898843534503567,685,0.008799117372320857,0.015089831089909017,65,1.466093522780135,0.9563492804627567,4,364.17395858297823,0.16785791447289183,0.28202845259058884,4507.1997588349495,0.21845786586027602,0.475469741998639,8117.480326051948,0.9185470572604545,0.25428234692125135,1.0386134306357238,COMPLETE
41,0.27932808246602003,0.8498612438574281,1.8283126735171624,0.9051261853931376,0.18726059604285195,3,2.7094212572908196,596,0.04888242746884635,0.07899234325053156,51,1.3799904762262911,0.9130354008526957,5,291.56933312499314,0.17091390675526832,0.27932808246602003,4485.575215719857,0.2172606147911029,0.48120332873394167,8072.992745066545,0.8264852430399042,0.24826987069966863,1.0216141525449605,COMPLETE
42,0.27593901412007793,0.8173632704791925,1.132855594591133,0.5829823372868926,0.14085800893604128,4,0.6718737554247645,683,0.2596486458794378,0.011499675921428353,64,0.9067317417408153,0.8912623382861107,2,370.2109543750121,0.16327478052291436,0.27593901412007793,4389.950223040171,0.2132827890881108,0.5000267196804677,7925.184279771207,0.7157510931699463,0.2506249001278686,1.0255228553430993,COMPLETE
43,0.2878341431544335,0.7164235335112662,1.6313396630305848,0.40651353861567807,0.1625056348998819,4,0.2954470059356048,882,0.35580821023210096,0.013604374933896145,57,1.3671795872968864,0.8864568953527946,5,334.4144968749897,0.17142868083013196,0.2878341431544335,4504.760358814573,0.2225056602452244,0.45585167176985086,8267.8886949808,0.7328923761276035,0.2613139316368365,1.0731720698708158,COMPLETE
44,0.28790662865585576,0.5111212369410232,1.5479223661451436,0.5501082446591347,0.09284950439316789,4,0.14150024034176265,905,0.05796242901626498,1.8754598640237425,55,1.1093130585259794,0.7437553910280165,3,345.0930542910064,0.17062374283178885,0.28790662865585576,4556.857056456657,0.22259978559101976,0.45539119824510343,8271.386214466618,0.6896351206792696,0.26122737225934395,1.0691263948015095,COMPLETE
45,0.27659625883480554,0.9157706148213933,1.9318788793972075,0.4552328932561942,0.1689639264177727,3,0.17545265751695285,882,0.07750886871402109,0.055863563081432345,69,1.490570471488602,0.8841899342961874,5,400.1109166670067,0.16427293397142098,0.27659625883480554,4346.244971850765,0.21392490245982582,0.49701172916822867,7949.0439958838115,0.824399140729304,0.25068542549991896,1.026489695927342,COMPLETE
46,0.27518791157752726,0.6756316245829626,1.346847988649024,0.8213073619677216,0.02761351682430326,2,0.13518350041232877,1191,2.8552839719187397,3.4598108554308222,76,0.8272328703521872,0.7180634154889427,2,443.18995270799496,0.15808376098008795,0.27518791157752726,4316.704300319399,0.21201097503680408,0.505971664205363,7877.926079663724,0.6628877078993478,0.25270774616289277,1.0246023632454349,COMPLETE
47,0.2903921932414594,0.5334394937775375,1.338923967813837,0.8555857756056373,0.01538589078363017,2,0.17911729749168928,1192,0.8084552620363448,14.533063030981618,75,0.6260289541015808,0.7531492234918225,2,428.99270104200696,0.1687064952352013,0.2903921932414594,4654.878895665262,0.22424792433921234,0.44729672710430635,8332.627927189447,0.6539916671461868,0.26457707560898824,1.0733033713607292,COMPLETE
48,0.284917380364212,0.7978098281066771,0.8959026012963195,0.5410355059937155,0.019349172498640297,3,0.2834977317386519,927,0.2148495448864347,6.154836214248286,75,0.8196379806039928,0.6743839970827484,0,468.2112678329868,0.16717691072740873,0.284917380364212,4586.279903241482,0.2200794925505351,0.46765359618746005,8177.736900941305,0.7487529155306485,0.2593515512547076,1.0575997740357403,COMPLETE
49,0.2929740446037272,0.8472496347601906,0.5790306209827947,0.7811892263431749,0.019697641087938318,2,0.1262467357530785,1155,2.86271898551217,3.7600116456134423,80,0.8881577665275998,0.7609172648774994,2,471.0501104579889,0.17241616746104368,0.2929740446037272,4756.682911035842,0.22695801154794978,0.43385691356682743,8433.32963235433,0.6222370700745138,0.26406413222310965,1.0707547719180974,COMPLETE
50,0.28805179032548217,0.5461717357881792,1.3749381658721789,0.7136674952997786,0.06788612123211571,6,2.1279500158303533,935,0.02197495475054152,0.14267455283107258,65,1.3003635096325572,0.6690777987887734,5,436.6620956250117,0.169051606132548,0.28805179032548217,4422.859039569831,0.221943257097894,0.4585989634290367,8246.990859758496,0.9339422843975013,0.26443413291035267,1.0851490625477558,COMPLETE
51,0.27606241915998436,0.8832606199314789,1.7942506904749411,0.11044580922917688,0.1451740873750468,3,0.4277328422590889,538,0.033419481650345424,0.1256065242541235,59,1.045796880114637,0.9362583449486436,5,331.1722609999997,0.16398011244105914,0.27606241915998436,4365.160228611867,0.21339883333670484,0.4994825144254771,7929.49626414954,0.8595759254850428,0.25065434329311814,1.027806172733423,COMPLETE
