number,value,params_colsample_bytree,params_input_magnitude,params_leak_rate,params_learning_rate,params_max_depth,params_min_child_weight,params_n_estimators,params_reg_alpha,params_reg_lambda,params_res_size,params_spectral_radius,params_subsample,params_washout,user_attrs_duration_seconds,user_attrs_mean_fold_nrmse_training_range,user_attrs_objective_J,user_attrs_pooled_mae,user_attrs_pooled_nrmse_range,user_attrs_pooled_r2,user_attrs_pooled_rmse,user_attrs_prediction_range_coverage,user_attrs_sd_fold_nrmse_training_range,user_attrs_worst_fold_nrmse_training_range,state
0,0.27308199896317087,0.85,1.0,0.1,0.05,3,1.0,500,0.0001,1.0,20,0.9,0.85,0,148.0821020420044,0.15722653500209854,0.27308199896317087,4191.7593771353295,0.20967622245366999,0.5167926406861201,7791.171097941474,0.7717119075653008,0.25362310603800364,1.0382541228266786,COMPLETE
1,0.2704718147906219,0.9,1.0,0.3,0.03,4,0.5,800,1e-05,0.3,50,1.1,0.9,0,380.3279623330018,0.15373855720602608,0.2704718147906219,4182.134531115761,0.20758836877505465,0.5263678166554788,7713.590411647143,0.7708566787498216,0.25153378406226884,1.0235379651456296,COMPLETE
2,0.2706997900307493,0.5446620555599195,1.7541346645212776,0.5347070804948526,0.08117591758518575,6,2.805864209866754,605,2.303055354155433,21.262586533691977,53,1.0973313300467673,0.7142563365118473,3,356.9049899169986,0.15287389993129855,0.2706997900307493,4193.011122345589,0.20794243565084441,0.5247507657339965,7726.746865808277,0.774616899908165,0.2510294175196195,1.01573191638089,COMPLETE
3,0.27169895674272576,0.9382009702256318,1.739072123707654,0.32770317956728734,0.1167624256877035,3,1.1057929127091248,803,2.0561694171962883,0.140715509134958,51,1.3710002457938013,0.7881822557441351,5,337.9349620409994,0.1548418644048353,0.27169895674272576,4135.974214862009,0.20835603891498028,0.5228583177571708,7742.11557934117,0.8189528320702218,0.25337167131098187,1.034565176360181,COMPLETE
4,0.28247858651295044,0.40224569461001386,0.32813306869226033,0.8246044028081914,0.019595423841921946,2,5.067883622266691,935,0.004103848391367383,0.014145808562966301,17,0.9552296714212435,0.8691469025317456,1,126.99976225000137,0.15714193674805038,0.28247858651295044,4278.552404875018,0.21632627488653863,0.4856559546736444,8038.274444751386,0.6822317335078356,0.2646092465056471,1.0703898573863806,COMPLETE
5,0.2764665986916007,0.928783815029346,1.477074045702355,0.2889892621347669,0.12175792679005591,2,0.32130899171422184,265,0.0013371236581146446,9.733425888272643,30,0.6089585950739692,0.8901208653687834,2,189.8430589999989,0.1584789186543441,0.2764665986916007,4263.366264161583,0.2124683401951135,0.5038378589423845,7894.920902256987,0.7925780451807382,0.2559930339859488,1.0431305415421546,COMPLETE
6,0.28110406755944084,0.7921040155567369,0.5153624683279975,0.24816852203876277,0.05803247884235023,2,0.3782934710559287,414,0.0004521302243829868,0.016714849815395297,31,1.0927864096432374,0.9317537621305596,2,182.59393937500136,0.15757877663772205,0.28110406755944084,4325.094721795923,0.21538930790517571,0.4901018290198017,8003.4585272406,0.75065693189076,0.26285903861706045,1.0661235174002912,COMPLETE
7,0.2679151998722315,0.4641463678662225,0.6777145047137225,0.2449329894541066,0.03177785659658285,6,7.524137888871763,657,0.00034855010603111145,3.025671859516072,14,0.3323945711559432,0.8551840478821253,1,125.87442287500016,0.1540205181745238,0.2679151998722315,4119.993073425278,0.20599652988391562,0.5336038232910392,7654.440694926345,0.7785033328087502,0.24767467995326362,1.0096441149708144,COMPLETE
8,0.27959725223356663,0.635874473646062,0.7222533637349401,0.7625974566689393,0.06915031237128332,5,2.5885973254985113,213,0.03441895888064188,0.12909899351589266,39,0.4685642956704348,0.7349964211378814,0,239.35214412499772,0.1622462363521666,0.27959725223356663,4330.3315173205765,0.2151121019848358,0.4914134617699929,7993.158080535405,0.7786568663940603,0.25794060099492333,1.0554226529023498,COMPLETE
9,0.28040879494986903,0.9550801464242866,0.28678846550340403,0.9317204590930128,0.0679217746455505,6,0.11644482980609651,1118,1.691997422579532e-05,3.116236719552828,41,1.053118693366834,0.755417751312593,3,358.0570495829961,0.16374699979683574,0.28040879494986903,4399.281155340296,0.21612191527545557,0.4866272791306283,8030.680828857201,0.7782958900592891,0.25714751869765395,1.0513964687165995,COMPLETE
10,0.27900648811365825,0.4019310417770573,1.529810124276432,0.8118744476073539,0.024905029061433673,5,0.6520762643201525,270,6.632011490550172e-06,2.168887777543897,75,1.1464986172137022,0.7460631989399845,0,447.1718927500042,0.16008806795892935,0.27900648811365825,4330.820995246402,0.21449115698441154,0.4943454071437796,7970.0849409867105,0.8570460881498418,0.2580613245169867,1.0512615518071444,COMPLETE
11,0.27615351711275526,0.7117448519065102,0.5929707003854217,0.8758717168111324,0.01637748270024996,6,7.937495447607897,840,1.8478856839915143e-05,3.0915635637298653,50,0.5808017759628431,0.8129628961300991,1,408.0688210840017,0.159123461526196,0.27615351711275526,4264.340141372084,0.21231083118507313,0.5045732253517023,7889.068165917448,0.7846009675413556,0.25537074371072843,1.0425962713086914,COMPLETE
12,0.28320137701719994,0.632923362431492,1.3519090505614784,0.6454032968559579,0.06624252017690593,3,0.1182607536770186,940,1.3630366052408711,6.752551117803361,69,1.1539683325247065,0.716808337172194,4,430.3853346249962,0.16051587775321338,0.28320137701719994,4323.052933799869,0.21713362269325126,0.4818096404014368,8068.273959355555,0.7810904907224314,0.26427101729579483,1.0764370959515919,COMPLETE
13,0.27892482994623863,0.43281799994386194,0.29584884943192513,0.6550729056968877,0.031926282953907044,4,0.16295424914088455,484,0.004009185521788147,0.14278802245977804,11,1.0133681109420485,0.9727008904237721,3,88.30701441699784,0.15447227119854187,0.27892482994623863,4170.604363657303,0.213195831345352,0.5004343257995398,7921.9530948318925,0.7975696275945174,0.26291599440354646,1.0661307942971388,COMPLETE
14,0.26497049042319687,0.4660094730566765,1.4713319100709423,0.27122854906636723,0.07045330279001737,5,0.7613109343932994,376,2.51222125540423e-06,0.26892012861935993,43,1.1442951391907143,0.8741043994064042,4,275.8907548339994,0.15207117063806636,0.26497049042319687,4146.92138573637,0.20367302832070044,0.5440657538991867,7568.103779784028,0.8041982053758692,0.2451898484099858,0.9992946643137945,COMPLETE
15,0.27768758823582895,0.5315879490844398,0.49127768587657894,0.2694129786737311,0.14269125100475727,5,0.12114028886098743,707,1.5727604491825182e-06,0.07010211314435617,26,1.4459244808887006,0.6754447643138692,3,176.03681700000016,0.16224899255062472,0.27768758823582895,4397.5451945453,0.21495269295630834,0.4921669595557113,7987.2347431093485,0.7916957255158148,0.25093958111808257,1.0150797030312415,COMPLETE
16,0.2594916963972198,0.7456238989205893,0.9305048393971361,0.576304944026153,0.023723263009667487,6,6.3103479629629184,531,0.025284160305374333,0.30804884965454593,22,1.2514105491241228,0.8504712725740328,1,173.28236749999633,0.1508522048517347,0.2594916963972198,4058.293013116665,0.19962716295309627,0.5619996656118547,7417.767089484272,0.7975762150339076,0.23945813377649405,0.9809959762789328,COMPLETE
17,0.26439021075776986,0.6220782138164671,0.767082194037532,0.7999878349380788,0.01528040630447445,5,2.203737104767229,1000,0.09590472756285415,7.043523613783705,33,1.2973876997191032,0.8041491152201593,5,306.760019334004,0.1516171743343914,0.26439021075776986,4073.1736780919127,0.20318899965977333,0.5462302330680432,7550.11819195981,0.7876454361023226,0.24480484439198605,0.9977429779833377,COMPLETE
18,0.27365150556697937,0.8932137311588231,0.9654080906897906,0.35216182704207183,0.01650151548185395,3,4.7448133594810304,1018,2.165496527807297,1.0456828802213047,45,0.7835883851155846,0.8577120418397559,2,318.87360975000047,0.15429675056818473,0.27365150556697937,4200.161587870332,0.20958556839634243,0.5172103822650219,7787.80256495716,0.7344330112935165,0.25626374868254775,1.0436722971234569,COMPLETE
19,0.2839988535133875,0.780235230887527,0.7543675564291191,0.4711484598975216,0.16098801063596574,3,1.0834296512343664,682,0.0014107073049685088,0.0374802761416516,29,0.36209493866466486,0.6882270124808396,5,187.7521539589943,0.1590500329298274,0.2839988535133875,4238.031568176947,0.21718104243502337,0.4815832808361039,8070.035987101206,0.8186928310364552,0.2672712443134564,1.0886490702676688,COMPLETE
20,0.2662540502752276,0.5466187516106072,0.5489050103027067,0.6404339806629379,0.015040140021088097,3,2.575134056254685,756,0.019922112883005775,3.0471379537937837,30,1.4598508977490108,0.7380019183249715,5,199.7186517920054,0.14947283882897452,0.2662540502752276,4035.9382018292076,0.203932162734759,0.5429048401046326,7577.732723560623,0.7545789085184227,0.24928755016187437,1.012807891585455,COMPLETE
21,0.27227592681598645,0.4092887613989275,1.6655258252567036,0.19459760179828411,0.07754722447753618,5,0.48963924530729896,475,8.088495710622357e-06,0.39770428749222464,51,1.285100726655271,0.901997372441189,4,331.3506522500029,0.1546220177017054,0.27227592681598645,4153.489202679106,0.20879844794065622,0.5208299062283853,7758.554660387074,0.7739360158178173,0.253909915501321,1.034801526616587,COMPLETE
22,0.2747776554409858,0.7278231709074133,1.2279520206505203,0.5267516511576309,0.051162135841708284,6,3.6599834817832133,595,0.0025158416245501156,0.8023501861310802,11,1.2122345678279924,0.8107073465015286,1,112.30324479199771,0.1560547450663669,0.2747776554409858,4227.8503817861365,0.21121903213909918,0.5096555443562636,7848.498982286567,0.830706401788349,0.25423449320754654,1.0300925257722646,COMPLETE
23,0.27340945324444504,0.6831974418640739,0.8653294709760394,0.7565909545319948,0.028664818250457812,6,1.823446201560193,753,0.008428375802038698,4.708797601458663,26,1.1577080893856295,0.8411761142375161,5,255.9052740420011,0.1578949654104691,0.27340945324444504,4263.447952930135,0.21044868324539745,0.5132257479821153,7819.874277178355,0.726533380476181,0.25184307999619043,1.026515237262066,COMPLETE
24,0.2669726613919627,0.6582272561940248,1.0624911669767747,0.8196031196816859,0.025904253617909944,5,6.521562311081738,1060,0.789306280667457,0.26363441763758116,36,1.4415103907475189,0.8543432655946025,3,289.3199829580044,0.15541870732995564,0.2669726613919627,4171.42772153942,0.20567839865229343,0.5350432710178015,7642.619541205802,0.7536195716700715,0.24517705095867712,1.001710437474808,COMPLETE
25,0.2707621038745533,0.7309881047806513,0.5641490417694985,0.3786927333319705,0.02081561387518725,6,8.251749457911616,542,0.20563353736835163,0.2974322736382093,25,1.4477542234414151,0.887805528355591,2,199.0277836670066,0.15594920559620476,0.2707621038745533,4236.819720015179,0.20832810269015853,0.5229862587928047,7741.077522164874,0.7224756725585233,0.24973600473757904,1.0173959850195642,COMPLETE
26,0.2758882529709465,0.4995556912063141,0.7486407340871234,0.4097596366471645,0.08645401993117836,4,0.6744661811779253,215,1.5797259490098358e-06,0.05470110353179396,38,1.063222883985778,0.8903743658195539,2,216.45599100000254,0.1622989888468244,0.2758882529709465,4351.684647306734,0.21254159225279304,0.5034956793687011,7897.642809910506,0.8365952208168501,0.25338664287261375,1.0416006502520305,COMPLETE
27,0.2584439471620702,0.49528323516244327,1.5830477110985428,0.3619913863605622,0.09771153159178274,5,0.15727598420907452,335,1.6576416252465824e-06,0.564496432729644,22,1.1601799988146444,0.7196680887124353,3,149.3188811660002,0.1494660094004203,0.2584439471620702,3994.1971980979074,0.1986861255682377,0.5661193775051601,7382.7999234928475,0.8111501941320408,0.23903128637532994,0.9779967146345977,COMPLETE
28,0.26960509856309545,0.7004721375164762,1.6067605142412007,0.4049389523796429,0.1302748094902131,5,0.31837198878228296,279,0.00010688196509574862,0.533754887703278,17,1.1097531254915445,0.7018838323693601,3,119.23689808299969,0.15823059887914498,0.26960509856309545,4187.172693458967,0.20789890728856536,0.5249497117125068,7725.129434350572,0.813449288942733,0.2468247650981204,1.0109096204589112,COMPLETE
29,0.27787343945363596,0.6085952613748595,0.8816795800867748,0.7903502805338449,0.016096610261581587,5,4.399783005902996,1069,0.0015076079634940688,6.932239626672742,55,1.3970139029959856,0.7906328090299299,4,469.02425912499893,0.1589972931539997,0.27787343945363596,4260.45602841915,0.21333110132160885,0.4998001888693565,7926.979470818156,0.8005606911186122,0.2581693525281084,1.0535792558173944,COMPLETE
30,0.2689615212783312,0.5407814417211277,1.8975548736127337,0.5513114401876441,0.05511595688686383,6,0.16607094570579206,459,3.0001708415331247e-06,0.8114050008320548,30,1.110808335410775,0.7056979995398412,2,231.77544354099518,0.15510127376242186,0.2689615212783312,4086.9143048566875,0.2065550001195274,0.5310715334863501,7675.192390601902,0.7534810690938322,0.24962608463521516,1.0222845358125892,COMPLETE
31,0.2691536857400416,0.4993287460524081,1.559274448199229,0.29483166651629483,0.12245774753093383,6,0.29328321985789146,374,1.26183442023395e-06,7.647241407287921,25,1.1577221127177586,0.6842000155830837,4,182.52317612500337,0.14908965936501403,0.2691536857400416,4030.578111562253,0.20559630710436827,0.535414349368579,7639.569174845253,0.7768862508886814,0.2542295145426933,1.032593634311429,COMPLETE
32,0.26964010886714196,0.5337099908908951,1.748950649109138,0.46868146618162926,0.056381788499630416,4,2.2276347773284946,322,6.377502533026063e-05,0.10963733854988902,22,1.3747397036523041,0.8418900672080506,4,139.07918845800305,0.159141571415204,0.26964010886714196,4271.286782574874,0.20841679184976108,0.5225800250442539,7744.373043273133,0.7963003826638884,0.2448932680695236,1.0004926987700582,COMPLETE
33,0.27152919860068164,0.5958170910472881,0.7879121576236318,0.7101370679271755,0.01540365537028286,5,9.197421588240923,404,0.012710551075453436,0.10430788017641515,15,0.885724184352401,0.7945425005824314,1,111.22683387500001,0.15499509295768948,0.27152919860068164,4158.128333166135,0.20821897555945768,0.5234858698040978,7737.022564779777,0.7478815335341099,0.2532408921648958,1.0350079161539412,COMPLETE
34,0.27285672075548983,0.4803630003722164,1.1292659222179173,0.6236683516615689,0.11942471589862894,5,0.2511262893847343,674,3.0092667216916875e-06,0.28487946642918677,12,1.0781303752590767,0.83784875898076,4,95.00598558300408,0.1553456241822975,0.27285672075548983,4255.824505032065,0.20976228146547038,0.5163959063188076,7794.368887741434,0.7924833662214896,0.2523777571600777,1.023709927090674,COMPLETE
35,0.28212223597190517,0.5851000893307488,0.6101254820992523,0.7705664090454848,0.022356021782301994,4,3.0227919201990607,1186,0.9345310225216795,7.698146650821924,20,1.1613375523964102,0.777028023696861,5,179.6257255829987,0.1617818076194118,0.28212223597190517,4352.260706764975,0.2165180110669562,0.4847437948644444,8045.398997882961,0.798320928307474,0.26241689961979586,1.0730822762859376,COMPLETE
36,0.26656783137804074,0.500047952564699,1.668068381696127,0.2519890485576112,0.07184162763817761,4,0.1549194574615411,312,1.001344338037964e-05,0.869361899292627,13,0.7035574113848098,0.7973236274967719,4,91.27328295799816,0.1555029227082008,0.26656783137804074,4247.916316174078,0.20583706010158478,0.5343256539755936,7648.5151000040805,0.8246539817234255,0.24292308510582375,0.9880190230513214,COMPLETE
37,0.2636819941492529,0.40840933365686494,1.4756769704005421,0.45444541344405387,0.12508770808963476,4,0.38931570358596573,465,4.5754273492324846e-06,0.07586556408347483,42,1.423098870901094,0.7236446624045387,4,256.75479266699404,0.15395398293574242,0.2636819941492529,4117.4147332335315,0.20309554849066921,0.5466475348286508,7546.6457236023,0.7894167777925649,0.24234578263433476,0.9923852925045343,COMPLETE
38,0.2647876745579284,0.5416640153371796,1.8544994759960889,0.5943760059782692,0.17372500774942304,3,0.22211663830429568,449,2.5263619737738223e-06,0.16052711878005518,17,1.2834488178985748,0.6784104524658192,4,113.71174712500215,0.15325518371807023,0.2647876745579284,4090.2556802109384,0.20394041464284537,0.5428678475723236,7578.0393488280615,0.8125448578688466,0.24338903966033218,0.991760756093638,COMPLETE
39,0.27402077957529763,0.4560653556140496,1.887446332882835,0.3230867087073823,0.16823072866237873,2,2.130262897215373,393,2.81859825022944e-06,0.11776447769648775,55,1.4767661312935765,0.6820692078088085,4,296.58043845799693,0.15375411958240498,0.27402077957529763,4127.083574445486,0.209884533640165,0.5158320405926826,7798.911546889882,0.8894797946266063,0.2565449837405306,1.0419715148108295,COMPLETE
40,0.2839387017904764,0.5679921587575032,1.3046613049483333,0.47700363555322983,0.16278121856897473,5,0.6053895485965881,654,3.943236211964611e-05,0.08351173467286871,55,1.4687975012333148,0.7637416470310432,5,332.8718850000005,0.16274157989283466,0.2839387017904764,4322.769483780528,0.21828452788502575,0.4763018012275021,8111.039415360494,0.8508607870014558,0.26261669562180273,1.0691563511011732,COMPLETE
41,0.2716257524491278,0.5490438171422279,1.8536178875463356,0.613318840079205,0.15146107652549148,3,0.14222613689937422,501,9.18265251948566e-05,0.03614988461419435,22,1.3849326240234818,0.6874318053139427,4,140.78790854199906,0.1562511119149119,0.2716257524491278,4132.459434940033,0.208915346634104,0.520293216050278,7762.898394317032,0.7441817071543638,0.2508416232600951,1.0221171361890917,COMPLETE
42,0.2630959525310817,0.4574814644101458,1.105009534338257,0.5644225044719061,0.08267565785834677,5,0.10698447103245798,369,1.025092562456751e-06,0.14891799088550642,53,0.9440947406952187,0.6767792981995637,4,334.6132920839955,0.14988642419751205,0.2630959525310817,4055.5604843245883,0.20196303432461737,0.5516894630031628,7504.563643262923,0.7878989307323782,0.24453167282585728,0.9958382770087675,COMPLETE
43,0.2648139836610198,0.4626653188452329,1.0663068625462937,0.6033962557900565,0.10219880353024596,6,0.18684732162373005,503,1.968384071693775e-05,0.030749467063093793,42,1.083047504987734,0.6925018768285843,5,274.393412874997,0.15217251026773576,0.2648139836610198,4099.33226214815,0.2034152764777707,0.5452190095134754,7558.526209730661,0.8117459121412689,0.24559482873299643,1.0032890042073264,COMPLETE
44,0.2817235451064185,0.4117158593835682,0.44145883134047503,0.44967253750701347,0.03818301230411476,4,0.1222700737271193,422,1.8940797588343192e-06,0.36408432097155674,71,0.8881704913768064,0.7264462671959631,3,418.8383639579988,0.15875412910245545,0.2817235451064185,4288.957914309516,0.21586360197397556,0.48785373275119026,8021.082396068048,0.7552283823803977,0.2634397725297718,1.0714137278201001,COMPLETE
45,0.28242380587515736,0.49384423269913524,1.2777332830216857,0.7888062147159662,0.034180240856442466,5,0.3076140613386016,371,8.314172830360143e-06,0.057437718432476005,66,0.6087473894322251,0.7468089758602943,4,424.4078874580009,0.16075292819386874,0.28242380587515736,4282.868909758453,0.21627876454215578,0.48588185399451256,8036.5090503844085,0.7897147171467122,0.26458016533200623,1.083192921928523,COMPLETE
46,0.2683075876629609,0.4960627603041551,1.4115615098452652,0.36368536970996823,0.08697987237158901,2,0.1102618591364193,379,5.670633801783788e-06,0.9375824032597659,52,1.1042266006461636,0.7495603193813303,5,280.95673612500104,0.14417445609647578,0.2683075876629609,3870.868360528524,0.20414399431134184,0.5419547449750685,7585.60398353369,0.7733413159195192,0.2566543734064764,1.0371275933195139,COMPLETE
47,0.2627166165893884,0.4032429130293159,1.3826709584898982,0.6721327296763935,0.08122931283443524,4,0.3583290948587321,259,6.996127034877572e-06,0.18611859916455065,64,1.250551688018414,0.6894311116294056,4,356.07071541700134,0.1511058125691394,0.2627166165893884,4080.70364289766,0.20200896355418138,0.5514855355970463,7506.2702863993845,0.853579301007917,0.24283061214082804,0.9900518679754962,COMPLETE
48,0.26671683314746447,0.5937343294411427,1.7638768494129708,0.7627913355071241,0.055251430186232194,4,0.9167631110193405,205,2.2213177731304513e-05,0.8961558798215825,57,1.3845541843816855,0.7471965084535696,5,342.7601731670002,0.1522704667447414,0.26671683314746447,4119.3253113132005,0.20481932726131286,0.538919194408302,7610.698076224454,0.8111133372096883,0.24759002354460638,1.0085263484299354,COMPLETE
49,0.27108295329862925,0.4040109134196638,1.665107036882495,0.6289935740603866,0.09778348427750005,4,0.32999283702516025,446,2.4612118442073287e-06,0.8266619981761607,73,1.045301634325989,0.7973052434472794,3,442.7816677919982,0.1498415182044193,0.27108295329862925,4055.06963917248,0.20703751926343475,0.528878110470238,7693.121887634142,0.7702753451549331,0.25618173614077794,1.0398223035319123,COMPLETE
50,0.2720955075709327,0.4607051429031105,1.0844591384234024,0.6581226653715968,0.06992032475679275,4,0.14259856536132165,232,1.1670156030466686e-05,0.10742279019942687,48,1.4017342592695077,0.7222958144678776,2,266.9466687499953,0.15560039886526972,0.2720955075709327,4165.319200114655,0.20861374697953636,0.5216772691588256,7751.69152267313,0.7848080384570294,0.2539270423655855,1.0392898248996751,COMPLETE
