number,value,datetime_start,datetime_complete,duration,params_colsample_bytree,params_input_magnitude,params_leak_rate,params_learning_rate,params_max_depth,params_min_child_weight,params_n_estimators,params_reg_alpha,params_reg_lambda,params_res_size,params_spectral_radius,params_subsample,system_attrs_fixed_params,state
0,0.28364097243906655,2026-09-06 03:11:55.148300,2026-09-06 03:12:30.481129,0 days 00:00:35.332829,0.85,1.0,0.1,0.05,3,1.0,500,0.0001,1.0,20,0.9,0.85,"{'res_size': 20, 'leak_rate': 0.1, 'input_magnitude': 1.0, 'spectral_radius': 0.9, 'n_estimators': 500, 'max_depth': 3, 'learning_rate': 0.05, 'min_child_weight': 1.0, 'subsample': 0.85, 'colsample_bytree': 0.85, 'reg_alpha': 0.0001, 'reg_lambda': 1.0}",COMPLETE
1,0.2785346830351573,2026-09-06 03:12:30.691989,2026-09-06 03:13:17.975950,0 days 00:00:47.283961,0.9,0.36,0.7,0.03,4,0.5,800,1e-05,0.3,11,0.83,0.9,"{'res_size': 11, 'leak_rate': 0.7, 'input_magnitude': 0.36, 'spectral_radius': 0.83, 'n_estimators': 800, 'max_depth': 4, 'learning_rate': 0.03, 'min_child_weight': 0.5, 'subsample': 0.9, 'colsample_bytree': 0.9, 'reg_alpha': 1e-05, 'reg_lambda': 0.3}",COMPLETE
2,0.27836909849561836,2026-09-06 03:13:18.135159,2026-09-06 03:14:07.002003,0 days 00:00:48.866844,0.5101537197345953,1.7541346645212776,0.4231380536632351,0.17681300513212714,4,2.012701405986034,752,3.644652482792098e-05,26.03058711556135,22,1.0322213875194863,0.903411663656835,,COMPLETE
3,0.28529926894303903,2026-09-06 03:14:07.144039,2026-09-06 03:16:21.249506,0 days 00:02:14.105467,0.7131021406343739,0.7899784047141699,0.4475844222537138,0.07143279630406682,6,0.5799394006124057,1093,0.00036075238942410927,13.151745255049628,30,1.125449178202187,0.9272810084847992,,COMPLETE
4,0.27858433096337387,2026-09-06 03:16:21.415179,2026-09-06 03:16:54.338497,0 days 00:00:32.923318,0.46190385238702564,0.42547866177727733,0.2981539122032387,0.031472129490909696,4,2.942812956611264,244,0.3320354171981087,1.503639980987409,30,1.130335779337884,0.7034215894241039,,COMPLETE
5,0.27517623262874863,2026-09-06 03:16:54.496725,2026-09-06 03:17:26.931060,0 days 00:00:32.434335,0.4685405419424807,0.325809438161915,0.4347034430404555,0.029222957652901334,5,0.654533252884089,465,0.17224100572176346,0.0760879983147087,10,0.8473299663627378,0.6730559746322679,,COMPLETE
6,0.2746454900667291,2026-09-06 03:17:27.059209,2026-09-06 03:18:00.955333,0 days 00:00:33.896124,0.5284843155722522,1.0946345278334146,0.6287838150293461,0.022216320269086976,3,2.0956110642565635,509,6.229214449152028e-06,0.6549011128488195,24,1.1297039860760172,0.80661873140401,,COMPLETE
7,0.3043034121028176,2026-09-06 03:18:01.114171,2026-09-06 03:18:19.636056,0 days 00:00:18.521885,0.5419509151051711,1.3936367120404827,0.5830064493666736,0.026287193784865475,2,0.30818860485044414,264,0.0009188610205591764,19.93596046987143,16,0.9049725051969755,0.6594484165871501,,COMPLETE
8,0.27681464591059785,2026-09-06 03:18:19.773555,2026-09-06 03:19:02.517950,0 days 00:00:42.744395,0.4842821478352174,1.2759202394106268,0.6629370237759182,0.04437430121379882,5,3.8330978305221253,592,1.192727954368058e-06,0.01113877359577184,16,0.7534553065551853,0.7444506727469881,,COMPLETE
9,0.2772952109904684,2026-09-06 03:19:02.679776,2026-09-06 03:20:03.971936,0 days 00:01:01.292160,0.4126131881725957,1.486431435864482,0.45399415041463154,0.034316545363493184,5,0.7673535139298574,593,0.011615402047821115,0.5740186338756653,26,0.821423458768402,0.9928912896472828,,COMPLETE
10,0.2746055690346881,2026-09-06 03:20:04.159048,2026-09-06 03:21:35.905426,0 days 00:01:31.746378,0.9079162984049027,1.270372089820081,0.5896418084062283,0.02451535922520632,6,2.7183629280711386,501,0.05455678579102522,2.8367122121604833,29,0.7165300526154208,0.9733122105644979,,COMPLETE
11,0.276117362188779,2026-09-06 03:21:36.070524,2026-09-06 03:22:04.623507,0 days 00:00:28.552983,0.7406016396526415,1.333761831990786,0.14225451474630063,0.015125570536383201,3,0.1793522910128987,607,0.8782834980356521,0.04802391368168541,11,0.7978701268883637,0.8851609042581579,,COMPLETE
12,0.2812416999005032,2026-09-06 03:22:04.761107,2026-09-06 03:22:36.044579,0 days 00:00:31.283472,0.8296965215361503,1.3689622025686385,0.24030212330313644,0.05010395899911748,6,1.0943330267885385,233,0.2836463359135307,1.996740471745755,14,1.120089966435645,0.7184465008263211,,COMPLETE
13,0.28064362416456784,2026-09-06 03:22:36.190622,2026-09-06 03:23:24.369278,0 days 00:00:48.178656,0.9682624065236451,1.6780070341189668,0.5269841662623533,0.016483972798629183,4,0.2408584719032223,476,0.18650211692173685,0.012388798808428476,23,1.0699383769576034,0.7858719614183703,,COMPLETE
14,0.2767004527489052,2026-09-06 03:23:24.518504,2026-09-06 03:24:03.966559,0 days 00:00:39.448055,0.43281799994386194,1.2903284951238208,0.1157196055195172,0.031926282953907044,4,0.16295424914088455,484,0.004009185521788147,0.14278802245977804,24,1.025753470746726,0.9727008904237721,,COMPLETE
15,0.2814015806593405,2026-09-06 03:24:04.128723,2026-09-06 03:24:40.232306,0 days 00:00:36.103583,0.7841789704109785,1.4713319100709423,0.24748569937757817,0.07283455816194946,2,1.5645667838968427,975,5.159238461810186e-06,0.016396969335196757,19,1.0517896413294643,0.8042733618001947,,COMPLETE
16,0.27711948886274196,2026-09-06 03:24:40.380128,2026-09-06 03:25:33.278025,0 days 00:00:52.897897,0.4249865814732302,0.6766363474211439,0.2388322384887909,0.05577788612591106,4,1.6243776203330442,1155,2.9572112765464037e-06,0.05788669542294301,18,0.7689364816790225,0.9543784689085558,,COMPLETE
17,0.2717156139539296,2026-09-06 03:25:33.439774,2026-09-06 03:26:11.529645,0 days 00:00:38.089871,0.5061834701825624,0.5533574945732763,0.24593643088582218,0.0257493968443029,5,0.4594540211249762,589,0.6754322127583999,0.9808629966115734,10,0.992391635570085,0.9624730821282775,,COMPLETE
18,0.2831519164660848,2026-09-06 03:26:11.744975,2026-09-06 03:27:04.319828,0 days 00:00:52.574853,0.8795178733836465,0.9992072015963969,0.5078523494012248,0.12914907740674908,3,6.735791815314738,1034,1.1125340813867696e-06,2.163538942994242,22,0.8663581220102856,0.929882622691781,,COMPLETE
19,0.2780645929397026,2026-09-06 03:27:04.487556,2026-09-06 03:27:44.206504,0 days 00:00:39.718948,0.8908359121888286,1.596002287913755,0.32207821381646706,0.043248536462696004,3,0.63970632072718,696,0.00010892527477706596,0.013429681385299028,19,1.1095039784807834,0.7720054922703937,,COMPLETE
20,0.2763501162920164,2026-09-06 03:27:44.390782,2026-09-06 03:28:14.318104,0 days 00:00:29.927322,0.5248656509757877,0.4747254331055538,0.2587757793572837,0.01844267690558953,4,0.6779755674270341,505,0.06437901598953918,1.4872434558632914,11,0.9014760734704571,0.9412668496156047,,COMPLETE
21,0.2766340406425848,2026-09-06 03:28:14.452542,2026-09-06 03:28:58.832845,0 days 00:00:44.380303,0.9549940809957776,1.2994083930089795,0.612689467928585,0.041894466920316634,5,2.7026570136623085,217,0.4280673556008233,2.3899956007201744,29,0.80846693859914,0.9982053637180052,,COMPLETE
22,0.2774961846622899,2026-09-06 03:28:58.972519,2026-09-06 03:29:33.523883,0 days 00:00:34.551364,0.4535267664522253,0.8493021755350054,0.5851704927664336,0.015762433773159175,3,2.0583240480780627,466,1.0338917081840035e-06,1.0669201216204613,27,0.9841846562477177,0.7776930966809412,,COMPLETE
23,0.28283608385100345,2026-09-06 03:29:33.680922,2026-09-06 03:31:54.562202,0 days 00:02:20.881280,0.9527904190521566,1.2905677452367217,0.66437540768079,0.017781502193026908,6,1.810893234916071,799,0.0048672432731034325,0.20269955683060065,28,0.7531847474561733,0.9628105471523605,,COMPLETE
24,0.2835079942797031,2026-09-06 03:31:54.720523,2026-09-06 03:32:20.080204,0 days 00:00:25.359681,0.49288574072028823,1.1013571159562279,0.6986285646515705,0.030960149451056084,2,1.8431781550721984,535,1.928458765490647e-05,0.2639930044790753,18,1.140502869143145,0.8097133546312529,,COMPLETE
25,0.2789505082503813,2026-09-06 03:32:20.258141,2026-09-06 03:33:25.260205,0 days 00:01:05.002064,0.581732321341889,0.4584179484954732,0.20251766834216928,0.02353515548764675,6,1.4166278189216468,814,0.21951943079908398,0.46173917307357076,14,1.1526392171732223,0.960220236753673,,COMPLETE
26,0.2816459951113041,2026-09-06 03:33:25.424354,2026-09-06 03:34:33.671525,0 days 00:01:08.247171,0.8519916020892844,1.5099163684376566,0.6453137327353137,0.02660821492617441,5,1.2597862035456544,494,0.0001109552288628058,6.546697012552587,28,0.7231069712272599,0.9337699402554929,,COMPLETE
27,0.279296048414764,2026-09-06 03:34:33.838859,2026-09-06 03:36:24.622252,0 days 00:01:50.783393,0.6946938140902119,1.2245639936031434,0.4056890512255006,0.03150957752548862,6,1.7264035488857885,980,1.6270442875973044,16.31309845105904,30,0.7823936751017602,0.8943643845186052,,COMPLETE
28,0.28029377902254143,2026-09-06 03:36:24.799049,2026-09-06 03:37:14.780319,0 days 00:00:49.981270,0.6107398960943505,0.32776124255141736,0.3055125936396416,0.03565182501975333,6,0.22030536529276565,512,0.2910689172826978,10.323540399198494,13,1.0092258361906299,0.9705280991693241,,COMPLETE
29,0.2804100345589454,2026-09-06 03:37:14.969796,2026-09-06 03:37:57.348880,0 days 00:00:42.379084,0.6917674986434397,1.316023494099361,0.4921668556590515,0.02948328175858734,4,3.453528877467487,505,1.5652279002312012e-05,0.07876789056887483,23,1.0030470862512284,0.8136020331548945,,COMPLETE
30,0.2777779591139341,2026-09-06 03:37:57.522250,2026-09-06 03:39:09.457274,0 days 00:01:11.935024,0.889570054850586,0.39656315327215497,0.5706645925354886,0.042016339425759316,5,9.827130415553842,750,0.06442362968214578,3.479754821685446,24,0.7353563071846998,0.9378029101462678,,COMPLETE
31,0.27471857431641966,2026-09-06 03:39:09.617936,2026-09-06 03:39:41.643332,0 days 00:00:32.025396,0.4292137198411806,0.28083259470101063,0.5020557517752342,0.03814445580239875,4,0.5595659769382099,601,0.14096493059578308,0.1222483141962804,11,0.7769903835218586,0.6733998956712102,,COMPLETE
32,0.27718400549898775,2026-09-06 03:39:41.835220,2026-09-06 03:40:07.814203,0 days 00:00:25.978983,0.5474494899018698,0.7684992015994259,0.4914284635557761,0.0779897022107994,3,0.22554462984894566,551,0.0007446222062784368,0.1945957991794062,12,0.7841058008082097,0.6940962589455034,,COMPLETE
33,0.276679985576339,2026-09-06 03:40:08.015144,2026-09-06 03:41:48.787542,0 days 00:01:40.772398,0.7753737907678442,1.2912244502185197,0.5299285961937502,0.01552770156282429,6,2.7093929420770135,623,0.962766794977103,18.823970472115143,29,0.7316687479164107,0.9832924950579495,,COMPLETE
34,0.2796082256341233,2026-09-06 03:41:48.968949,2026-09-06 03:42:20.383137,0 days 00:00:31.414188,0.6255137296360218,0.33696464306305696,0.5328319416551156,0.04928545219910014,3,1.3668846938004693,731,0.13326163020916176,0.028048345122911954,12,0.7751071054753639,0.6761318479017302,,COMPLETE
35,0.2755795885093203,2026-09-06 03:42:20.574205,2026-09-06 03:42:54.778023,0 days 00:00:34.203818,0.46563821513516507,0.40257436812183245,0.4055739388410087,0.02907122177980452,3,0.4316532569495316,888,0.025665257327326104,0.9401459992700527,13,0.8227304498616906,0.7835633438028191,,COMPLETE
36,0.27819471238400406,2026-09-06 03:42:54.922651,2026-09-06 03:43:34.803207,0 days 00:00:39.880556,0.5466641073246227,1.2082078122917765,0.6090524780188387,0.02372194518594709,3,0.28063207661376965,518,7.716381060179369e-05,2.863805036918867,29,1.102481054523877,0.8412258166935672,,COMPLETE
37,0.27345674610540854,2026-09-06 03:43:34.965879,2026-09-06 03:44:10.331541,0 days 00:00:35.365662,0.7084790435820064,1.0842550113840428,0.21140423411062084,0.023850026395891816,6,0.5373442982873397,347,0.48174124138880325,0.12090879833004073,11,1.012875958813992,0.9615710001474627,,COMPLETE
38,0.27259265816346684,2026-09-06 03:44:10.463631,2026-09-06 03:44:37.326171,0 days 00:00:26.862540,0.6757800889814185,1.0714735904872523,0.1853513051429343,0.02874994565129172,6,0.3480725053224472,231,0.5103330422581926,0.12036072329847176,11,0.86527518228635,0.9751302915239363,,COMPLETE
39,0.28447856377797937,2026-09-06 03:44:37.453631,2026-09-06 03:45:04.541297,0 days 00:00:27.087666,0.7735759181726168,0.9819977755653474,0.1612321670038471,0.01902137343546315,5,0.459372876253096,224,0.003013695899422794,0.038864442338962524,14,1.0230472680870004,0.9764212579724745,,COMPLETE
40,0.27609125976431237,2026-09-06 03:45:04.689428,2026-09-06 03:45:39.261525,0 days 00:00:34.572097,0.637732541467046,1.0054967980377665,0.34563861844032895,0.05623722602573618,6,0.39220080290435605,418,0.5870707961313845,0.19163687948667513,16,0.8191393688588344,0.9710895913265658,,COMPLETE
41,0.27662679008796665,2026-09-06 03:45:39.394635,2026-09-06 03:46:20.298472,0 days 00:00:40.903837,0.67442066984556,1.1857470211782724,0.1040610261611501,0.022928264630415408,6,0.7152523269304536,381,0.259238198939167,0.8640944578978524,13,0.8395203094193138,0.9445708403205636,,COMPLETE
42,0.2758960916217428,2026-09-06 03:46:20.429463,2026-09-06 03:46:45.897539,0 days 00:00:25.468076,0.6818569118136013,1.00303127465685,0.1937212736965635,0.03188516273515362,5,2.5573884240926055,292,0.316582330610425,0.07377941993457826,11,1.1444255592462083,0.8428666015090301,,COMPLETE
43,0.2772248151243103,2026-09-06 03:46:46.043312,2026-09-06 03:47:36.802062,0 days 00:00:50.758750,0.8215026561025656,1.2802150006064459,0.25402836949004803,0.03918256193190294,5,0.23081514060812772,717,0.17148851813317464,0.7172651447796681,16,1.0883125907828826,0.9748292548786224,,COMPLETE
44,0.2924558232916461,2026-09-06 03:47:36.943517,2026-09-06 03:48:22.772701,0 days 00:00:45.829184,0.9622405292844752,0.5368190432026207,0.5010577174633445,0.015113554414167308,6,4.90876234398255,232,0.0021084589210627175,2.7080742251440757,27,0.7309093586900737,0.9850033772331711,,COMPLETE
45,0.2788064400990746,2026-09-06 03:48:22.975458,2026-09-06 03:48:50.328337,0 days 00:00:27.352879,0.7585426393649105,0.8885653257424615,0.2724722470788234,0.021370182832818132,6,0.8176701932493453,226,0.26902899186358703,0.033253766224660676,10,0.8095614691033514,0.94899546035935,,COMPLETE
46,0.27785312241756205,2026-09-06 03:48:50.460459,2026-09-06 03:49:33.412752,0 days 00:00:42.952293,0.5712332417299372,1.0141542635664786,0.24734659817994856,0.015292670752906827,6,0.6666339450084691,472,0.02278483757437815,0.15649650171006602,10,1.079923754519835,0.9528011266662382,,COMPLETE
47,0.2748653954959049,2026-09-06 03:49:33.584599,2026-09-06 03:50:10.507494,0 days 00:00:36.922895,0.5803995146920519,0.9186563996664353,0.45563712312675775,0.016596436043997232,4,7.506816809073946,441,1.4852426847399072e-05,0.8430247445706422,24,1.1225188173582445,0.8229293247014003,,COMPLETE
48,0.28074810789299753,2026-09-06 03:50:10.668474,2026-09-06 03:50:51.456313,0 days 00:00:40.787839,0.4641436882720165,0.4477281460766863,0.4048595002543581,0.03497715160090457,5,0.16026964689152476,688,0.1934629383661303,0.024364383492582877,12,0.8689485047435311,0.9480434367039112,,COMPLETE
49,0.2850826173395815,2026-09-06 03:50:51.614895,2026-09-06 03:51:30.972423,0 days 00:00:39.357528,0.720842294644515,1.1757380863566922,0.147666955483022,0.022530427895923594,6,0.6823634681758843,341,2.196050371283973,0.048927449393274945,16,1.0809906779006433,0.9604853170243947,,COMPLETE
50,0.2808023269753376,2026-09-06 03:51:31.158466,2026-09-06 03:52:05.706615,0 days 00:00:34.548149,0.6959471939359173,0.9250918105050443,0.3055726779568129,0.021279768769896713,5,0.30731464714672685,476,2.33127522247996,1.1906566391736684,11,1.0094256470441008,0.8754838708189006,,COMPLETE
51,0.2743767803278063,2026-09-06 03:52:05.874872,2026-09-06 03:52:53.174038,0 days 00:00:47.299166,0.4201196310903173,0.2665028792958012,0.5659584659716845,0.01780187405928853,5,0.4791146328509455,683,0.039404688536766416,0.10108929159030501,15,0.7337321433618534,0.7532727014472439,,COMPLETE
52,0.27397232433086616,2026-09-06 03:52:53.313790,2026-09-06 03:53:39.172590,0 days 00:00:45.858800,0.4308323482078148,0.8455928515283189,0.4335264360076345,0.0158594049384219,5,0.205510774741754,610,3.783031832089352e-06,0.23831651037306525,16,0.7567114755666147,0.7798642845171488,,COMPLETE
53,0.2761721211438641,2026-09-06 03:53:39.363296,2026-09-06 03:54:21.936733,0 days 00:00:42.573437,0.41213431771664844,1.1287383768153934,0.28656338583884006,0.016431977919777525,5,0.10190195959228446,571,4.908772942148724e-06,0.39897296894228934,16,0.738562699402468,0.7673088506024276,,COMPLETE
54,0.27560473538727015,2026-09-06 03:54:22.060432,2026-09-06 03:55:27.275668,0 days 00:01:05.215236,0.4349314483366917,0.736756344907866,0.5055494623730804,0.038234304053745186,5,0.15650193481425773,906,1.6021164694150296e-06,0.6411895787066179,18,0.8630439243208556,0.739805588959007,,COMPLETE
55,0.2839307931071788,2026-09-06 03:55:27.436352,2026-09-06 03:56:50.533884,0 days 00:01:23.097532,0.4420711886183867,0.7477631269794032,0.6583728768403622,0.018077528218641174,6,0.3576303305268139,953,0.3965066060783425,0.038265330476290944,19,0.7714873093752868,0.8100365131116117,,COMPLETE
56,0.2737118207885269,2026-09-06 03:56:50.701881,2026-09-06 03:57:20.984118,0 days 00:00:30.282237,0.4414344604420455,0.8418782840711656,0.5078567293680647,0.03773446542123123,5,0.40065202996398264,447,6.508570979433165e-06,0.46562873476683225,10,0.7560140109314398,0.8075477011816572,,COMPLETE
57,0.2786668831558834,2026-09-06 03:57:21.166272,2026-09-06 03:57:55.785080,0 days 00:00:34.618808,0.5145812708559742,0.9089428007360301,0.4451505553863024,0.031542046851174954,5,0.6812637440453969,469,5.803525893243798e-05,8.940748831967783,12,0.9202992674045332,0.7478182026915261,,COMPLETE
58,0.27833366348128885,2026-09-06 03:57:55.939917,2026-09-06 03:58:28.151249,0 days 00:00:32.211332,0.4333701018636226,0.8788115775180114,0.45485404775691407,0.07949594662635384,5,0.4268273642138799,537,7.305528453094e-05,0.21834254680514784,11,0.7117559044250992,0.8358252419327055,,COMPLETE
59,0.27608792875442617,2026-09-06 03:58:28.276960,2026-09-06 03:59:32.393751,0 days 00:01:04.116791,0.5771185572152683,0.42408197467293524,0.46000447596394567,0.016516044294219445,5,0.2857113170182499,900,0.00010345158081048648,0.020576119378104725,15,0.7964919671727106,0.7996946114218481,,COMPLETE
60,0.28078789970846296,2026-09-06 03:59:32.535642,2026-09-06 04:00:04.314653,0 days 00:00:31.779011,0.5765635130265935,0.568798607897353,0.4836665157762339,0.024022677056090545,4,0.2093465865473878,538,2.725974498193163e-06,1.3530902464183958,12,0.8728494153509605,0.8656925953715517,,COMPLETE
61,0.27637713147875054,2026-09-06 04:00:04.503959,2026-09-06 04:00:33.774144,0 days 00:00:29.270185,0.46175835135319604,0.7681927567084172,0.6970904291598757,0.03837981357112298,5,0.8279837140852174,377,4.279638321765603e-06,0.7195674669222554,12,0.8336886114530193,0.8522725115579143,,COMPLETE
62,0.27804577350433235,2026-09-06 04:00:33.895568,2026-09-06 04:01:15.214211,0 days 00:00:41.318643,0.7652549233875731,1.6187646586723188,0.3975334123074416,0.037300459106265935,6,0.25533875586154164,469,0.27019679891230713,0.0263029943156571,12,0.9747665925839257,0.9352635928327583,,COMPLETE
63,0.2715034252710044,2026-09-06 04:01:15.377215,2026-09-06 04:01:53.989903,0 days 00:00:38.612688,0.670407352360791,0.3504702098375714,0.6405275403173887,0.016463353023524255,5,3.0684673274167595,472,0.16779000090102814,0.05802182868779189,15,0.7455396111917453,0.7763911643411029,,COMPLETE
64,0.27943917837839366,2026-09-06 04:01:54.138582,2026-09-06 04:02:50.860531,0 days 00:00:56.721949,0.5320574098982938,0.8702524820653407,0.45884343359015506,0.019938811706288348,5,0.4236704016651967,527,1.287825302548405e-05,0.1817745269144977,24,0.7431364539796528,0.8090125408779002,,COMPLETE
65,0.27913559534035304,2026-09-06 04:02:50.986339,2026-09-06 04:03:47.399213,0 days 00:00:56.412874,0.8776983127470005,0.5288119677909197,0.5366934498791013,0.016048596253195956,6,3.9662828852968115,585,0.07967503388259162,0.08903563045011958,14,0.752265644721584,0.7158880686622242,,COMPLETE
66,0.2810469363416139,2026-09-06 04:03:47.597249,2026-09-06 04:04:11.020139,0 days 00:00:23.422890,0.4241933484105344,0.361680878470167,0.6394002247114352,0.017144059513190747,4,4.084423445050839,290,0.004808987158194091,0.028088362223428375,16,0.7130758446414447,0.7259446253849604,,COMPLETE
67,0.2791621862288096,2026-09-06 04:04:11.199055,2026-09-06 04:04:56.520887,0 days 00:00:45.321832,0.5707155373106195,0.419471774528423,0.6218739799244183,0.015936095944226954,5,0.23805217588854716,524,0.02230992211335264,0.09262665188429652,17,0.8283165356487294,0.7304980876923457,,COMPLETE
68,0.2773549622919266,2026-09-06 04:04:56.653240,2026-09-06 04:05:33.496050,0 days 00:00:36.842810,0.5048183701232583,0.8350967089678225,0.1352840110528687,0.024377221458234517,4,0.12293401039673602,736,0.13127490683609228,0.5239399082169834,11,1.0094062370567145,0.9191187390949122,,COMPLETE
69,0.2699192292099696,2026-09-06 04:05:33.674498,2026-09-06 04:06:06.787277,0 days 00:00:33.112779,0.5371372776373491,0.9369981132223171,0.5715795677126688,0.02046744114810771,5,6.013951557835074,518,0.31880825996668116,0.38551577457731584,11,0.7012958568700787,0.8151930463102217,,COMPLETE
70,0.26825866520514835,2026-09-06 04:06:06.978292,2026-09-06 04:06:56.812026,0 days 00:00:49.833734,0.5131618728366241,0.9074426430603377,0.4392132200658989,0.024148670077814245,6,6.649164922209469,638,0.1511991735122426,0.08550624212452912,15,0.724698616490276,0.8893596382481342,,COMPLETE
71,0.2710758073538314,2026-09-06 04:06:57.001471,2026-09-06 04:07:47.387971,0 days 00:00:50.386500,0.5693407595126406,1.1170603938866785,0.4965046138902717,0.031023689545769735,5,6.846435123895615,812,0.038461611844872595,0.6404180507413442,15,0.7342168348857345,0.8292734424498807,,COMPLETE
