number,value,datetime_start,datetime_complete,duration,params_colsample_bytree,params_input_magnitude,params_leak_rate,params_learning_rate,params_max_depth,params_min_child_weight,params_n_estimators,params_reg_alpha,params_reg_lambda,params_res_size,params_spectral_radius,params_subsample,system_attrs_fixed_params,state
220,0.2742632805926016,2026-09-06 05:46:00.197466,2026-09-06 05:46:26.998804,0 days 00:00:26.801338,0.5047666130283108,1.04420679727126,0.27447607750948455,0.18212689504910065,2,8.18021343289713,1042,0.9323574423004701,1.8664421493825984,10,1.088732273674019,0.7985111093357512,,COMPLETE
221,0.27307456396688123,2026-09-06 05:46:27.134719,2026-09-06 05:47:23.325432,0 days 00:00:56.190713,0.48204099833945663,1.5537852059729789,0.22138918593659374,0.019937999338509992,5,2.753307493878472,1085,0.00031330716143695324,2.886989944611789,10,0.8758474576843729,0.9494047896075289,,COMPLETE
222,0.2693513390245263,2026-09-06 05:47:23.493132,2026-09-06 05:48:04.863711,0 days 00:00:41.370579,0.41494605979838056,0.6420722954535505,0.27842986543906434,0.07348589776330279,4,8.482935222411713,1033,1.0668648641514553,20.715108935773937,18,0.992392702405517,0.9762175617368822,,COMPLETE
223,0.27819836340194437,2026-09-06 05:48:05.048057,2026-09-06 05:49:02.665356,0 days 00:00:57.617299,0.6163617289252086,0.4877513587432395,0.5008273902664868,0.1681385113179451,4,1.5410143073420834,1083,0.008944033570163715,29.727152122310915,19,0.9087773186080942,0.8832968719642929,,COMPLETE
224,0.27135655499398126,2026-09-06 05:49:02.878699,2026-09-06 05:49:58.703968,0 days 00:00:55.825269,0.4608445994538685,0.9706161532347442,0.6811085402774475,0.08920599333731043,4,3.3168675287537583,1164,0.07024891099078903,12.857969839810172,17,1.1657154316886,0.7763506100864921,,COMPLETE
225,0.2706822727190061,2026-09-06 05:49:58.875949,2026-09-06 05:50:34.951240,0 days 00:00:36.075291,0.40293840892829424,1.1959476355064056,0.2562133168256955,0.037445211626167846,3,9.224443541865698,948,0.1987959100849957,5.262747867051032,15,0.8553554577172335,0.8954706007964677,,COMPLETE
226,0.26665815305133167,2026-09-06 05:50:35.142142,2026-09-06 05:51:10.220619,0 days 00:00:35.078477,0.474560653296203,1.3605134385180322,0.4540508787774358,0.08792839426146769,3,8.376884834590523,857,1.39466752417993,21.501898303996555,16,1.1505877430573281,0.7347134966424886,,COMPLETE
227,0.2693632253285823,2026-09-06 05:51:10.359021,2026-09-06 05:51:41.524701,0 days 00:00:31.165680,0.499259017276429,1.378899393110144,0.4726092995444438,0.1753754400210863,4,3.307677942782361,856,0.5714183208328975,18.454761917411826,10,1.124454683707282,0.8261885705852009,,COMPLETE
228,0.27046848217122577,2026-09-06 05:51:41.713058,2026-09-06 05:52:09.186863,0 days 00:00:27.473805,0.5577367524063044,1.0042893839326679,0.542294124520272,0.17562213454161146,3,7.025210006970315,844,2.660256182984499,27.774460076206612,10,1.1917977594438012,0.7654892531923801,,COMPLETE
229,0.2733571521316176,2026-09-06 05:52:09.376829,2026-09-06 05:52:42.291450,0 days 00:00:32.914621,0.5525160256210747,1.1463640416170056,0.45096219280591154,0.0682987901013367,3,1.5708126623594558,942,2.5674009936821998,4.138254118489953,12,1.1680664081753165,0.7076401744761616,,COMPLETE
230,0.2772103116775073,2026-09-06 05:52:42.484729,2026-09-06 05:54:18.480867,0 days 00:01:35.996138,0.540831515997305,1.9638260255919038,0.3190781606962939,0.046902166249086864,6,2.5275297900618763,1086,0.02245582973884108,27.695604532046712,17,0.7923997750100022,0.9285609001906552,,COMPLETE
231,0.26952536049658954,2026-09-06 05:54:18.649719,2026-09-06 05:54:53.191250,0 days 00:00:34.541531,0.47398392739068806,1.289339055920178,0.3846942029342259,0.14538412747921875,2,3.1082478661300312,1167,0.05998094959114953,22.093871916216234,16,1.1565131988704476,0.7535585093233717,,COMPLETE
232,0.2699515095076514,2026-09-06 05:54:53.381172,2026-09-06 05:55:19.435789,0 days 00:00:26.054617,0.6635391837665123,1.2790088168255174,0.4222050990064276,0.09376848358567606,2,5.746184067503393,904,1.6148819575441438,3.3001249704900113,10,1.1929015035157935,0.7965879435376714,,COMPLETE
233,0.27467610688094996,2026-09-06 05:55:19.618856,2026-09-06 05:55:59.981672,0 days 00:00:40.362816,0.4080927442314789,1.4140624778673794,0.507693869241842,0.07147932533353735,3,6.854478358606391,873,0.055883119852913846,16.18326244971156,22,1.1106220014679797,0.7238187962137671,,COMPLETE
234,0.2681581983681585,2026-09-06 05:56:00.166698,2026-09-06 05:56:40.543705,0 days 00:00:40.377007,0.5188133028624509,0.6000797984093905,0.514750401325148,0.154056104282132,5,8.18064524862969,1129,0.1920285112432718,9.02594821773427,12,0.9520986057305753,0.8553316070324549,,COMPLETE
235,0.27233738469172186,2026-09-06 05:56:40.708025,2026-09-06 05:57:09.217233,0 days 00:00:28.509208,0.7159259791202793,0.6240204464564444,0.2470012139526159,0.12251455082643084,5,8.646956608864032,1135,1.6504118475016893,0.348055613604028,12,1.1288496170928224,0.9796857670660791,,COMPLETE
236,0.269675195955756,2026-09-06 05:57:09.359190,2026-09-06 05:57:48.688294,0 days 00:00:39.329104,0.45113351363801657,0.5472234897272893,0.40440039588345084,0.03823966206747697,3,3.0988156861790923,1097,0.421192026335814,15.509844393834996,13,0.8608801118510648,0.9066455300454404,,COMPLETE
237,0.26797189844869584,2026-09-06 05:57:48.861550,2026-09-06 05:58:16.005201,0 days 00:00:27.143651,0.5422776304739149,1.69362284175541,0.3547630439603848,0.08386848308364919,2,7.520015131408589,1008,0.02136329030540576,9.073791938615544,10,1.1321113813076586,0.8461558598142541,,COMPLETE
238,0.2663525649043224,2026-09-06 05:58:16.175320,2026-09-06 05:58:59.382449,0 days 00:00:43.207129,0.48086343708202356,0.8903812986206772,0.33228910643690934,0.05163499779655741,4,6.759543367891025,1160,0.42401314115429534,4.544830941985668,13,0.7509475447212202,0.9750377616585031,,COMPLETE
239,0.27574055089298644,2026-09-06 05:58:59.534142,2026-09-06 05:59:59.085497,0 days 00:00:59.551355,0.6152705496514294,0.6862860903138757,0.3407364163222052,0.0607917252760888,5,6.153614355413764,775,0.0031396089584360735,20.215201913446986,20,0.8646702419026511,0.9181200139659906,,COMPLETE
240,0.27451583964609466,2026-09-06 05:59:59.267506,2026-09-06 06:00:38.635732,0 days 00:00:39.368226,0.5081268994140478,0.2625093287150063,0.6856857654014554,0.05240264071991245,5,1.2423856977996839,1004,1.6501891103737876,25.175732162196383,14,1.0862164657528435,0.994752715263834,,COMPLETE
241,0.2719251046375001,2026-09-06 06:00:38.821487,2026-09-06 06:01:15.381098,0 days 00:00:36.559611,0.42093643112611845,1.3891705506364427,0.36592183951481244,0.11845528502510107,4,8.073255326516971,1117,2.264507329021208,11.068958921467638,21,0.9607878811690233,0.9386564900255988,,COMPLETE
242,0.2705418755917004,2026-09-06 06:01:15.541287,2026-09-06 06:01:50.376443,0 days 00:00:34.835156,0.41877720658088735,0.7792359030208196,0.43244689480741383,0.0281597698121255,5,2.7499279376783283,586,0.2645316389219262,6.573415754069201,10,1.1907453414493003,0.9057092027318204,,COMPLETE
243,0.26552825387368784,2026-09-06 06:01:50.565728,2026-09-06 06:02:24.863109,0 days 00:00:34.297381,0.5014331376445534,1.1370892015338427,0.36900039966268555,0.027726988276469442,3,6.797380897346028,1050,2.042090295595281,8.36370054068973,11,0.7976304364504369,0.991371167376764,,COMPLETE
244,0.2754097619352528,2026-09-06 06:02:25.030462,2026-09-06 06:03:31.796926,0 days 00:01:06.766464,0.6509929327089601,0.49997260350312456,0.4044368626029633,0.035380080743608384,6,6.624118342482533,1174,0.06400730080779295,0.62630736337836,13,1.1777360753089807,0.9644560233983246,,COMPLETE
245,0.26763794606757363,2026-09-06 06:03:31.964913,2026-09-06 06:04:22.116612,0 days 00:00:50.151699,0.4493361608634533,0.8548884428678702,0.1897642917178703,0.020003366106280434,5,4.43974868534428,1090,0.734708777440417,2.877489337601039,10,0.8696977801254988,0.9863584567344521,,COMPLETE
246,0.2759597587572955,2026-09-06 06:04:22.316126,2026-09-06 06:04:43.420564,0 days 00:00:21.104438,0.5990101470296603,0.30218608603646535,0.6301180496218292,0.07374980789549045,2,2.5150625847362025,493,1.6030823698266319,27.732924401302586,14,1.1901181950059991,0.9814964371959911,,COMPLETE
247,0.2673156272937171,2026-09-06 06:04:43.581038,2026-09-06 06:05:25.594600,0 days 00:00:42.013562,0.42044111762781633,0.8023940629102787,0.34859611579737215,0.02142586954058463,4,9.606152112367793,1084,2.773908442472453,13.395117797096935,13,0.9106854160345816,0.9891978886094395,,COMPLETE
248,0.2698813297573218,2026-09-06 06:05:25.795263,2026-09-06 06:06:17.988573,0 days 00:00:52.193310,0.45308823041305446,1.5425039838724577,0.1388062095936899,0.02828858703862158,5,5.002500676548551,1001,2.215134241828778e-05,3.7302707996394315,12,0.7377836028442827,0.811386683082111,,COMPLETE
249,0.273483508510264,2026-09-06 06:06:18.140894,2026-09-06 06:07:14.087922,0 days 00:00:55.947028,0.5334942019272196,0.996036566520126,0.5006497659971867,0.04337367194439436,4,9.245959430527238,1096,0.05118443737863688,2.553591270694306,19,0.723818539983558,0.9869681676226515,,COMPLETE
