number,value,datetime_start,datetime_complete,duration,params_colsample_bytree,params_input_magnitude,params_leak_rate,params_learning_rate,params_max_depth,params_min_child_weight,params_n_estimators,params_reg_alpha,params_reg_lambda,params_res_size,params_spectral_radius,params_subsample,system_attrs_fixed_params,state
146,0.26678222753014996,2026-09-06 04:56:10.380487,2026-09-06 04:56:46.657702,0 days 00:00:36.277215,0.41140280914644706,1.2093838959162044,0.4186588889826804,0.030962426668719987,3,9.997944598313556,1099,0.34700026294567987,15.776894220315592,11,0.8699532521605047,0.955865319310271,,COMPLETE
147,0.2645343090743444,2026-09-06 04:56:46.827162,2026-09-06 04:57:26.681167,0 days 00:00:39.854005,0.42771971411852977,0.9939664054084889,0.2982516616019621,0.034956420651886366,3,7.999338606783503,1098,0.7253212354149663,11.094009877938259,14,0.8790503466149615,0.9643536330028937,,COMPLETE
148,0.27202833510071806,2026-09-06 04:57:26.870359,2026-09-06 04:57:55.085376,0 days 00:00:28.215017,0.458623297960251,1.3222747275918831,0.3991740431077385,0.031213677186452606,2,8.149633780707033,1054,1.2837645473338903,3.2167568395793595,11,0.9993260411248749,0.9944443612263942,,COMPLETE
149,0.26437773542245335,2026-09-06 04:57:55.263995,2026-09-06 04:58:53.857255,0 days 00:00:58.593260,0.5384617270659652,0.7779675554856347,0.4247059469823768,0.06176759276333409,5,7.320732338553439,981,0.006522041790690656,17.23591292541528,15,0.9325098340898541,0.9894530154357887,,COMPLETE
150,0.2714425201813476,2026-09-06 04:58:54.072143,2026-09-06 04:59:19.925333,0 days 00:00:25.853190,0.6121947268056319,0.34966804694624104,0.5559252694045859,0.0217263321959902,4,6.546713778808988,478,0.1926918774213979,25.043203737653585,10,1.1463159473100988,0.8799042138268022,,COMPLETE
151,0.2744317865078095,2026-09-06 04:59:20.131404,2026-09-06 04:59:45.955240,0 days 00:00:25.823836,0.6216432774536061,0.9265219822567852,0.6881053521039937,0.03427384383478316,3,6.652371496428092,590,0.3411220793450014,2.749766819125818,11,1.1464356934835227,0.9819294643176322,,COMPLETE
152,0.2678348711685914,2026-09-06 04:59:46.143280,2026-09-06 05:00:26.899177,0 days 00:00:40.755897,0.46107765593068506,1.4044930546311591,0.5588574825074855,0.023903073260351952,3,3.154234921038668,1153,0.1877266119567195,4.947076912964123,13,0.7588432692051282,0.9497387740239283,,COMPLETE
153,0.2713197931142232,2026-09-06 05:00:27.094252,2026-09-06 05:01:35.749432,0 days 00:01:08.655180,0.4983004070819544,0.6357942573008233,0.3607436634688805,0.04685039418785637,5,4.151286793933073,1155,0.0006949389856651693,5.353106178215252,16,0.878614551494457,0.9561203524785723,,COMPLETE
154,0.271484958893248,2026-09-06 05:01:35.917814,2026-09-06 05:02:22.639962,0 days 00:00:46.722148,0.5529591264456913,1.7995858339000044,0.6025769885228783,0.024685817348281455,4,7.5899823179936865,1107,2.246701692234808,3.8283830468731166,15,0.7029688816864657,0.938284104833137,,COMPLETE
155,0.2679356749553733,2026-09-06 05:02:22.842341,2026-09-06 05:03:13.502702,0 days 00:00:50.660361,0.5727823362835861,1.3519388818616735,0.3006661569535615,0.03287532176252719,4,3.8027696050439896,1121,0.06207200016494831,26.487488572369013,10,0.8085733512966873,0.9495755214399768,,COMPLETE
156,0.2713836835203781,2026-09-06 05:03:13.689110,2026-09-06 05:03:47.952475,0 days 00:00:34.263365,0.4658095174078287,1.1642636405595284,0.43225572900740916,0.08275942271079603,4,8.287392128902919,674,0.0004829797384938043,6.366741515608404,14,0.9254687038423737,0.9729039013531219,,COMPLETE
157,0.2680504504399795,2026-09-06 05:03:48.119140,2026-09-06 05:04:18.374243,0 days 00:00:30.255103,0.7372085123944907,0.6608291083213784,0.48970619139134575,0.06434766845110597,4,6.006388213093536,893,2.590955318027252,2.9789232901675042,11,1.1888730471670859,0.9369099638804107,,COMPLETE
158,0.2655386140407539,2026-09-06 05:04:18.596504,2026-09-06 05:05:13.438349,0 days 00:00:54.841845,0.5856027743733007,1.6856998824078828,0.20623066073574847,0.025055816591042692,5,5.8945865454525315,997,0.01011423464296523,17.782816310115233,11,0.8058964820016348,0.9021824706563681,,COMPLETE
159,0.2773710602508281,2026-09-06 05:05:13.629665,2026-09-06 05:06:01.263892,0 days 00:00:47.634227,0.7904036226255375,0.8846964447391885,0.45194344586778756,0.04394694317690141,4,7.422975196446568,1017,0.1529943982852672,0.2598447287923541,13,1.1734347901432607,0.982287247145812,,COMPLETE
160,0.2684486868087608,2026-09-06 05:06:01.480022,2026-09-06 05:07:03.141639,0 days 00:01:01.661617,0.5326751136940734,1.3043994074305698,0.23287103283361427,0.01567837057256046,5,7.962219050253247,1040,0.006967816678415497,17.309635086314245,16,0.8550990521223173,0.9158023391306499,,COMPLETE
161,0.27300643378663836,2026-09-06 05:07:03.325039,2026-09-06 05:07:37.088024,0 days 00:00:33.762985,0.705368808330974,0.35687247307305486,0.5424863305471639,0.10504994979495531,5,4.600111891826366,875,0.0071856539693756945,0.9334437438637471,10,1.0699570113498194,0.9351613271983475,,COMPLETE
162,0.27111506843313676,2026-09-06 05:07:37.296256,2026-09-06 05:08:27.685993,0 days 00:00:50.389737,0.5910656268804616,1.5594902632647702,0.22092463884342337,0.044268031982396816,4,2.7264744688507077,1121,0.31854249834664883,25.811493315103835,10,0.813688764346122,0.8971503676138708,,COMPLETE
163,0.26959580174680753,2026-09-06 05:08:27.849186,2026-09-06 05:09:12.011228,0 days 00:00:44.162042,0.44246459695585055,1.1513639840766166,0.4983157649255085,0.036888175224760705,4,6.77925915356878,1048,0.14882478292166865,3.8057178441628183,11,0.8509275230826674,0.9028410039558031,,COMPLETE
164,0.2663472328381845,2026-09-06 05:09:12.188575,2026-09-06 05:09:45.062157,0 days 00:00:32.873582,0.5512827693575358,0.51868032720066,0.5043876865068793,0.05292891586861235,4,2.3846338624328287,787,1.954267927073162,18.48141793103417,10,1.1905526882600028,0.9087518136041061,,COMPLETE
165,0.26776340818367717,2026-09-06 05:09:45.228349,2026-09-06 05:10:32.453665,0 days 00:00:47.225316,0.42205119804041347,1.0590083299175994,0.2407303017083485,0.028234331668907632,3,2.8581621784377123,1124,0.8671573438442588,2.2019702039318854,20,0.876576761498237,0.9651496825264518,,COMPLETE
166,0.27617918690049725,2026-09-06 05:10:32.644620,2026-09-06 05:11:14.112924,0 days 00:00:41.468304,0.6083994658264162,0.5952547825506243,0.682698958414346,0.05557633108998344,4,2.2809704797542927,859,1.0662263001600962,2.2340510454012525,16,1.1463666554332081,0.8015188460904005,,COMPLETE
167,0.2732463284248206,2026-09-06 05:11:14.318260,2026-09-06 05:11:59.027256,0 days 00:00:44.708996,0.5632723921722775,1.1646895384152014,0.17262970337436193,0.03287164593189361,2,1.3375639722502541,1193,0.5126364539063356,4.20514129676074,25,0.8245513113861782,0.9982664277724418,,COMPLETE
168,0.27393574475562255,2026-09-06 05:11:59.184516,2026-09-06 05:12:30.349876,0 days 00:00:31.165360,0.5674225262022426,1.3029389271017555,0.5390394837399284,0.029254532522861497,2,1.1158906514507954,910,0.07711838225826942,23.151292192412747,17,0.7729044635463171,0.986832796310948,,COMPLETE
169,0.271234284490748,2026-09-06 05:12:30.505982,2026-09-06 05:13:09.103544,0 days 00:00:38.597562,0.40650536282874206,0.8389221715233632,0.46683841673772924,0.046241789670667194,4,7.0300263642568295,1041,0.44929340266684065,0.6673151834015376,12,1.191272056104719,0.9653601831529175,,COMPLETE
170,0.27958687083517697,2026-09-06 05:13:09.311973,2026-09-06 05:13:39.049891,0 days 00:00:29.737918,0.5569281791669056,1.4702372599255769,0.6070519584942051,0.019450710799511967,2,2.331411258951595,1091,0.0006284695517886307,0.6112201061823286,11,0.7795696291209511,0.8373121021865932,,COMPLETE
171,0.2757307234191736,2026-09-06 05:13:39.224420,2026-09-06 05:14:15.985512,0 days 00:00:36.761092,0.8898784649631654,0.7010346446675132,0.5190287436672567,0.09998623190233964,3,4.913444964936988,864,1.7768204523319693,3.8621366055810937,20,1.1377918903626723,0.9323628487355295,,COMPLETE
172,0.2665679345937595,2026-09-06 05:14:16.151567,2026-09-06 05:14:57.260785,0 days 00:00:41.109218,0.5078586011535695,1.108451217008338,0.34133799278379734,0.05026237713770522,3,7.020077063955184,1197,0.8572897706772085,4.367743814430293,14,0.7657533786142035,0.9605487024541307,,COMPLETE
173,0.27479008444997965,2026-09-06 05:14:57.454860,2026-09-06 05:15:40.212953,0 days 00:00:42.758093,0.5850460816876749,0.8843528238846436,0.24358384405832748,0.02001147794702937,3,3.7113414736532255,1027,0.46289506718208434,6.077198087331111,16,0.8872079608689662,0.9631290028531053,,COMPLETE
174,0.2671451552786718,2026-09-06 05:15:40.409256,2026-09-06 05:16:07.311647,0 days 00:00:26.902391,0.41828204126234003,0.6448208490734043,0.3008032312299987,0.0574832207285651,2,8.360383651128657,866,0.6495993697108818,25.485772913917824,14,0.8774820507374732,0.9748642675097282,,COMPLETE
175,0.27103521076666587,2026-09-06 05:16:07.491542,2026-09-06 05:16:37.360172,0 days 00:00:29.868630,0.49135138443296084,0.2698303161496449,0.6789457706036164,0.045973059474526255,3,8.384814980731399,844,1.1297048790032072,1.8038388524460656,10,1.1409816034870737,0.8698048884835159,,COMPLETE
176,0.2691803499871785,2026-09-06 05:16:37.523378,2026-09-06 05:17:06.951692,0 days 00:00:29.428314,0.4022379607440365,0.8443585368963527,0.2279833220875066,0.0757941094250779,2,6.559741616785465,973,0.33470692349461384,7.960877757753208,15,0.8022929457749244,0.9949722606516457,,COMPLETE
177,0.2685615841225939,2026-09-06 05:17:07.108222,2026-09-06 05:17:42.292961,0 days 00:00:35.184739,0.6217075188429522,0.4776865622358648,0.4730628214720817,0.06105144338757788,4,2.2431499359826663,626,0.09421665928502902,12.03775286662449,12,1.1787154608807806,0.8631122991523154,,COMPLETE
178,0.26693392651122516,2026-09-06 05:17:42.445046,2026-09-06 05:18:18.237649,0 days 00:00:35.792603,0.4383772775089924,0.5234349460407783,0.4047730737204093,0.03327357288058552,3,2.1718084275195295,988,0.46267671942969235,19.396714586840112,12,0.8065290889720786,0.9923829797825057,,COMPLETE
179,0.26655159599036554,2026-09-06 05:18:18.381542,2026-09-06 05:19:01.293083,0 days 00:00:42.911541,0.5526452769179114,0.2874233715953442,0.5773442836359615,0.11814763202101015,4,2.6903300704701194,1173,0.3777293060282329,25.96746166820779,10,0.9174604666585884,0.8605273883456261,,COMPLETE
180,0.26773645057976436,2026-09-06 05:19:01.465941,2026-09-06 05:19:37.478585,0 days 00:00:36.012644,0.516332351270341,0.3740962863775647,0.679846297226855,0.07355363129021,3,2.767958112184337,982,0.06445544379976384,26.782659676746324,11,0.9189987530199298,0.8770637139684346,,COMPLETE
181,0.26641165116354903,2026-09-06 05:19:37.663161,2026-09-06 05:20:17.794663,0 days 00:00:40.131502,0.5450724725161229,0.33348261941936475,0.6871690369480764,0.04760416680287153,4,3.1814334192473024,807,0.5710004597166911,22.52482782112047,13,1.1840592856767307,0.9920432401868683,,COMPLETE
182,0.2666080399260242,2026-09-06 05:20:17.982618,2026-09-06 05:20:57.481429,0 days 00:00:39.498811,0.45243560649321074,0.5433577291621019,0.5736429682876371,0.13009119554178575,4,2.045799760479751,1172,0.3203513053211201,14.56782004837192,11,0.8875975156274646,0.8568211683366402,,COMPLETE
183,0.2747848944761976,2026-09-06 05:20:57.682870,2026-09-06 05:21:25.262079,0 days 00:00:27.579209,0.4063801845638584,0.489423003859476,0.5000695659517146,0.15102148660945827,4,1.4463460241780208,1143,2.5246215374963503,14.681519227948373,12,0.9024087585906957,0.9465161889216542,,COMPLETE
184,0.2801590189508416,2026-09-06 05:21:25.461487,2026-09-06 05:21:57.475574,0 days 00:00:32.014087,0.6234836145241616,0.5394959490364833,0.600379155510459,0.05159872529244791,2,1.480836816642722,1144,0.02421846087528811,3.551551827254961,12,0.8676525591552754,0.8916251267011811,,COMPLETE
185,0.27908119297134465,2026-09-06 05:21:57.633006,2026-09-06 05:22:20.590253,0 days 00:00:22.957247,0.4306666631275878,0.5628370986967324,0.3733368142929997,0.028962138470372052,2,1.6701569193456045,733,0.6322806053718549,21.49713268507624,11,0.7447830444012953,0.9969648571274283,,COMPLETE
186,0.2704777546901784,2026-09-06 05:22:20.723333,2026-09-06 05:23:01.487943,0 days 00:00:40.764610,0.4761357135804461,0.5042824588827677,0.642989829621895,0.1100614732072169,4,3.1974963472664735,1058,0.1338022609197989,3.587364117915442,14,0.7993547435632803,0.836304030789169,,COMPLETE
187,0.26939846670886064,2026-09-06 05:23:01.669892,2026-09-06 05:23:46.116733,0 days 00:00:44.446841,0.45960959311979804,0.3976213475634574,0.5827930919400341,0.029576573352378774,4,4.22861524362307,784,1.8506284419296117,21.068637372675028,18,1.0920807867496278,0.97330771682302,,COMPLETE
188,0.2696336169670443,2026-09-06 05:23:46.311160,2026-09-06 05:24:22.039297,0 days 00:00:35.728137,0.5921845540836257,1.8740266428272254,0.10240684121360318,0.018856919951103578,4,3.5319678997865553,753,0.01027778623135542,2.063067645925454,10,0.7755036274956295,0.8849035802098563,,COMPLETE
189,0.275267687597607,2026-09-06 05:24:22.244038,2026-09-06 05:24:53.716769,0 days 00:00:31.472731,0.4705298237940443,0.5569536953978711,0.6136303565038866,0.10672616238889862,2,1.479543079960125,1092,0.7561189707791846,22.13603974799591,14,0.9414637603960136,0.8022785775893796,,COMPLETE
190,0.27587469741076437,2026-09-06 05:24:53.907334,2026-09-06 05:25:41.315080,0 days 00:00:47.407746,0.5217099251784925,0.32146021538680736,0.4005379733273201,0.0369888715092257,5,1.5355918504259503,1096,2.8185210531788214,16.168900461143423,17,0.7778652590734049,0.966543533938051,,COMPLETE
191,0.26942110792482177,2026-09-06 05:25:41.515762,2026-09-06 05:26:16.193620,0 days 00:00:34.677858,0.6958863973215818,0.3562836079714139,0.4215532149690383,0.13081876438619028,4,0.9292609839830388,1083,1.223137466488941,2.566083172579511,11,0.878565432229339,0.7396551649547893,,COMPLETE
192,0.2666084286555383,2026-09-06 05:26:16.383860,2026-09-06 05:27:00.011041,0 days 00:00:43.627181,0.5733490635680769,0.29907826819569444,0.6976838901792115,0.07029027935109952,3,3.2309333222709355,1136,0.007030255911198744,19.18780098222658,15,1.0742631575734307,0.883238211762064,,COMPLETE
193,0.27163221077709493,2026-09-06 05:27:00.205138,2026-09-06 05:27:43.001113,0 days 00:00:42.795975,0.6298990423018587,1.1589586043572326,0.3188116113888938,0.07898670431793324,3,5.03330258597697,1188,0.3125196887300347,2.077640724983102,14,0.7470994079893579,0.8976657894817768,,COMPLETE
194,0.26767973269633516,2026-09-06 05:27:43.171879,2026-09-06 05:28:25.327182,0 days 00:00:42.155303,0.46156512766616564,0.4756867288559451,0.6109212787468322,0.06498116983150407,4,2.327934065425734,950,0.020128396643027752,22.71563306530694,10,0.9725798257258992,0.8332256421306257,,COMPLETE
195,0.28136823556787527,2026-09-06 05:28:25.538390,2026-09-06 05:29:18.094182,0 days 00:00:52.555792,0.5837761117983921,0.608051627913939,0.6824373505147457,0.0432505603786024,3,2.468113535107619,1101,0.01016947428712481,9.51851832013886,22,1.0568419703616658,0.9417681147576648,,COMPLETE
196,0.2730315723553441,2026-09-06 05:29:18.280294,2026-09-06 05:30:03.156207,0 days 00:00:44.875913,0.5239830025456036,0.4433189015156477,0.6793539948755182,0.0607258783516321,5,5.376728690917311,789,0.08340629906988033,8.519534130371289,13,1.1904800544791956,0.9756048777652838,,COMPLETE
197,0.2675814886820812,2026-09-06 05:30:03.370474,2026-09-06 05:30:31.197408,0 days 00:00:27.826934,0.46335890395663165,0.35226260061897685,0.6519269657786116,0.10537559110421202,2,1.783958355578455,1012,6.80393330415465e-05,21.12393102330119,11,1.0861411896312736,0.9420281244359204,,COMPLETE
198,0.27488689181708004,2026-09-06 05:30:31.408962,2026-09-06 05:31:01.043516,0 days 00:00:29.634554,0.731532212982724,0.45064906677441713,0.545302042891921,0.11486881963822172,2,3.40973913383512,1029,2.0806378653267693e-06,2.363003454590169,11,1.0383403671656593,0.996438032343771,,COMPLETE
199,0.27077687064042216,2026-09-06 05:31:01.198095,2026-09-06 05:31:32.949131,0 days 00:00:31.751036,0.46134430672437193,0.2692920153681384,0.6514756527856437,0.07268238461842247,2,1.3192369227293645,982,5.075571960024233e-05,14.667604354180058,17,1.1088616106762117,0.9543640190344932,,COMPLETE
200,0.27217900361219455,2026-09-06 05:31:33.117033,2026-09-06 05:32:07.624431,0 days 00:00:34.507398,0.44310362525156755,0.4241267470332977,0.5893748870085209,0.17042982614588717,3,5.00409226182138,1078,6.567816126996142e-05,4.00445765654235,13,1.0588153085745609,0.876955966254988,,COMPLETE
201,0.2748969011502649,2026-09-06 05:32:07.761813,2026-09-06 05:32:32.905807,0 days 00:00:25.143994,0.4656973577760317,0.6223816675044306,0.2898811677868112,0.04427579361198702,2,8.843743911466937,686,0.617580397977923,15.494112194058822,16,0.9313535929414659,0.941472343988854,,COMPLETE
202,0.2725930474306771,2026-09-06 05:32:33.041143,2026-09-06 05:33:16.788893,0 days 00:00:43.747750,0.4458152081440392,1.1564713315940087,0.33370390488460744,0.027844904721320677,3,8.313312448619156,955,1.8243217862206356,6.76717924219857,22,1.1683945246079404,0.9118454169725698,,COMPLETE
203,0.27711694628092925,2026-09-06 05:33:16.951547,2026-09-06 05:33:52.848360,0 days 00:00:35.896813,0.5222131725607821,0.8145676105272618,0.650984416138242,0.05267802061556565,4,1.3362069206881408,671,0.011624072211130685,13.980218188298604,12,0.959367029598035,0.7905661540175364,,COMPLETE
204,0.2672960333715526,2026-09-06 05:33:53.015001,2026-09-06 05:34:45.522390,0 days 00:00:52.507389,0.4017010724168457,0.40105394052240967,0.6907043111109326,0.08517374998062378,5,7.435643977744208,1068,0.0016133482055390332,21.293743790093384,11,0.8921871662164655,0.8335041003552124,,COMPLETE
205,0.26356276514462584,2026-09-06 05:34:45.716770,2026-09-06 05:35:21.324831,0 days 00:00:35.608061,0.41977724535534644,1.0920458054892697,0.28878749842268225,0.0767034902881986,4,7.6202041189834056,1138,0.8093526147605488,5.905327447499682,17,0.9334693872234432,0.9903629632939387,,COMPLETE
206,0.2631766273689463,2026-09-06 05:35:21.506819,2026-09-06 05:35:57.827707,0 days 00:00:36.320888,0.5372079327731357,0.7596703287054567,0.6314836603741096,0.12455972192680799,3,6.060358251715314,1052,0.5671234533567403,27.89031235911929,11,1.1579615689227611,0.8077585418758869,,COMPLETE
207,0.27034850912362485,2026-09-06 05:35:57.986110,2026-09-06 05:36:38.262591,0 days 00:00:40.276481,0.6028710722043417,0.5591149500934591,0.684845864055043,0.10395954417468739,3,8.644731295611328,1160,0.6764955357867501,26.54804263393357,12,1.1391878697495244,0.866770338697675,,COMPLETE
208,0.2672571819855553,2026-09-06 05:36:38.428594,2026-09-06 05:37:49.065453,0 days 00:01:10.636859,0.63135127482885,1.8790722700684876,0.2233619612222727,0.020744029380969833,6,6.369895209991071,1160,0.00048190785953815577,5.773850842496678,11,0.7960732957206762,0.8291136591110951,,COMPLETE
209,0.2718537611726339,2026-09-06 05:37:49.246879,2026-09-06 05:38:36.058286,0 days 00:00:46.811407,0.4853715086910737,0.7130482034245123,0.6197381300800369,0.10001905745181092,4,6.825597043027931,1063,0.0003266029818852481,12.900391469223639,12,0.8682223931009073,0.8902591356271539,,COMPLETE
210,0.27136928535980437,2026-09-06 05:38:36.249134,2026-09-06 05:39:39.976483,0 days 00:01:03.727349,0.5863850633897373,1.9251171979149833,0.17073843580326586,0.018812064249075052,6,6.975347668001768,866,0.002176648195769742,6.125328789881611,17,0.823554813219491,0.726890746596921,,COMPLETE
211,0.2716599909366549,2026-09-06 05:39:40.189256,2026-09-06 05:40:44.212435,0 days 00:01:04.023179,0.49378094538116857,0.47537037264089965,0.6330363768046579,0.10135969649385007,6,3.615854728906225,1129,4.367479014926991e-05,13.508108419185058,13,0.9401038029981245,0.7971177826875667,,COMPLETE
212,0.2717690961182295,2026-09-06 05:40:44.410532,2026-09-06 05:41:12.255147,0 days 00:00:27.844615,0.40890029379350395,0.7173950900232935,0.6755349028502968,0.05296649450202033,4,1.431016712764175,631,2.0918239209414615,23.383430245947885,10,1.0413716311368824,0.9497360132232591,,COMPLETE
213,0.27870568016380953,2026-09-06 05:41:12.417108,2026-09-06 05:41:54.374889,0 days 00:00:41.957781,0.4686219895525745,1.212263603269831,0.28067381819919085,0.08901325092406476,5,2.3973454816924025,1023,0.49202455285505403,2.247863758516455,22,0.7823484147728439,0.9615594451395819,,COMPLETE
214,0.2671216719117812,2026-09-06 05:41:54.565450,2026-09-06 05:42:21.996290,0 days 00:00:27.430840,0.48978343581096273,0.8597886699899878,0.4993548004564042,0.15649251797405722,3,5.77844594810794,908,2.2090444988452194,11.620678935986454,11,1.1986785935657174,0.788156442182465,,COMPLETE
215,0.26707406895840097,2026-09-06 05:42:22.159559,2026-09-06 05:43:15.770270,0 days 00:00:53.610711,0.5109764862395152,1.6534708461146947,0.1853768199688049,0.020968366728970088,5,4.1939842815527735,1014,0.00012670490850432816,6.917701085705418,11,0.7586061377572323,0.9008091925252483,,COMPLETE
216,0.270406732656801,2026-09-06 05:43:15.947834,2026-09-06 05:44:25.685029,0 days 00:01:09.737195,0.6253135341218043,1.7034635790377908,0.19592067125903193,0.019462668771973723,6,7.274153231624194,1179,0.0007772615590978663,3.1818053771006327,11,0.7134789866168699,0.8290652924073578,,COMPLETE
217,0.2678188420957396,2026-09-06 05:44:25.886316,2026-09-06 05:45:01.546949,0 days 00:00:35.660633,0.5758631849818544,1.0721363700668258,0.3766988197348357,0.07029714994597276,4,7.8978119745220585,1188,0.9829884529563994,0.6895989753503988,15,0.9765648604163546,0.9765664142543118,,COMPLETE
218,0.2670660663594385,2026-09-06 05:45:01.790240,2026-09-06 05:45:31.320772,0 days 00:00:29.530532,0.5909545838224654,1.2542336129508809,0.39137838501477834,0.101690666300662,2,7.820272928909991,1136,0.17635163146313707,5.328921774423642,10,1.163328972974551,0.82753142379839,,COMPLETE
219,0.27611423167146104,2026-09-06 05:45:31.484654,2026-09-06 05:46:00.021203,0 days 00:00:28.536549,0.640523746381587,1.3820829621898385,0.3830947929233255,0.13067718808067122,2,7.393650483782953,1095,1.2427446742096648,3.5952448176382363,11,1.1842274684512033,0.9540113778917867,,COMPLETE
