number,value,params_colsample_bytree,params_input_magnitude,params_leak_rate,params_learning_rate,params_max_depth,params_min_child_weight,params_n_estimators,params_reg_alpha,params_reg_lambda,params_res_size,params_spectral_radius,params_subsample,user_attrs_duration_seconds,user_attrs_mean_fold_nrmse_training_range,user_attrs_objective_J,user_attrs_pooled_mae,user_attrs_pooled_nrmse_range,user_attrs_pooled_r2,user_attrs_pooled_rmse,user_attrs_prediction_range_coverage,user_attrs_sd_fold_nrmse_training_range,user_attrs_worst_fold_nrmse_training_range,state
0,0.2808302640568059,0.85,1.0,0.1,0.05,3,1.0,500,0.0001,1.0,20,0.9,0.85,37.72228575000008,0.16094548657958715,0.2808302640568059,4421.235719314899,0.21674691632664975,0.4836537497344986,8053.904683566445,0.9192551691140836,0.2563333909206247,1.0330624599383327,COMPLETE
1,0.27596415194805696,0.9,0.36,0.7,0.03,4,0.5,800,1e-05,0.3,11,0.83,0.9,49.87016229200003,0.16056090200365777,0.27596415194805696,4361.77072525738,0.21360523925985744,0.49851381432299613,7937.165917122547,0.9676398839717835,0.24943565075279797,1.0065635362973677,COMPLETE
2,0.2791430875637191,0.5101537197345953,1.7541346645212776,0.4231380536632351,0.17681300513212714,4,2.012701405986034,752,3.644652482792098e-05,26.03058711556135,22,1.0322213875194863,0.903411663656835,53.556945749999954,0.16029580026012002,0.2791430875637191,4431.719325318867,0.21605649608153568,0.4869380236157881,8028.249975578013,0.8699052280540343,0.25234636592873366,1.0103842553011526,COMPLETE
3,0.2930553426980048,0.7131021406343739,0.7899784047141699,0.4475844222537138,0.07143279630406682,6,0.5799394006124057,1093,0.00036075238942410927,13.151745255049628,30,1.125449178202187,0.9272810084847992,164.54067491699993,0.17394821773578467,0.2930553426980048,4784.718389643818,0.2282053549154481,0.42761685744620626,8479.678548222506,0.8964362110811065,0.25939995113022674,1.0427112540164014,COMPLETE
4,0.28529329561069083,0.46190385238702564,0.42547866177727733,0.2981539122032387,0.031472129490909696,4,2.942812956611264,244,0.3320354171981087,1.503639980987409,30,1.130335779337884,0.7034215894241039,40.00530083299998,0.16385653738047773,0.28529329561069083,4498.72643038646,0.22033746692827555,0.4664048453844932,8187.322739966543,0.9203038400614739,0.2598233147296612,1.0466012632075363,COMPLETE
5,0.28039606187401095,0.4685405419424807,0.325809438161915,0.4347034430404555,0.029222957652901334,5,0.654533252884089,465,0.17224100572176346,0.0760879983147087,10,0.8473299663627378,0.6730559746322679,37.14403633400002,0.15942289693071474,0.28039606187401095,4421.2022821926685,0.21630296591567919,0.48576678896298264,8037.4083275638595,0.9361792725193107,0.256372383833327,1.0298685492352038,COMPLETE
6,0.2828377244932755,0.5284843155722522,1.0946345278334146,0.6287838150293461,0.022216320269086976,3,2.0956110642565635,509,6.229214449152028e-06,0.6549011128488195,24,1.1297039860760172,0.80661873140401,38.523473124999896,0.16006259562062622,0.2828377244932755,4403.213663005557,0.2178686677877168,0.47829532529096896,8095.586842183502,0.9030526627247633,0.2598762268222348,1.0452342278545166,COMPLETE
7,0.30680674896671356,0.5419509151051711,1.3936367120404827,0.5830064493666736,0.026287193784865475,2,0.30818860485044414,264,0.0009188610205591764,19.93596046987143,16,0.9049725051969755,0.6594484165871501,22.123754167000016,0.17210327856337065,0.30680674896671356,4991.1525742543,0.2368041322151254,0.383669406776448,8799.1928183238,0.46018590109313307,0.2800104670063527,1.1145448957097677,COMPLETE
8,0.28637225117925336,0.4842821478352174,1.2759202394106268,0.6629370237759182,0.04437430121379882,5,3.8330978305221253,592,1.192727954368058e-06,0.01113877359577184,16,0.7534553065551853,0.7444506727469881,47.2911782499998,0.16370037099915072,0.28637225117925336,4511.132400950716,0.2208536053423018,0.46390203429107224,8206.501465369169,0.907362854590008,0.26207458334780626,1.0567880086313706,COMPLETE
9,0.281842441607772,0.4126131881725957,1.486431435864482,0.45399415041463154,0.034316545363493184,5,0.7673535139298574,593,0.011615402047821115,0.5740186338756653,26,0.821423458768402,0.9928912896472828,70.62931674999982,0.16353488576165517,0.281842441607772,4477.886725971309,0.21813500734523622,0.47701900111255346,8105.48351543763,0.9307822364779911,0.25482973705014317,1.026886294162974,COMPLETE
10,0.2917202238113775,0.9079162984049027,1.270372089820081,0.5896418084062283,0.02451535922520632,6,2.7183629280711386,501,0.05455678579102522,2.8367122121604833,29,0.7165300526154208,0.9733122105644979,109.64031654100017,0.1751588746472366,0.2917202238113775,4843.05410770669,0.22788753881735624,0.4292100356993318,8467.869104266785,0.9787254166890034,0.255330739976085,1.0250533888378723,COMPLETE
11,0.2764015153037408,0.7406016396526415,1.333761831990786,0.14225451474630063,0.015125570536383201,3,0.1793522910128987,607,0.8782834980356521,0.04802391368168541,11,0.7978701268883637,0.8851609042581579,32.28860766599996,0.15688668295125324,0.2764015153037408,4348.4746752583305,0.21305259131385543,0.5011053873644893,7916.6305666958715,0.8390815853742342,0.2533956959595415,1.0190841696384887,COMPLETE
12,0.2907348143646219,0.8296965215361503,1.3689622025686385,0.24030212330313644,0.05010395899911748,6,1.0943330267885385,233,0.2836463359135307,1.996740471745755,14,1.120089966435645,0.7184465008263211,36.38630441700002,0.17258002154954072,0.2907348143646219,4722.00600248558,0.2264975009987927,0.43615205493953935,8416.217932997564,1.0,0.2569492534633168,1.031610527045246,COMPLETE
13,0.2890779698093938,0.9682624065236451,1.6780070341189668,0.5269841662623533,0.016483972798629183,4,0.2408584719032223,476,0.18650211692173685,0.012388798808428476,23,1.0699383769576034,0.7858719614183703,53.099052249999886,0.1706750308649229,0.2890779698093938,4712.690859385059,0.22447858610622026,0.4461591194242236,8341.198881356218,1.0,0.2583975348126943,1.0431696408103932,COMPLETE
14,0.2775788741418583,0.43281799994386194,1.2903284951238208,0.1157196055195172,0.031926282953907044,4,0.16295424914088455,484,0.004009185521788147,0.14278802245977804,24,1.025753470746726,0.9727008904237721,47.06934237500013,0.15924300393775728,0.2775788741418583,4362.074372125409,0.21406323917566764,0.4963609938628436,7954.184326101698,0.9066455785077897,0.2540625398647626,1.0267007537762354,COMPLETE
15,0.2827138891023719,0.7841789704109785,1.4713319100709423,0.24748569937757817,0.07283455816194946,2,1.5645667838968427,975,5.159238461810186e-06,0.016396969335196757,19,1.0517896413294643,0.8042733618001947,42.668930332999935,0.16290167125973887,0.2827138891023719,4435.236615285903,0.2186799488011678,0.47440273136074795,8125.732507296792,0.9903681931578192,0.25613576120481635,1.0294746443023588,COMPLETE
16,0.27860218924830804,0.4249865814732302,0.6766363474211439,0.2388322384887909,0.05577788612591106,4,1.6243776203330442,1155,2.9572112765464037e-06,0.05788669542294301,18,0.7689364816790225,0.9543784689085558,62.502464832999976,0.15770751698996172,0.27860218924830804,4319.24454561984,0.21468194962451073,0.49344543453828804,7977.1744339480265,0.8851527765739629,0.25568095849518935,1.0275509144960655,COMPLETE
17,0.27535879802581864,0.5061834701825624,0.5533574945732763,0.24593643088582218,0.0257493968443029,5,0.4594540211249762,589,0.6754322127583999,0.9808629966115734,10,0.992391635570085,0.9624730821282775,41.54299983300007,0.15936920176716468,0.27535879802581864,4417.794037382238,0.21314910677494148,0.5006532741112851,7920.216898336715,0.8662825639128164,0.24883876500350863,1.0007978363948833,COMPLETE
18,0.27257917657585834,0.8795178733836465,0.9992072015963969,0.5078523494012248,0.12914907740674908,3,6.735791815314738,1034,1.1125340813867696e-06,2.163538942994242,22,0.8663581220102856,0.929882622691781,56.58023766700012,0.15930180871160607,0.27257917657585834,4352.302032243875,0.2112118291151471,0.5096889873902481,7848.231331565964,0.9131222424266742,0.24546938984284486,0.9904116654909757,COMPLETE
19,0.28153640882061276,0.8908359121888286,1.596002287913755,0.32207821381646706,0.043248536462696004,3,0.63970632072718,696,0.00010892527477706596,0.013429681385299028,19,1.1095039784807834,0.7720054922703937,43.246686457999886,0.16250372377825073,0.28153640882061276,4467.214510199463,0.21767570780726456,0.4792190335545937,8088.4168149616935,0.9805561304631414,0.25544280405339276,1.028942715611294,COMPLETE
20,0.2788694966405158,0.8103375694540692,0.7370258356035074,0.46986156975302,0.05539168307763888,2,4.722042639194594,863,7.425720303462289e-06,2.765213451604198,18,0.8031628146811991,0.9252350627155637,37.59326891699993,0.16019591995130292,0.2788694966405158,4381.38478988329,0.21540468462984064,0.4900290227720916,8004.029897190842,0.9999479206408676,0.2538592480427006,1.0223249294317422,COMPLETE
21,0.27892389498600995,0.7376750353422118,0.27175839859195705,0.6633743294216419,0.023575481362366958,4,0.5795797183531971,696,4.815618347789586e-05,0.2444759825412168,14,0.8929047709719705,0.9398761469267345,50.75011229200004,0.16265708895724673,0.27892389498600995,4503.707800885492,0.21604166119828047,0.4870084769773816,8027.698739427787,0.9271062958054249,0.25152893515091784,1.014601201628291,COMPLETE
22,0.2772086667686522,0.5311996214115268,0.659508101424631,0.3402127592948315,0.02605419971859532,6,0.19815229441016238,550,0.03548203850924012,1.209717679948839,10,0.979618404391986,0.9783493327203635,54.60232754100002,0.16057565280215538,0.2772086667686522,4445.661802472906,0.2146124589982938,0.49377331582441875,7974.592293959889,0.92656866370842,0.25038483108143356,1.007131707134124,COMPLETE
23,0.2818065318945015,0.854720555563774,0.887717035789717,0.5848280223534155,0.13125587628276958,3,3.93389284950658,902,1.2498862949860348e-05,0.852343942316303,27,0.8697210868764792,0.8893621203732099,59.14261383300004,0.16406203074634532,0.2818065318945015,4428.0330784448215,0.21821581873175436,0.4766314370199759,8108.486313426151,0.8994281480268136,0.2543628526509885,1.0257177669755577,COMPLETE
24,0.28011883394099246,0.44613732216914614,0.45445190781043177,0.18795363878587126,0.029994776907575,4,0.9317732397626209,335,1.9377489177521752,0.27970070687021364,12,0.9684973526072602,0.949614079621399,32.67473620800001,0.1590277645830928,0.28011883394099246,4394.514592979469,0.21606874147156227,0.48687986454940824,8028.704991066855,0.7955675227215571,0.2562003698777208,1.0285590210065922,COMPLETE
25,0.2840506922600473,0.8982649163161964,1.4568918172876362,0.49666741465589936,0.1407683705737382,5,3.8764267539781114,1147,2.121842512652403e-06,3.142305566567522,16,0.727370354109234,0.9713702664833697,50.842309374999786,0.16850623338222007,0.2840506922600473,4660.406918047457,0.2208131676236319,0.46409833259498845,8204.998876371328,0.9290035166085062,0.25295009854566164,1.0212902732774514,COMPLETE
26,0.27230862075791223,0.9203085098260343,0.3857502010220334,0.5878673633918825,0.037888301429828276,2,0.5170624112816136,970,1.4886792125984224e-05,0.5741911876785619,11,0.8397664861010107,0.8457043069421502,36.42491329199993,0.15282399763576637,0.27230862075791223,4120.135532551083,0.2092214529302675,0.5188864372147383,7774.272724222723,0.9292545536186774,0.25234867131057886,1.0170878320540264,COMPLETE
27,0.2760884306034027,0.7991923621560155,0.6542333608114137,0.5474448413491559,0.028700985091577882,2,0.1623715246723545,1177,1.3064958736605441e-05,0.5839161046494135,19,0.7944550785356392,0.8315886061739018,49.173084333999896,0.15721147307730693,0.2760884306034027,4288.617353466876,0.21290468650951105,0.5017978295154606,7911.134704440393,0.9999450895175378,0.25273497637556674,1.0170948873177408,COMPLETE
28,0.27412939217601445,0.8986283804452174,0.4509834941484843,0.4679740154931565,0.020844120648294624,2,1.006915681874015,793,1.597362429840037e-05,0.367558492211797,11,0.8580634563061615,0.7624214118942395,32.565869999999904,0.15294971553434977,0.27412939217601445,4207.543219683211,0.21065261155725729,0.5122819060377506,7827.451866810701,0.7870582165830419,0.2539071224750287,1.0197470103969064,COMPLETE
29,0.284045453200582,0.934728522377979,0.35577978676629973,0.589168200009606,0.02004889089213578,2,1.4456398574184954,716,2.5119393278976132e-05,17.144312007411973,16,0.9054092197154986,0.7431155972511412,34.07365458300001,0.15964558040989535,0.284045453200582,4542.271900654331,0.2190237247145158,0.47274890157757143,8138.506568794573,0.6541999012427322,0.2600869139442647,1.03917238954378,COMPLETE
30,0.27785999069178013,0.8670145457739517,0.7886465519971393,0.33939595148832324,0.033425836745448724,2,1.8315763090803128,1019,0.00028372647203987137,0.3695083924283561,10,0.8618372346928188,0.7702734010653065,33.678789709000284,0.1577246835492255,0.27785999069178013,4369.940975080993,0.21446458436216143,0.4944706872380008,7969.097552698,1.0,0.25358162531847483,1.0161969768004626,COMPLETE
31,0.2794905079549155,0.9562668084140409,0.28556581929216984,0.5274847757572079,0.018333409519907726,3,1.9350483574586475,486,0.00013088710480091203,0.07961942060809027,13,1.029361693550975,0.7632569681189505,33.39914624999983,0.15850976317700918,0.2794905079549155,4387.451004528356,0.21544551813710167,0.48983565764269,8005.547192942725,0.8015482843252795,0.25617995927125514,1.0296509613050864,COMPLETE
32,0.2780286526529126,0.9351757195457004,0.6089503484766507,0.5689275585613938,0.037157442940955944,2,0.7883914021884391,1016,3.0278814950850405e-05,6.251742576986178,10,0.7737984464086648,0.8503981856408411,34.270530333999886,0.15790010259856074,0.2780286526529126,4374.168358990803,0.21451985658787756,0.49421008168429137,7971.151363866855,0.8601110820970658,0.25403518426014016,1.0192735669645796,COMPLETE
33,0.28310716839018313,0.9292095733190702,0.9646331112462507,0.39508736809209327,0.03397418128110113,2,0.6862776560642238,544,1.8036592406257102e-06,0.03729167765429877,13,0.8639700980854739,0.8868158950274173,27.617803083000126,0.16015852880029818,0.28310716839018313,4406.587777150623,0.21834204311777183,0.47602578906772053,8113.176572420169,0.9034915613781611,0.25906050108964507,1.0383589703677838,COMPLETE
34,0.27280384233588884,0.9453927022123266,0.7964651271668721,0.6083513652853559,0.04325049085346742,3,0.5468815267415102,1173,6.842634736476937e-06,0.10897451870668004,11,0.833044040534077,0.8359091078953693,52.06106899999986,0.15637996477678298,0.27280384233588884,4280.268906364681,0.21045491994054683,0.5131968962206899,7820.106020951807,0.973979589824719,0.24939568958136812,1.006455216746354,COMPLETE
35,0.27979111968714593,0.8512273590760178,0.8509436819894283,0.4352463623225339,0.0319196354389723,5,0.1789452582483955,1129,1.1739458044619885e-05,0.05546806191930815,13,0.95709464347467,0.8113379919611655,90.45943070800013,0.16214605522549105,0.27979111968714593,4469.849154635369,0.21656271626700305,0.48453099954426504,8047.060158402054,0.9690664536059447,0.2529136136805715,1.018213577205747,COMPLETE
36,0.28454842278208337,0.8705214743188565,0.8084295714531242,0.6732087090016874,0.03805786201902623,4,0.4129809051261871,951,4.423834325200303e-06,0.0925388911463824,12,0.8115451780234305,0.7261667779417288,59.684934500000054,0.16396567104064613,0.28454842278208337,4532.992240570882,0.2199578796664002,0.46824176815670515,8173.217996618626,0.9553300183162488,0.25836217246273274,1.0402506021432685,COMPLETE
37,0.2785095628610537,0.847485721902864,0.5466702806145444,0.47983926724643433,0.10820121897500645,2,1.5094142820434222,1094,7.308762554612667e-06,0.04253504699771686,10,0.759788763550045,0.8899008784323643,35.040136583000276,0.1575365283217633,0.2785095628610537,4307.597180403333,0.21457778612214698,0.4939368749889085,7973.303915586051,0.9228104677379526,0.2557271069556269,1.0277185780800404,COMPLETE
38,0.2827493087624262,0.9144742992079476,0.9917006509518524,0.595117696137697,0.04540253323883212,2,0.24524282238581122,1144,6.222803153839642e-06,0.060884143270300645,10,0.898519063468668,0.8965173923906279,36.40758525000001,0.16052222790319548,0.2827493087624262,4424.725267744252,0.21811746949489458,0.47710309209724255,8104.831842152492,1.0,0.25852735707012653,1.0376528984002051,COMPLETE
39,0.28013706443381925,0.9429693095252683,0.5968376014350777,0.6670136941436031,0.05092596693379257,2,0.8153886188946368,817,7.853016299307518e-05,0.2795276254831812,14,0.9543546646584378,0.8598515784376954,33.41231720799988,0.15939500055571645,0.28013706443381925,4364.291385715373,0.215972441846407,0.4873371474018132,8025.126679480198,0.8865011470709595,0.25665849034964894,1.0331228797155267,COMPLETE
40,0.28390122691022107,0.9161339701816535,0.479836886425683,0.35259875845987293,0.017506657804300736,2,0.8411851454776942,746,1.0049541514202065e-05,0.2814801350472288,11,0.718681058730236,0.770184671844531,29.893882332999965,0.16039037016816254,0.28390122691022107,4430.0013313815325,0.21887344461750408,0.4734721854428757,8132.922445164663,0.787088284971417,0.260111129170868,1.042810491494,COMPLETE
41,0.2724871591072471,0.4711345903960203,0.6409117790631298,0.3983081762571081,0.030139119420596536,3,0.28532032980226474,759,0.021583419086963696,0.696265878052672,11,0.917076599905046,0.9580806512316333,35.75330737500008,0.15338774078627612,0.2724871591072471,4215.713972334617,0.20945699956536384,0.517802528551687,7783.025190831022,0.8688773773876847,0.25212063816753294,1.0166054108051619,COMPLETE
42,0.2821680201505931,0.4869121511465273,0.6022504029683622,0.5081086577966216,0.02493886467031464,2,0.34047707812333305,561,0.0023508181751228973,4.229126723920296,12,0.987895725049998,0.8983589257921629,25.670648291999896,0.15788700485827972,0.2821680201505931,4395.9544424831365,0.21724079711427452,0.48129796968732685,8072.256357749343,0.7617658309861496,0.2597088921452744,1.0394361605657079,COMPLETE
43,0.27898180703637787,0.5042791151844402,0.7206386617111866,0.48477032549779553,0.03634094165781485,4,0.41751117357908857,801,0.005402293050970672,0.39334462997497005,15,0.9108202192459409,0.9731769276486388,50.39552845800017,0.1586754889825616,0.27898180703637787,4370.155867678796,0.21505794856392774,0.4916694978913875,7991.145842033126,0.9176951877184826,0.2556954338898005,1.0293188014914614,COMPLETE
44,0.27802112551406855,0.5883730663356525,0.5216529712957878,0.17811452830383373,0.029785475287015382,3,0.15682985133908178,660,0.006370149213380021,2.6321148647669306,13,0.8228486133752322,0.9926363736255818,34.23459966600012,0.1584196273608462,0.27802112551406855,4351.203126007669,0.2143826532145011,0.4948568646144993,7966.053146507339,0.9104974960815084,0.25455388919826977,1.0249700093591636,COMPLETE
45,0.2808946722608317,0.7271459020358177,1.2937078203737606,0.4296566312203851,0.12677875887228132,3,4.607125860004601,1179,5.978949244884317e-05,8.773175844804728,29,0.9644615972968623,0.9591756309178959,75.6750621670003,0.1640260511848652,0.2808946722608317,4539.611402304078,0.21777070982149058,0.47876435684559226,8091.9469097851415,0.9566084544580697,0.25249584975736455,1.0167728199601413,COMPLETE
46,0.2817635963898151,0.8166496674650349,0.8784560690430029,0.5657435816691527,0.10560624663047004,4,6.439455468760358,861,1.0913419328565535e-06,2.5153572257952113,20,0.8775292386385084,0.8877829665130441,65.84072383399962,0.16409778058983812,0.2817635963898151,4529.907298691884,0.21836524791646747,0.4759144100404804,8114.038818767491,0.9403908733216203,0.2535933938933905,1.0205250949197555,COMPLETE
47,0.28036768103808896,0.8308419398928835,0.47072254586172707,0.3552942349985656,0.015912104144459274,3,1.2015207916976147,1056,8.58878644521913e-06,0.2085551246219861,21,0.9941509977469766,0.80242831688991,63.32368495899982,0.16215559416722256,0.28036768103808896,4389.234376237586,0.21680638439170768,0.4833703747708682,8056.114404174285,1.0,0.25424518658552514,1.024917568991895,COMPLETE
48,0.2754101294377978,0.940605053045535,0.37367149578991543,0.6379877781410218,0.028896282463074543,2,0.5074322384089305,1172,7.74387842559887e-06,1.5687427063283375,11,0.9221240784334209,0.7681764366289168,39.803688749999765,0.15501137242392282,0.2754101294377978,4199.181971518662,0.21174637189982198,0.5072040520386814,7868.093928506312,0.8757895676224399,0.2546550301519033,1.0262132480676425,COMPLETE
49,0.2803767376225572,0.9236933332061661,1.371474458760712,0.4967154216696765,0.044248619136388,4,0.4173607287857767,1170,1.1364317737242534e-05,0.1268402461178769,12,0.7471627165480998,0.8292038503685375,73.51468116599972,0.16334298879664585,0.2803767376225572,4484.816880647122,0.2170546359753827,0.48218657613939364,8065.338962596374,0.9664703606877475,0.25328840658869817,1.02250222288886,COMPLETE
50,0.27676086578729064,0.7840710706999228,0.3931157374126137,0.537193314322146,0.04189922897299354,2,0.162676930984362,799,7.972616970091531e-06,0.4233573795178027,10,0.8285241989172318,0.7935398186865191,28.83960904200012,0.1556700116454273,0.27676086578729064,4246.501675295243,0.2130733741360596,0.5010080504236101,7917.402816986324,0.9289598987645258,0.2547499666049241,1.0225864289938107,COMPLETE
51,0.2893201344722981,0.7651302804175905,0.5712250602915624,0.20408893473693623,0.04812795960237864,6,0.5516575742514738,635,1.661345277613846,2.23663261855238,10,0.8948499058982544,0.8981617405527503,43.92543795799975,0.1694264297833091,0.2893201344722981,4716.687673413801,0.22470706249452688,0.44503113690385976,8349.688630991659,0.8808928665922179,0.258452287911085,1.037434931459689,COMPLETE
