number,value,params_colsample_bytree,params_input_magnitude,params_leak_rate,params_learning_rate,params_max_depth,params_min_child_weight,params_n_estimators,params_reg_alpha,params_reg_lambda,params_res_size,params_spectral_radius,params_subsample,user_attrs_duration_seconds,user_attrs_mean_fold_nrmse_training_range,user_attrs_objective_J,user_attrs_pooled_mae,user_attrs_pooled_nrmse_range,user_attrs_pooled_r2,user_attrs_pooled_rmse,user_attrs_prediction_range_coverage,user_attrs_sd_fold_nrmse_training_range,user_attrs_worst_fold_nrmse_training_range,state
0,0.28364097243906655,0.85,1.0,0.1,0.05,3,1.0,500,0.0001,1.0,20,0.9,0.85,38.03447525000229,0.16427239154167703,0.28364097243906655,4479.29902845951,0.21951947709495181,0.47035937225698365,8156.92778781974,1.0,0.25648598137645895,1.0324911071855767,COMPLETE
1,0.2785346830351573,0.9,0.36,0.7,0.03,4,0.5,800,1e-05,0.3,11,0.83,0.9,46.423906375002844,0.1631904211189416,0.2785346830351573,4500.33687093188,0.21625984667332188,0.4859717897244966,8035.80609822718,0.9053499263720933,0.24909934544734189,1.0011149076407064,COMPLETE
2,0.27836909849561836,0.5101537197345953,1.7541346645212776,0.4231380536632351,0.17681300513212714,4,2.012701405986034,752,3.644652482792098e-05,26.03058711556135,22,1.0322213875194863,0.903411663656835,48.95107799999823,0.1627843931440316,0.27836909849561836,4446.295343512385,0.21609608806652544,0.48674997092021455,8029.721138714932,0.9273757937272034,0.24909204171637161,1.000336036358838,COMPLETE
3,0.28529926894303903,0.7131021406343739,0.7899784047141699,0.4475844222537138,0.07143279630406682,6,0.5799394006124057,1093,0.00036075238942410927,13.151745255049628,30,1.125449178202187,0.9272810084847992,140.44266579199757,0.1690198279432646,0.28529926894303903,4682.436665303435,0.2223269349684346,0.45672548326510376,8261.247602372867,0.932749071396373,0.25188933589841783,1.0091250324602967,COMPLETE
4,0.27858433096337387,0.46190385238702564,0.42547866177727733,0.2981539122032387,0.031472129490909696,4,2.942812956611264,244,0.3320354171981087,1.503639980987409,30,1.130335779337884,0.7034215894241039,38.20760520800104,0.16053171668708885,0.27858433096337387,4452.89977981531,0.21565407527553426,0.48884747358040803,8013.296780999065,0.9175627188120447,0.2517210227513584,1.009605378035119,COMPLETE
5,0.27517623262874863,0.4685405419424807,0.325809438161915,0.4347034430404555,0.029222957652901334,5,0.654533252884089,465,0.17224100572176346,0.0760879983147087,10,0.8473299663627378,0.6730559746322679,35.68248304200097,0.15844056946752866,0.27517623262874863,4352.969950188841,0.21282764701985019,0.5021583128610514,7908.272062991487,0.9731666708656969,0.24939434243559383,1.0022138510659366,COMPLETE
6,0.2746454900667291,0.5284843155722522,1.0946345278334146,0.6287838150293461,0.022216320269086976,3,2.0956110642565635,509,6.229214449152028e-06,0.6549011128488195,24,1.1297039860760172,0.80661873140401,35.646103082999616,0.15762542139676686,0.2746454900667291,4292.812131769881,0.21227378473219938,0.5047461058709369,7887.691589930273,0.9152922250078824,0.24948682133811906,1.0024994374745306,COMPLETE
7,0.3043034121028176,0.5419509151051711,1.3936367120404827,0.5830064493666736,0.026287193784865475,2,0.30818860485044414,264,0.0009188610205591764,19.93596046987143,16,0.9049725051969755,0.6594484165871501,19.451009958000213,0.1709057803995784,0.3043034121028176,4927.4333309904705,0.23482751554508466,0.3939155533918909,8725.745488478216,0.4514965047640152,0.27790358623093164,1.1075073073456967,COMPLETE
8,0.27681464591059785,0.4842821478352174,1.2759202394106268,0.6629370237759182,0.04437430121379882,5,3.8330978305221253,592,1.192727954368058e-06,0.01113877359577184,16,0.7534553065551853,0.7444506727469881,45.97817620799833,0.1617517248736521,0.27681464591059785,4411.289953899679,0.2146059111375022,0.4938042054690033,7974.348987860819,0.9999486494435071,0.24883493909238263,1.0024691777397374,COMPLETE
9,0.2772952109904684,0.4126131881725957,1.486431435864482,0.45399415041463154,0.034316545363493184,5,0.7673535139298574,593,0.011615402047821115,0.5740186338756653,26,0.821423458768402,0.9928912896472828,67.81356058399979,0.16238302337067065,0.2772952109904684,4471.396156792407,0.21516135550977822,0.49118053626475944,7994.988248188716,0.9565688638400646,0.24853542192276057,1.0002835532361785,COMPLETE
10,0.2746055690346881,0.9079162984049027,1.270372089820081,0.5896418084062283,0.02451535922520632,6,2.7183629280711386,501,0.05455678579102522,2.8367122121604833,29,0.7165300526154208,0.9733122105644979,106.76878579199911,0.16541514203300206,0.2746055690346881,4536.873073894661,0.2146832312939292,0.49343938617293215,7977.222058354902,0.9230647800972945,0.23968935096303565,0.9622761217113233,COMPLETE
11,0.276117362188779,0.7406016396526415,1.333761831990786,0.14225451474630063,0.015125570536383201,3,0.1793522910128987,607,0.8782834980356521,0.04802391368168541,11,0.7978701268883637,0.8851609042581579,29.384608791002393,0.15747223871417917,0.276117362188779,4334.207936411276,0.21319117656138264,0.5004561399681555,7921.780131880229,0.8114133300770311,0.25170474250958563,1.0104941058361652,COMPLETE
12,0.2812416999005032,0.8296965215361503,1.3689622025686385,0.24030212330313644,0.05010395899911748,6,1.0943330267885385,233,0.2836463359135307,1.996740471745755,14,1.120089966435645,0.7184465008263211,31.92967462500019,0.16640284501063138,0.2812416999005032,4637.995057905747,0.21885861042044386,0.4735435541069849,8132.371234512143,0.951706156377242,0.24953235792023737,1.0028324245929783,COMPLETE
13,0.28064362416456784,0.9682624065236451,1.6780070341189668,0.5269841662623533,0.016483972798629183,4,0.2408584719032223,476,0.18650211692173685,0.012388798808428476,23,1.0699383769576034,0.7858719614183703,49.18914479200248,0.16445724609642737,0.28064362416456784,4533.485024063286,0.21802049752718616,0.47756793400578956,8101.228547590624,0.9768589091080778,0.25049250654952676,1.0052441514178088,COMPLETE
14,0.2767004527489052,0.43281799994386194,1.2903284951238208,0.1157196055195172,0.031926282953907044,4,0.16295424914088455,484,0.004009185521788147,0.14278802245977804,24,1.025753470746726,0.9727008904237721,40.44711779099816,0.16007208161804837,0.2767004527489052,4369.099965604872,0.21400225876839163,0.4966478972782803,7951.918409722865,0.9793329038559841,0.2507927759220544,1.0107403642832464,COMPLETE
15,0.2814015806593405,0.7841789704109785,1.4713319100709423,0.24748569937757817,0.07283455816194946,2,1.5645667838968427,975,5.159238461810186e-06,0.016396969335196757,19,1.0517896413294643,0.8042733618001947,36.69832445800057,0.16355927103323414,0.2814015806593405,4451.679753383846,0.21806576244072745,0.4773509792017968,8102.910506002535,0.9920297298623333,0.25334327287445235,1.0185017084400891,COMPLETE
16,0.27711948886274196,0.4249865814732302,0.6766363474211439,0.2388322384887909,0.05577788612591106,4,1.6243776203330442,1155,2.9572112765464037e-06,0.05788669542294301,18,0.7689364816790225,0.9543784689085558,53.46173091699893,0.16148566455891356,0.27711948886274196,4376.482975719079,0.21461957222315348,0.4937397579971945,7974.856607916386,0.9614145457307772,0.249999666558354,1.0082860853839353,COMPLETE
17,0.2717156139539296,0.5061834701825624,0.5533574945732763,0.24593643088582218,0.0257493968443029,5,0.4594540211249762,589,0.6754322127583999,0.9808629966115734,10,0.992391635570085,0.9624730821282775,38.24038662500243,0.15743707102133112,0.2717156139539296,4322.549887352886,0.210259957598084,0.514098412922162,7812.861589752084,0.9294241062451112,0.24582262542338243,0.9902196279225924,COMPLETE
18,0.2831519164660848,0.8795178733836465,0.9992072015963969,0.5078523494012248,0.12914907740674908,3,6.735791815314738,1034,1.1125340813867696e-06,2.163538942994242,22,0.8663581220102856,0.929882622691781,53.31973179199849,0.16733811521723058,0.2831519164660848,4517.165329978454,0.21998786151514804,0.4680967932962341,8174.332065303636,0.9976250147666255,0.252656219803747,1.0192149403623052,COMPLETE
19,0.2780645929397026,0.8908359121888286,1.596002287913755,0.32207821381646706,0.043248536462696004,3,0.63970632072718,696,0.00010892527477706596,0.013429681385299028,19,1.1095039784807834,0.7720054922703937,40.72351337500004,0.16137586781061788,0.2780645929397026,4386.291346364688,0.21545794460556092,0.489776805418794,8006.008936962988,0.999909456215835,0.25042659333656675,1.006121272891708,COMPLETE
20,0.2763501162920164,0.5248656509757877,0.4747254331055538,0.2587757793572837,0.01844267690558953,4,0.6779755674270341,505,0.06437901598953918,1.4872434558632914,11,0.9014760734704571,0.9412668496156047,30.541396958000405,0.1588352553968421,0.2763501162920164,4340.020062846995,0.21349017597790473,0.49905394250675794,7932.890383605711,0.9377391922497245,0.2514397612564466,1.0125062493460035,COMPLETE
21,0.2766340406425848,0.9549940809957776,1.2994083930089795,0.612689467928585,0.041894466920316634,5,2.7026570136623085,217,0.4280673556008233,2.3899956007201744,29,0.80846693859914,0.9982053637180052,45.036780791997444,0.16599275359463328,0.2766340406425848,4539.773160839156,0.21581864800531503,0.48806702123286516,8019.4119917786775,0.951028188502421,0.243261570549079,0.9798559541886206,COMPLETE
22,0.2774961846622899,0.4535267664522253,0.8493021755350054,0.5851704927664336,0.015762433773159175,3,2.0583240480780627,466,1.0338917081840035e-06,1.0669201216204613,27,0.9841846562477177,0.7776930966809412,35.659915332998935,0.15703684668922321,0.2774961846622899,4324.759700519586,0.2139983481689854,0.4966662932565318,7951.773099259366,0.8167765356664524,0.25399134597321815,1.0184443182329799,COMPLETE
23,0.28283608385100345,0.9527904190521566,1.2905677452367217,0.66437540768079,0.017781502193026908,6,1.810893234916071,799,0.0048672432731034325,0.20269955683060065,28,0.7531847474561733,0.9628105471523605,141.55545870799688,0.17297994303698908,0.28283608385100345,4758.561363082375,0.22195204416644196,0.4585560928119483,8247.31737057458,0.9085263315040996,0.24353615873824608,0.9776218309156345,COMPLETE
24,0.2835079942797031,0.49288574072028823,1.1013571159562279,0.6986285646515705,0.030960149451056084,2,1.8431781550721984,535,1.928458765490647e-05,0.2639930044790753,18,1.140502869143145,0.8097133546312529,26.05963899999915,0.15902832989381696,0.2835079942797031,4395.052852317711,0.21830716943784123,0.47619315444898025,8111.880732558239,0.8106504140471626,0.26080329936744745,1.0447928247441032,COMPLETE
25,0.2789505082503813,0.581732321341889,0.4584179484954732,0.20251766834216928,0.02353515548764675,6,1.4166278189216468,814,0.21951943079908398,0.46173917307357076,14,1.1526392171732223,0.960220236753673,65.61862991599992,0.16390100010438302,0.2789505082503813,4537.625036062041,0.21655372863145014,0.4845737839298707,8046.726194896135,0.9793804093443705,0.24958711847572465,1.0052680052746978,COMPLETE
26,0.2816459951113041,0.8519916020892844,1.5099163684376566,0.6453137327353137,0.02660821492617441,5,1.2597862035456544,494,0.0001109552288628058,6.546697012552587,28,0.7231069712272599,0.9337699402554929,69.29727379199903,0.16777839546614284,0.2816459951113041,4618.347492220177,0.2195495389909483,0.4702143000120105,8158.044830908824,0.9368270982659997,0.24838582448142316,0.9978831371959902,COMPLETE
27,0.279296048414764,0.6946938140902119,1.2245639936031434,0.4056890512255006,0.03150957752548862,6,1.7264035488857885,980,1.6270442875973044,16.31309845105904,30,0.7823936751017602,0.8943643845186052,113.31532104200232,0.16538920253617057,0.279296048414764,4601.954125054226,0.2177174627035468,0.4790192203457273,8089.968347783607,0.8941757262734586,0.2463143428448688,0.9855905253223526,COMPLETE
28,0.28029377902254143,0.6107398960943505,0.32776124255141736,0.3055125936396416,0.03565182501975333,6,0.22030536529276565,512,0.2910689172826978,10.323540399198494,13,1.0092258361906299,0.9705280991693241,50.29632941699674,0.16435966076644212,0.28029377902254143,4498.799545158928,0.21756381921856627,0.4797542744618777,8084.259247030269,0.9486338564988059,0.2509198392159007,1.0097666805364556,COMPLETE
29,0.2804100345589454,0.6917674986434397,1.316023494099361,0.4921668556590515,0.02948328175858734,4,3.453528877467487,505,1.5652279002312012e-05,0.07876789056887483,23,1.0030470862512284,0.8136020331548945,43.366285666001204,0.1634776813972277,0.2804100345589454,4471.049902537976,0.21748436245536054,0.4801342042975847,8081.306784277077,1.0,0.2517026884143395,1.0114099744345582,COMPLETE
30,0.2777779591139341,0.889570054850586,0.39656315327215497,0.5706645925354886,0.042016339425759316,5,9.827130415553842,750,0.06442362968214578,3.479754821685446,24,0.7353563071846998,0.9378029101462678,72.2042613750018,0.1649315289862086,0.2777779591139341,4540.601738360385,0.21619925592474903,0.486259785775931,8033.554660827368,0.9652542604714304,0.2463148127567402,0.9917317640934634,COMPLETE
31,0.27471857431641966,0.4292137198411806,0.28083259470101063,0.5020557517752342,0.03814445580239875,4,0.5595659769382099,601,0.14096493059578308,0.1222483141962804,11,0.7769903835218586,0.6733998956712102,32.664861583001766,0.15740079047222205,0.27471857431641966,4306.289723748897,0.21219052630774024,0.5051345285161,7884.5978646489075,0.9281161680969946,0.25011219203471774,1.0057976955460906,COMPLETE
32,0.27718400549898775,0.5474494899018698,0.7684992015994259,0.4914284635557761,0.0779897022107994,3,0.22554462984894566,551,0.0007446222062784368,0.1945957991794062,12,0.7841058008082097,0.6940962589455034,26.57004679199963,0.15729870408791166,0.27718400549898775,4313.074413732199,0.2138685003351259,0.4972769237946586,7946.948199809835,0.9999911265491038,0.2532620206554475,1.0157161189643273,COMPLETE
33,0.276679985576339,0.7753737907678442,1.2912244502185197,0.5299285961937502,0.01552770156282429,6,2.7093929420770135,623,0.962766794977103,18.823970472115143,29,0.7316687479164107,0.9832924950579495,102.2323463749999,0.16243760432371915,0.276679985576339,4467.765931359106,0.21512382689105428,0.4913580181950109,7993.593755832234,0.8014328142595717,0.24622463474113876,0.9869341315927507,COMPLETE
34,0.2796082256341233,0.6255137296360218,0.33696464306305696,0.5328319416551156,0.04928545219910014,3,1.3668846938004693,731,0.13326163020916176,0.028048345122911954,12,0.7751071054753639,0.6761318479017302,31.928026083998702,0.15934626836669927,0.2796082256341233,4342.540320384348,0.2157503468158598,0.4883909978569573,8016.874049006668,0.9217660984097945,0.2554315152730539,1.0267618001043566,COMPLETE
35,0.2755795885093203,0.46563821513516507,0.40257436812183245,0.4055739388410087,0.02907122177980452,3,0.4316532569495316,888,0.025665257327326104,0.9401459992700527,13,0.8227304498616906,0.7835633438028191,35.0006259590009,0.1579451861745993,0.2755795885093203,4280.025540779597,0.2128539304200568,0.5020353421807113,7909.248704337124,0.9686345366655784,0.2509026323570539,1.0091883482386075,COMPLETE
36,0.27819471238400406,0.5466641073246227,1.2082078122917765,0.6090524780188387,0.02372194518594709,3,0.28063207661376965,518,7.716381060179369e-05,2.863805036918867,29,1.102481054523877,0.8412258166935672,41.133851041002345,0.159970000131581,0.27819471238400406,4402.4354742254945,0.2151859204516893,0.49106434593818626,7995.901034880505,0.8988292201331034,0.25203516772925916,1.011733802174314,COMPLETE
37,0.27345674610540854,0.7084790435820064,1.0842550113840428,0.21140423411062084,0.023850026395891816,6,0.5373442982873397,347,0.48174124138880325,0.12090879833004073,11,1.012875958813992,0.9615710001474627,35.7826827079989,0.16126845942915932,0.27345674610540854,4478.603466679741,0.2127563020833708,0.5024920338857286,7905.621020347843,0.9739327170972792,0.24280177608815107,0.9742622650067354,COMPLETE
38,0.27259265816346684,0.6757800889814185,1.0714735904872523,0.1853513051429343,0.02874994565129172,6,0.3480725053224472,231,0.5103330422581926,0.12036072329847176,11,0.86527518228635,0.9751302915239363,27.47094712499893,0.16068301795380818,0.27259265816346684,4471.70636753963,0.21190941721918727,0.5064448512446336,7874.15238360927,0.9200236234309951,0.2427329637771182,0.9759512386655504,COMPLETE
39,0.28447856377797937,0.7735759181726168,0.9819977755653474,0.1612321670038471,0.01902137343546315,5,0.459372876253096,224,0.003013695899422794,0.038864442338962524,14,1.0230472680870004,0.9764212579724745,27.860064583997882,0.16733601178609278,0.28447856377797937,4611.386698633838,0.2209584016306489,0.46339315053497987,8210.39549685918,0.8235134030977945,0.2540806485893219,1.0226479848482273,COMPLETE
40,0.27609125976431237,0.637732541467046,1.0054967980377665,0.34563861844032895,0.05623722602573618,6,0.39220080290435605,418,0.5870707961313845,0.19163687948667513,16,0.8191393688588344,0.9710895913265658,35.57527954199759,0.16398702521463773,0.27609125976431237,4523.974730977405,0.2150957253147925,0.4914908970867694,7992.549554509761,0.9243517206051981,0.24398213779807934,0.9798652239844126,COMPLETE
41,0.27662679008796665,0.67442066984556,1.1857470211782724,0.1040610261611501,0.022928264630415408,6,0.7152523269304536,381,0.259238198939167,0.8640944578978524,13,0.8395203094193138,0.9445708403205636,42.21860545800155,0.16303606795224487,0.27662679008796665,4562.746124211663,0.2149875171995307,0.4920023993110456,7988.5287459968795,0.9350324914830143,0.24655709155374375,0.9919758443569626,COMPLETE
42,0.2758960916217428,0.6818569118136013,1.00303127465685,0.1937212736965635,0.03188516273515362,5,2.5573884240926055,292,0.316582330610425,0.07377941993457826,11,1.1444255592462083,0.8428666015090301,25.974432792001608,0.16066968972741894,0.2758960916217428,4454.185239941257,0.21388258054289958,0.49721072724526383,7947.471393649249,0.9755846600578005,0.2480540443153727,0.9973641249239807,COMPLETE
43,0.2772248151243103,0.8215026561025656,1.2802150006064459,0.25402836949004803,0.03918256193190294,5,0.23081514060812772,717,0.17148851813317464,0.7172651447796681,16,1.0883125907828826,0.9748292548786224,51.60168416700253,0.16496222277314,0.2772248151243103,4535.00606728173,0.21581367403681273,0.4880906179812694,8019.227168534613,0.9863247372565849,0.24564456434999035,0.9898851213443874,COMPLETE
44,0.2924558232916461,0.9622405292844752,0.5368190432026207,0.5010577174633445,0.015113554414167308,6,4.90876234398255,232,0.0021084589210627175,2.7080742251440757,27,0.7309093586900737,0.9850033772331711,47.16622783400089,0.1734898959764606,0.2924558232916461,4803.293976247413,0.22768928533118463,0.4302027347995637,8460.502380403435,0.6959307962722476,0.25906615184184595,1.0415981136591557,COMPLETE
45,0.2788064400990746,0.7585426393649105,0.8885653257424615,0.2724722470788234,0.021370182832818132,6,0.8176701932493453,226,0.26902899186358703,0.033253766224660676,10,0.8095614691033514,0.94899546035935,27.37785674999759,0.1624425143662988,0.2788064400990746,4513.945509816791,0.2164119273324276,0.4852485742286198,8041.457127332505,0.8790707849904387,0.24957805106658817,1.0002710963218688,COMPLETE
46,0.27785312241756205,0.5712332417299372,1.0141542635664786,0.24734659817994856,0.015292670752906827,6,0.6666339450084691,472,0.02278483757437815,0.15649650171006602,10,1.079923754519835,0.9528011266662382,43.71899562500039,0.16112863629620197,0.27785312241756205,4469.447880706975,0.21530415525419533,0.49050491865017387,8000.294416091191,0.9693564142949881,0.25019586865346694,1.0045872503154307,COMPLETE
47,0.2748653954959049,0.5803995146920519,0.9186563996664353,0.45563712312675775,0.016596436043997232,4,7.506816809073946,441,1.4852426847399072e-05,0.8430247445706422,24,1.1225188173582445,0.8229293247014003,38.05022912500135,0.15897614957292375,0.2748653954959049,4393.040931461918,0.2127898866667366,0.5023349535420221,7906.868959824213,0.8383881888430222,0.2483020353166732,0.9979391398517309,COMPLETE
48,0.28074810789299753,0.4641436882720165,0.4477281460766863,0.4048595002543581,0.03497715160090457,5,0.16026964689152476,688,0.1934629383661303,0.024364383492582877,12,0.8689485047435311,0.9480434367039112,41.38176850000309,0.16226398942310172,0.28074810789299753,4481.710101148196,0.21727558957308887,0.4811318096986945,8073.549179588504,0.9871072451492379,0.2538900732796347,1.020838794763965,COMPLETE
49,0.2850826173395815,0.720842294644515,1.1757380863566922,0.147666955483022,0.022530427895923594,6,0.6823634681758843,341,2.196050371283973,0.048927449393274945,16,1.0809906779006433,0.9604853170243947,39.907781292000436,0.16787244790647002,0.2850826173395815,4657.501225640843,0.2218223900395006,0.4591884810687197,8242.49966890706,0.802071793750989,0.25304090920032357,1.014077309547327,COMPLETE
50,0.2808023269753376,0.6959471939359173,0.9250918105050443,0.3055726779568129,0.021279768769896713,5,0.30731464714672685,476,2.33127522247996,1.1906566391736684,11,1.0094256470441008,0.8754838708189006,35.10165454199887,0.16135148085282297,0.2808023269753376,4481.509602876113,0.21729951980085943,0.48101750953482625,8074.438381505589,0.8038080706696528,0.2540112286979126,1.0179751058950022,COMPLETE
51,0.2743767803278063,0.4201196310903173,0.2665028792958012,0.5659584659716845,0.01780187405928853,5,0.4791146328509455,683,0.039404688536766416,0.10108929159030501,15,0.7337321433618534,0.7532727014472439,54.816065541999706,0.15789188014313746,0.2743767803278063,4318.5521163532785,0.21208803621950192,0.5056124627375991,7880.7895271847765,0.9742584885200067,0.24915497643321752,1.0024687334694942,COMPLETE
